//----------------------------------------------------------------------------//
// Generated by LegUp High-Level Synthesis Tool Version 4.0 (http://legup.org)
// Compiled: Sun Jun 19 18:41:14 2016
// University of Toronto
// For research and academic purposes only. Commercial use is prohibited.
// Please send bugs to: legup@eecg.toronto.edu
// Date: Sun Apr 23 10:50:58 2017
//----------------------------------------------------------------------------//

--------------------------------------------------------------------------------
Function: main
--------------------------------------------------------------------------------
Function unit type:           Number Required               
in_i_local_mem_dual_port      1                             
indata_local_mem_dual_port    2                             
mem_dual_port                 2                             
outData_local_mem_dual_port   1                             
--------------------------------------------------------------------------------
Function: sha_transform
--------------------------------------------------------------------------------
Function unit type:           Number Required               
mem_dual_port                 2                             
sha_transform_0_W_local_mem_dual_port2                             

Running Bipartite Weighted Matching on function: sha_transform
State: LEGUP_F_sha_transform_BB__1
Binding functional unit type: mem_dual_port
Weight matrix for operation/function unit matching:
                                                  sha_transform_mem_dual_port_0 sha_transform_mem_dual_port_1 
  %2 = load i32* %scevgep27, a... (idx: 0)        10                            10                            
Solving Bipartite Weighted Matching (minimize weights)...
Assignment matrix after operation/function unit matching:
                                                  sha_transform_mem_dual_port_0 sha_transform_mem_dual_port_1 
  %2 = load i32* %scevgep27, a... (idx: 0)        1                             0                             
Checking that every operator was assigned to a functional unit...yes
Binding operator -> functional unit assignments:
  %2 = load i32* %scevgep27, a... (idx: 0) -> sha_transform_mem_dual_port_0 (mux inputs: 1)
State: LEGUP_F_sha_transform_BB__1
Binding functional unit type: sha_transform_0_W_local_mem_dual_port
Weight matrix for operation/function unit matching:
                                                  sha_transform_sha_transform_0_W_local_mem_dual_port_0sha_transform_sha_transform_0_W_local_mem_dual_port_1
  store i32 %2, i32* %scevgep2... (idx: 0)        20                            20                            
Solving Bipartite Weighted Matching (minimize weights)...
Assignment matrix after operation/function unit matching:
                                                  sha_transform_sha_transform_0_W_local_mem_dual_port_0sha_transform_sha_transform_0_W_local_mem_dual_port_1
  store i32 %2, i32* %scevgep2... (idx: 0)        1                             0                             
Checking that every operator was assigned to a functional unit...yes
Binding operator -> functional unit assignments:
  store i32 %2, i32* %scevgep2... (idx: 0) -> sha_transform_sha_transform_0_W_local_mem_dual_port_0 (mux inputs: 2)
State: LEGUP_F_sha_transform_BB_preheader3
Binding functional unit type: sha_transform_0_W_local_mem_dual_port
Weight matrix for operation/function unit matching:
  %8 = load i32* %scevgep24, a... can share an output register with another operation already assigned to sha_transform_sha_transform_0_W_local_mem_dual_port_0
  %9 = load i32* %scevgep23, a... can share an output register with another operation already assigned to sha_transform_sha_transform_0_W_local_mem_dual_port_0
                                                  sha_transform_sha_transform_0_W_local_mem_dual_port_0sha_transform_sha_transform_0_W_local_mem_dual_port_1
  %8 = load i32* %scevgep24, a... (idx: 0)        7                             10                            
  %9 = load i32* %scevgep23, a... (idx: 1)        7                             10                            
Solving Bipartite Weighted Matching (minimize weights)...
Assignment matrix after operation/function unit matching:
                                                  sha_transform_sha_transform_0_W_local_mem_dual_port_0sha_transform_sha_transform_0_W_local_mem_dual_port_1
  %8 = load i32* %scevgep24, a... (idx: 0)        1                             0                             
  %9 = load i32* %scevgep23, a... (idx: 1)        0                             1                             
Checking that every operator was assigned to a functional unit...yes
Binding operator -> functional unit assignments:
  %8 = load i32* %scevgep24, a... (idx: 0) -> sha_transform_sha_transform_0_W_local_mem_dual_port_0 (mux inputs: 3)
  %9 = load i32* %scevgep23, a... (idx: 1) -> sha_transform_sha_transform_0_W_local_mem_dual_port_1 (mux inputs: 1)
State: LEGUP_F_sha_transform_BB_preheader3
Binding functional unit type: sha_transform_0_W_local_mem_dual_port
Weight matrix for operation/function unit matching:
  %11 = load i32* %scevgep22, ... can share an output register with another operation already assigned to sha_transform_sha_transform_0_W_local_mem_dual_port_0
  %11 = load i32* %scevgep22, ... can share an output register with another operation already assigned to sha_transform_sha_transform_0_W_local_mem_dual_port_1
  %13 = load i32* %scevgep21, ... can share an output register with another operation already assigned to sha_transform_sha_transform_0_W_local_mem_dual_port_0
  %13 = load i32* %scevgep21, ... can share an output register with another operation already assigned to sha_transform_sha_transform_0_W_local_mem_dual_port_1
                                                  sha_transform_sha_transform_0_W_local_mem_dual_port_0sha_transform_sha_transform_0_W_local_mem_dual_port_1
  %11 = load i32* %scevgep22, ... (idx: 0)        8                             6                             
  %13 = load i32* %scevgep21, ... (idx: 1)        8                             6                             
Solving Bipartite Weighted Matching (minimize weights)...
Assignment matrix after operation/function unit matching:
                                                  sha_transform_sha_transform_0_W_local_mem_dual_port_0sha_transform_sha_transform_0_W_local_mem_dual_port_1
  %11 = load i32* %scevgep22, ... (idx: 0)        1                             0                             
  %13 = load i32* %scevgep21, ... (idx: 1)        0                             1                             
Checking that every operator was assigned to a functional unit...yes
Binding operator -> functional unit assignments:
  %11 = load i32* %scevgep22, ... (idx: 0) -> sha_transform_sha_transform_0_W_local_mem_dual_port_0 (mux inputs: 4)
  %13 = load i32* %scevgep21, ... (idx: 1) -> sha_transform_sha_transform_0_W_local_mem_dual_port_1 (mux inputs: 2)
State: LEGUP_F_sha_transform_BB_preheader3
Binding functional unit type: sha_transform_0_W_local_mem_dual_port
Weight matrix for operation/function unit matching:
  store i32 %14, i32* %scevgep... can share an output register with another operation already assigned to sha_transform_sha_transform_0_W_local_mem_dual_port_0
  store i32 %14, i32* %scevgep... can share an output register with another operation already assigned to sha_transform_sha_transform_0_W_local_mem_dual_port_1
                                                  sha_transform_sha_transform_0_W_local_mem_dual_port_0sha_transform_sha_transform_0_W_local_mem_dual_port_1
  store i32 %14, i32* %scevgep... (idx: 0)        19                            17                            
Solving Bipartite Weighted Matching (minimize weights)...
Assignment matrix after operation/function unit matching:
                                                  sha_transform_sha_transform_0_W_local_mem_dual_port_0sha_transform_sha_transform_0_W_local_mem_dual_port_1
  store i32 %14, i32* %scevgep... (idx: 0)        0                             1                             
Checking that every operator was assigned to a functional unit...yes
Binding operator -> functional unit assignments:
  store i32 %14, i32* %scevgep... (idx: 0) -> sha_transform_sha_transform_0_W_local_mem_dual_port_1 (mux inputs: 4)
State: LEGUP_F_sha_transform_BB__15
Binding functional unit type: mem_dual_port
Weight matrix for operation/function unit matching:
  %16 = load i32* getelementpt... can share an output register with another operation already assigned to sha_transform_mem_dual_port_0
  %17 = load i32* getelementpt... can share an output register with another operation already assigned to sha_transform_mem_dual_port_0
                                                  sha_transform_mem_dual_port_0 sha_transform_mem_dual_port_1 
  %16 = load i32* getelementpt... (idx: 0)        -4                            0                             
  %17 = load i32* getelementpt... (idx: 1)        -4                            0                             
Solving Bipartite Weighted Matching (minimize weights)...
Assignment matrix after operation/function unit matching:
                                                  sha_transform_mem_dual_port_0 sha_transform_mem_dual_port_1 
  %16 = load i32* getelementpt... (idx: 0)        1                             0                             
  %17 = load i32* getelementpt... (idx: 1)        0                             1                             
Checking that every operator was assigned to a functional unit...yes
Binding operator -> functional unit assignments:
  %16 = load i32* getelementpt... (idx: 0) -> sha_transform_mem_dual_port_0 (mux inputs: 1)
  %17 = load i32* getelementpt... (idx: 1) -> sha_transform_mem_dual_port_1 (mux inputs: 0)
State: LEGUP_F_sha_transform_BB__15
Binding functional unit type: mem_dual_port
Weight matrix for operation/function unit matching:
  %18 = load i32* getelementpt... can share an output register with another operation already assigned to sha_transform_mem_dual_port_0
  %19 = load i32* getelementpt... can share an output register with another operation already assigned to sha_transform_mem_dual_port_0
                                                  sha_transform_mem_dual_port_0 sha_transform_mem_dual_port_1 
  %18 = load i32* getelementpt... (idx: 0)        -4                            0                             
  %19 = load i32* getelementpt... (idx: 1)        -4                            0                             
Solving Bipartite Weighted Matching (minimize weights)...
Assignment matrix after operation/function unit matching:
                                                  sha_transform_mem_dual_port_0 sha_transform_mem_dual_port_1 
  %18 = load i32* getelementpt... (idx: 0)        1                             0                             
  %19 = load i32* getelementpt... (idx: 1)        0                             1                             
Checking that every operator was assigned to a functional unit...yes
Binding operator -> functional unit assignments:
  %18 = load i32* getelementpt... (idx: 0) -> sha_transform_mem_dual_port_0 (mux inputs: 1)
  %19 = load i32* getelementpt... (idx: 1) -> sha_transform_mem_dual_port_1 (mux inputs: 0)
State: LEGUP_F_sha_transform_BB__15
Binding functional unit type: mem_dual_port
Weight matrix for operation/function unit matching:
  %20 = load i32* getelementpt... can share an output register with another operation already assigned to sha_transform_mem_dual_port_0
                                                  sha_transform_mem_dual_port_0 sha_transform_mem_dual_port_1 
  %20 = load i32* getelementpt... (idx: 0)        -4                            0                             
Solving Bipartite Weighted Matching (minimize weights)...
Assignment matrix after operation/function unit matching:
                                                  sha_transform_mem_dual_port_0 sha_transform_mem_dual_port_1 
  %20 = load i32* getelementpt... (idx: 0)        1                             0                             
Checking that every operator was assigned to a functional unit...yes
Binding operator -> functional unit assignments:
  %20 = load i32* getelementpt... (idx: 0) -> sha_transform_mem_dual_port_0 (mux inputs: 1)
State: LEGUP_F_sha_transform_BB__21
Binding functional unit type: sha_transform_0_W_local_mem_dual_port
Weight matrix for operation/function unit matching:
  %29 = load i32* %scevgep16, ... can share an output register with another operation already assigned to sha_transform_sha_transform_0_W_local_mem_dual_port_0
  %29 = load i32* %scevgep16, ... can share an output register with another operation already assigned to sha_transform_sha_transform_0_W_local_mem_dual_port_1
                                                  sha_transform_sha_transform_0_W_local_mem_dual_port_0sha_transform_sha_transform_0_W_local_mem_dual_port_1
  %29 = load i32* %scevgep16, ... (idx: 0)        9                             9                             
Solving Bipartite Weighted Matching (minimize weights)...
Assignment matrix after operation/function unit matching:
                                                  sha_transform_sha_transform_0_W_local_mem_dual_port_0sha_transform_sha_transform_0_W_local_mem_dual_port_1
  %29 = load i32* %scevgep16, ... (idx: 0)        1                             0                             
Checking that every operator was assigned to a functional unit...yes
Binding operator -> functional unit assignments:
  %29 = load i32* %scevgep16, ... (idx: 0) -> sha_transform_sha_transform_0_W_local_mem_dual_port_0 (mux inputs: 5)
State: LEGUP_F_sha_transform_BB_preheader2
Binding functional unit type: sha_transform_0_W_local_mem_dual_port
Weight matrix for operation/function unit matching:
  %44 = load i32* %scevgep14, ... can share an output register with another operation already assigned to sha_transform_sha_transform_0_W_local_mem_dual_port_0
  %44 = load i32* %scevgep14, ... can share an output register with another operation already assigned to sha_transform_sha_transform_0_W_local_mem_dual_port_1
                                                  sha_transform_sha_transform_0_W_local_mem_dual_port_0sha_transform_sha_transform_0_W_local_mem_dual_port_1
  %44 = load i32* %scevgep14, ... (idx: 0)        10                            9                             
Solving Bipartite Weighted Matching (minimize weights)...
Assignment matrix after operation/function unit matching:
                                                  sha_transform_sha_transform_0_W_local_mem_dual_port_0sha_transform_sha_transform_0_W_local_mem_dual_port_1
  %44 = load i32* %scevgep14, ... (idx: 0)        0                             1                             
Checking that every operator was assigned to a functional unit...yes
Binding operator -> functional unit assignments:
  %44 = load i32* %scevgep14, ... (idx: 0) -> sha_transform_sha_transform_0_W_local_mem_dual_port_1 (mux inputs: 5)
State: LEGUP_F_sha_transform_BB_preheader1
Binding functional unit type: sha_transform_0_W_local_mem_dual_port
Weight matrix for operation/function unit matching:
  %60 = load i32* %scevgep10, ... can share an output register with another operation already assigned to sha_transform_sha_transform_0_W_local_mem_dual_port_0
  %60 = load i32* %scevgep10, ... can share an output register with another operation already assigned to sha_transform_sha_transform_0_W_local_mem_dual_port_1
                                                  sha_transform_sha_transform_0_W_local_mem_dual_port_0sha_transform_sha_transform_0_W_local_mem_dual_port_1
  %60 = load i32* %scevgep10, ... (idx: 0)        10                            10                            
Solving Bipartite Weighted Matching (minimize weights)...
Assignment matrix after operation/function unit matching:
                                                  sha_transform_sha_transform_0_W_local_mem_dual_port_0sha_transform_sha_transform_0_W_local_mem_dual_port_1
  %60 = load i32* %scevgep10, ... (idx: 0)        1                             0                             
Checking that every operator was assigned to a functional unit...yes
Binding operator -> functional unit assignments:
  %60 = load i32* %scevgep10, ... (idx: 0) -> sha_transform_sha_transform_0_W_local_mem_dual_port_0 (mux inputs: 6)
State: LEGUP_F_sha_transform_BB_preheader
Binding functional unit type: sha_transform_0_W_local_mem_dual_port
Weight matrix for operation/function unit matching:
  %74 = load i32* %scevgep, al... can share an output register with another operation already assigned to sha_transform_sha_transform_0_W_local_mem_dual_port_0
  %74 = load i32* %scevgep, al... can share an output register with another operation already assigned to sha_transform_sha_transform_0_W_local_mem_dual_port_1
                                                  sha_transform_sha_transform_0_W_local_mem_dual_port_0sha_transform_sha_transform_0_W_local_mem_dual_port_1
  %74 = load i32* %scevgep, al... (idx: 0)        11                            10                            
Solving Bipartite Weighted Matching (minimize weights)...
Assignment matrix after operation/function unit matching:
                                                  sha_transform_sha_transform_0_W_local_mem_dual_port_0sha_transform_sha_transform_0_W_local_mem_dual_port_1
  %74 = load i32* %scevgep, al... (idx: 0)        0                             1                             
Checking that every operator was assigned to a functional unit...yes
Binding operator -> functional unit assignments:
  %74 = load i32* %scevgep, al... (idx: 0) -> sha_transform_sha_transform_0_W_local_mem_dual_port_1 (mux inputs: 6)
State: LEGUP_F_sha_transform_BB__82
Binding functional unit type: mem_dual_port
Weight matrix for operation/function unit matching:
  store i32 %83, i32* geteleme... can share an output register with another operation already assigned to sha_transform_mem_dual_port_0
  store i32 %83, i32* geteleme... can share an output register with another operation already assigned to sha_transform_mem_dual_port_1
  store i32 %84, i32* geteleme... can share an output register with another operation already assigned to sha_transform_mem_dual_port_0
  store i32 %84, i32* geteleme... can share an output register with another operation already assigned to sha_transform_mem_dual_port_1
                                                  sha_transform_mem_dual_port_0 sha_transform_mem_dual_port_1 
  store i32 %83, i32* geteleme... (idx: 0)        6                             5                             
  store i32 %84, i32* geteleme... (idx: 1)        6                             5                             
Solving Bipartite Weighted Matching (minimize weights)...
Assignment matrix after operation/function unit matching:
                                                  sha_transform_mem_dual_port_0 sha_transform_mem_dual_port_1 
  store i32 %83, i32* geteleme... (idx: 0)        1                             0                             
  store i32 %84, i32* geteleme... (idx: 1)        0                             1                             
Checking that every operator was assigned to a functional unit...yes
Binding operator -> functional unit assignments:
  store i32 %83, i32* geteleme... (idx: 0) -> sha_transform_mem_dual_port_0 (mux inputs: 2)
  store i32 %84, i32* geteleme... (idx: 1) -> sha_transform_mem_dual_port_1 (mux inputs: 1)
State: LEGUP_F_sha_transform_BB__82
Binding functional unit type: mem_dual_port
Weight matrix for operation/function unit matching:
  store i32 %85, i32* geteleme... can share an output register with another operation already assigned to sha_transform_mem_dual_port_0
  store i32 %85, i32* geteleme... can share an output register with another operation already assigned to sha_transform_mem_dual_port_1
  store i32 %86, i32* geteleme... can share an output register with another operation already assigned to sha_transform_mem_dual_port_0
  store i32 %86, i32* geteleme... can share an output register with another operation already assigned to sha_transform_mem_dual_port_1
                                                  sha_transform_mem_dual_port_0 sha_transform_mem_dual_port_1 
  store i32 %85, i32* geteleme... (idx: 0)        7                             6                             
  store i32 %86, i32* geteleme... (idx: 1)        7                             6                             
Solving Bipartite Weighted Matching (minimize weights)...
Assignment matrix after operation/function unit matching:
                                                  sha_transform_mem_dual_port_0 sha_transform_mem_dual_port_1 
  store i32 %85, i32* geteleme... (idx: 0)        1                             0                             
  store i32 %86, i32* geteleme... (idx: 1)        0                             1                             
Checking that every operator was assigned to a functional unit...yes
Binding operator -> functional unit assignments:
  store i32 %85, i32* geteleme... (idx: 0) -> sha_transform_mem_dual_port_0 (mux inputs: 3)
  store i32 %86, i32* geteleme... (idx: 1) -> sha_transform_mem_dual_port_1 (mux inputs: 2)
State: LEGUP_F_sha_transform_BB__82
Binding functional unit type: mem_dual_port
Weight matrix for operation/function unit matching:
  store i32 %87, i32* geteleme... can share an output register with another operation already assigned to sha_transform_mem_dual_port_0
  store i32 %87, i32* geteleme... can share an output register with another operation already assigned to sha_transform_mem_dual_port_1
                                                  sha_transform_mem_dual_port_0 sha_transform_mem_dual_port_1 
  store i32 %87, i32* geteleme... (idx: 0)        8                             7                             
Solving Bipartite Weighted Matching (minimize weights)...
Assignment matrix after operation/function unit matching:
                                                  sha_transform_mem_dual_port_0 sha_transform_mem_dual_port_1 
  store i32 %87, i32* geteleme... (idx: 0)        0                             1                             
Checking that every operator was assigned to a functional unit...yes
Binding operator -> functional unit assignments:
  store i32 %87, i32* geteleme... (idx: 0) -> sha_transform_mem_dual_port_1 (mux inputs: 3)

Running Bipartite Weighted Matching on function: main
State: LEGUP_F_main_BB__0
Binding functional unit type: mem_dual_port
Weight matrix for operation/function unit matching:
                                                  main_mem_dual_port_0          main_mem_dual_port_1          
  store i32 1732584193, i32* g... (idx: 0)        0                             0                             
  store i32 -271733879, i32* g... (idx: 1)        0                             0                             
Solving Bipartite Weighted Matching (minimize weights)...
Assignment matrix after operation/function unit matching:
                                                  main_mem_dual_port_0          main_mem_dual_port_1          
  store i32 1732584193, i32* g... (idx: 0)        1                             0                             
  store i32 -271733879, i32* g... (idx: 1)        0                             1                             
Checking that every operator was assigned to a functional unit...yes
Binding operator -> functional unit assignments:
  store i32 1732584193, i32* g... (idx: 0) -> main_mem_dual_port_0 (mux inputs: 0)
  store i32 -271733879, i32* g... (idx: 1) -> main_mem_dual_port_1 (mux inputs: 0)
State: LEGUP_F_main_BB__0
Binding functional unit type: mem_dual_port
Weight matrix for operation/function unit matching:
  store i32 -1732584194, i32* ... can share an output register with another operation already assigned to main_mem_dual_port_0
  store i32 -1732584194, i32* ... can share an output register with another operation already assigned to main_mem_dual_port_1
  store i32 271733878, i32* ge... can share an output register with another operation already assigned to main_mem_dual_port_0
  store i32 271733878, i32* ge... can share an output register with another operation already assigned to main_mem_dual_port_1
                                                  main_mem_dual_port_0          main_mem_dual_port_1          
  store i32 -1732584194, i32* ... (idx: 0)        -5                            -5                            
  store i32 271733878, i32* ge... (idx: 1)        -5                            -5                            
Solving Bipartite Weighted Matching (minimize weights)...
Assignment matrix after operation/function unit matching:
                                                  main_mem_dual_port_0          main_mem_dual_port_1          
  store i32 -1732584194, i32* ... (idx: 0)        1                             0                             
  store i32 271733878, i32* ge... (idx: 1)        0                             1                             
Checking that every operator was assigned to a functional unit...yes
Binding operator -> functional unit assignments:
  store i32 -1732584194, i32* ... (idx: 0) -> main_mem_dual_port_0 (mux inputs: 0)
  store i32 271733878, i32* ge... (idx: 1) -> main_mem_dual_port_1 (mux inputs: 0)
State: LEGUP_F_main_BB__0
Binding functional unit type: mem_dual_port
Weight matrix for operation/function unit matching:
  store i32 -1009589776, i32* ... can share an output register with another operation already assigned to main_mem_dual_port_0
  store i32 -1009589776, i32* ... can share an output register with another operation already assigned to main_mem_dual_port_1
                                                  main_mem_dual_port_0          main_mem_dual_port_1          
  store i32 -1009589776, i32* ... (idx: 0)        -5                            -5                            
Solving Bipartite Weighted Matching (minimize weights)...
Assignment matrix after operation/function unit matching:
                                                  main_mem_dual_port_0          main_mem_dual_port_1          
  store i32 -1009589776, i32* ... (idx: 0)        1                             0                             
Checking that every operator was assigned to a functional unit...yes
Binding operator -> functional unit assignments:
  store i32 -1009589776, i32* ... (idx: 0) -> main_mem_dual_port_0 (mux inputs: 0)
State: LEGUP_F_main_BB_preheaderlrphii
Binding functional unit type: in_i_local_mem_dual_port
Weight matrix for operation/function unit matching:
                                                  main_in_i_local_mem_dual_port_0
  %1 = load i32* %scevgep35, a... (idx: 0)        10                            
Solving Bipartite Weighted Matching (minimize weights)...
Assignment matrix after operation/function unit matching:
                                                  main_in_i_local_mem_dual_port_0
  %1 = load i32* %scevgep35, a... (idx: 0)        1                             
Checking that every operator was assigned to a functional unit...yes
Binding operator -> functional unit assignments:
  %1 = load i32* %scevgep35, a... (idx: 0) -> main_in_i_local_mem_dual_port_0 (mux inputs: 1)
State: LEGUP_F_main_BB__9
Binding functional unit type: indata_local_mem_dual_port
Weight matrix for operation/function unit matching:
                                                  main_indata_local_mem_dual_port_0main_indata_local_mem_dual_port_1
  %15 = load i8* %p2.01.i.i.i,... (idx: 0)        10                            10                            
  %17 = load i8* %scevgep13, a... (idx: 1)        10                            10                            
Solving Bipartite Weighted Matching (minimize weights)...
Assignment matrix after operation/function unit matching:
                                                  main_indata_local_mem_dual_port_0main_indata_local_mem_dual_port_1
  %15 = load i8* %p2.01.i.i.i,... (idx: 0)        1                             0                             
  %17 = load i8* %scevgep13, a... (idx: 1)        0                             1                             
Checking that every operator was assigned to a functional unit...yes
Binding operator -> functional unit assignments:
  %15 = load i8* %p2.01.i.i.i,... (idx: 0) -> main_indata_local_mem_dual_port_0 (mux inputs: 1)
  %17 = load i8* %scevgep13, a... (idx: 1) -> main_indata_local_mem_dual_port_1 (mux inputs: 1)
State: LEGUP_F_main_BB__9
Binding functional unit type: indata_local_mem_dual_port
Weight matrix for operation/function unit matching:
  %21 = load i8* %scevgep11, a... can share an output register with another operation already assigned to main_indata_local_mem_dual_port_0
  %21 = load i8* %scevgep11, a... can share an output register with another operation already assigned to main_indata_local_mem_dual_port_1
  %25 = load i8* %scevgep10, a... can share an output register with another operation already assigned to main_indata_local_mem_dual_port_0
  %25 = load i8* %scevgep10, a... can share an output register with another operation already assigned to main_indata_local_mem_dual_port_1
                                                  main_indata_local_mem_dual_port_0main_indata_local_mem_dual_port_1
  %21 = load i8* %scevgep11, a... (idx: 0)        6                             6                             
  %25 = load i8* %scevgep10, a... (idx: 1)        6                             6                             
Solving Bipartite Weighted Matching (minimize weights)...
Assignment matrix after operation/function unit matching:
                                                  main_indata_local_mem_dual_port_0main_indata_local_mem_dual_port_1
  %21 = load i8* %scevgep11, a... (idx: 0)        1                             0                             
  %25 = load i8* %scevgep10, a... (idx: 1)        0                             1                             
Checking that every operator was assigned to a functional unit...yes
Binding operator -> functional unit assignments:
  %21 = load i8* %scevgep11, a... (idx: 0) -> main_indata_local_mem_dual_port_0 (mux inputs: 2)
  %25 = load i8* %scevgep10, a... (idx: 1) -> main_indata_local_mem_dual_port_1 (mux inputs: 2)
State: LEGUP_F_main_BB__9
Binding functional unit type: mem_dual_port
Weight matrix for operation/function unit matching:
  store i32 %28, i32* %p1.02.i... can share an output register with another operation already assigned to main_mem_dual_port_0
  store i32 %28, i32* %p1.02.i... can share an output register with another operation already assigned to main_mem_dual_port_1
                                                  main_mem_dual_port_0          main_mem_dual_port_1          
  store i32 %28, i32* %p1.02.i... (idx: 0)        15                            15                            
Solving Bipartite Weighted Matching (minimize weights)...
Assignment matrix after operation/function unit matching:
                                                  main_mem_dual_port_0          main_mem_dual_port_1          
  store i32 %28, i32* %p1.02.i... (idx: 0)        1                             0                             
Checking that every operator was assigned to a functional unit...yes
Binding operator -> functional unit assignments:
  store i32 %28, i32* %p1.02.i... (idx: 0) -> main_mem_dual_port_0 (mux inputs: 2)
State: LEGUP_F_main_BB_lrphi8preheaderii
Binding functional unit type: mem_dual_port
Weight matrix for operation/function unit matching:
  store i32 128, i32* geteleme... can share an output register with another operation already assigned to main_mem_dual_port_0
  store i32 128, i32* geteleme... can share an output register with another operation already assigned to main_mem_dual_port_1
                                                  main_mem_dual_port_0          main_mem_dual_port_1          
  store i32 128, i32* geteleme... (idx: 0)        -3                            -5                            
Solving Bipartite Weighted Matching (minimize weights)...
Assignment matrix after operation/function unit matching:
                                                  main_mem_dual_port_0          main_mem_dual_port_1          
  store i32 128, i32* geteleme... (idx: 0)        0                             1                             
Checking that every operator was assigned to a functional unit...yes
Binding operator -> functional unit assignments:
  store i32 128, i32* geteleme... (idx: 0) -> main_mem_dual_port_1 (mux inputs: 0)
State: LEGUP_F_main_BB_lrphi8ii
Binding functional unit type: mem_dual_port
Weight matrix for operation/function unit matching:
  store i32 0, i32* %p.11.i7.i... can share an output register with another operation already assigned to main_mem_dual_port_0
  store i32 0, i32* %p.11.i7.i... can share an output register with another operation already assigned to main_mem_dual_port_1
                                                  main_mem_dual_port_0          main_mem_dual_port_1          
  store i32 0, i32* %p.11.i7.i... (idx: 0)        7                             5                             
Solving Bipartite Weighted Matching (minimize weights)...
Assignment matrix after operation/function unit matching:
                                                  main_mem_dual_port_0          main_mem_dual_port_1          
  store i32 0, i32* %p.11.i7.i... (idx: 0)        0                             1                             
Checking that every operator was assigned to a functional unit...yes
Binding operator -> functional unit assignments:
  store i32 0, i32* %p.11.i7.i... (idx: 0) -> main_mem_dual_port_1 (mux inputs: 1)
State: LEGUP_F_main_BB_sha_streamexit
Binding functional unit type: mem_dual_port
Weight matrix for operation/function unit matching:
  store i32 0, i32* getelement... can share an output register with another operation already assigned to main_mem_dual_port_0
  store i32 0, i32* getelement... can share an output register with another operation already assigned to main_mem_dual_port_1
  store i32 131072, i32* getel... can share an output register with another operation already assigned to main_mem_dual_port_0
  store i32 131072, i32* getel... can share an output register with another operation already assigned to main_mem_dual_port_1
                                                  main_mem_dual_port_0          main_mem_dual_port_1          
  store i32 0, i32* getelement... (idx: 0)        -3                            -4                            
  store i32 131072, i32* getel... (idx: 1)        -3                            -4                            
Solving Bipartite Weighted Matching (minimize weights)...
Assignment matrix after operation/function unit matching:
                                                  main_mem_dual_port_0          main_mem_dual_port_1          
  store i32 0, i32* getelement... (idx: 0)        1                             0                             
  store i32 131072, i32* getel... (idx: 1)        0                             1                             
Checking that every operator was assigned to a functional unit...yes
Binding operator -> functional unit assignments:
  store i32 0, i32* getelement... (idx: 0) -> main_mem_dual_port_0 (mux inputs: 2)
  store i32 131072, i32* getel... (idx: 1) -> main_mem_dual_port_1 (mux inputs: 1)
State: LEGUP_F_main_BB__34
Binding functional unit type: mem_dual_port
Weight matrix for operation/function unit matching:
  %35 = load i32* %scevgep2, a... can share an output register with another operation already assigned to main_mem_dual_port_0
  %35 = load i32* %scevgep2, a... can share an output register with another operation already assigned to main_mem_dual_port_1
                                                  main_mem_dual_port_0          main_mem_dual_port_1          
  %35 = load i32* %scevgep2, a... (idx: 0)        7                             6                             
Solving Bipartite Weighted Matching (minimize weights)...
Assignment matrix after operation/function unit matching:
                                                  main_mem_dual_port_0          main_mem_dual_port_1          
  %35 = load i32* %scevgep2, a... (idx: 0)        0                             1                             
Checking that every operator was assigned to a functional unit...yes
Binding operator -> functional unit assignments:
  %35 = load i32* %scevgep2, a... (idx: 0) -> main_mem_dual_port_1 (mux inputs: 2)
State: LEGUP_F_main_BB__34
Binding functional unit type: outData_local_mem_dual_port
Weight matrix for operation/function unit matching:
                                                  main_outData_local_mem_dual_port_0
  %36 = load i32* %scevgep, al... (idx: 0)        10                            
Solving Bipartite Weighted Matching (minimize weights)...
Assignment matrix after operation/function unit matching:
                                                  main_outData_local_mem_dual_port_0
  %36 = load i32* %scevgep, al... (idx: 0)        1                             
Checking that every operator was assigned to a functional unit...yes
Binding operator -> functional unit assignments:
  %36 = load i32* %scevgep, al... (idx: 0) -> main_outData_local_mem_dual_port_0 (mux inputs: 1)

