//----------------------------------------------------------------------------//
// Generated by LegUp High-Level Synthesis Tool Version 4.0 (http://legup.org)
// Compiled: Sun Jun 19 18:41:14 2016
// University of Toronto
// For research and academic purposes only. Commercial use is prohibited.
// Please send bugs to: legup@eecg.toronto.edu
// Date: Sun Apr 23 10:50:58 2017
//----------------------------------------------------------------------------//

-------------------------- Datapath Operation Usage --------------------------

Operation "unknown" x 118 
Operation "bitwise_AND_32" x 4 
Operation "bitwise_OR_32" x 14 
Operation "bitwise_XOR_32" x 8 
Operation "signed_add_32" x 47 
Operation "signed_comp_eq_32" x 12 
Operation "signed_comp_gt_32" x 1 
Operation "signed_multiply_32" x 1 

----------------------------- General Information -----------------------------

Number of declared variables in main: 192
Critical path contains operation: signed_multiply_32

------------------------------ Resource Estimate ------------------------------

Fmax: 310 MHz
Note: Assuming only 87 DSPs available
Warning: These estimates don't account for binding yet!
Logic Elements: 5741
    Combinational: 2557
    Registers: 5645
DSP Elements: 2
