//----------------------------------------------------------------------------//
// Generated by LegUp High-Level Synthesis Tool Version 4.0 (http://legup.org)
// Compiled: Sun Jun 19 18:41:14 2016
// University of Toronto
// For research and academic purposes only. Commercial use is prohibited.
// Please send bugs to: legup@eecg.toronto.edu
// Date: Sun Apr 23 10:50:58 2017
//----------------------------------------------------------------------------//

-----------------Function: sha_transform---------------
-------------------------1---------------------------
-----------------Delay of path:8.35 ns---------------
-----------------State:LEGUP_F_sha_transform_BB__21_17-----------------
(0.00 ns) --- (0.00 ns) ---   %A.023 = phi i32 [ %16, %15 ], [ %33, %21 ]
(0.00 ns) --- (0.00 ns) ---   %22 = shl i32 %A.023, 5
(0.87 ns) --- (0.87 ns) ---   %24 = or i32 %22, %23
(2.50 ns) --- (3.36 ns) ---   %30 = add i32 %24, 1518500249
(2.50 ns) --- (5.86 ns) ---   %31 = add i32 %30, %E.027
(2.50 ns) --- (8.35 ns) ---   %32 = add i32 %31, %28

-----------------Function: sha_transform---------------
-------------------------2---------------------------
-----------------Delay of path:8.35 ns---------------
-----------------State:LEGUP_F_sha_transform_BB__21_17-----------------
(0.00 ns) --- (0.00 ns) ---   %A.023 = phi i32 [ %16, %15 ], [ %33, %21 ]
(0.00 ns) --- (0.00 ns) ---   %23 = lshr i32 %A.023, 27
(0.87 ns) --- (0.87 ns) ---   %24 = or i32 %22, %23
(2.50 ns) --- (3.36 ns) ---   %30 = add i32 %24, 1518500249
(2.50 ns) --- (5.86 ns) ---   %31 = add i32 %30, %E.027
(2.50 ns) --- (8.35 ns) ---   %32 = add i32 %31, %28

-----------------Function: sha_transform---------------
-------------------------3---------------------------
-----------------Delay of path:8.35 ns---------------
-----------------State:LEGUP_F_sha_transform_BB_preheader2_20-----------------
(0.00 ns) --- (0.00 ns) ---   %A.117 = phi i32 [ %33, %.preheader2.preheader ], [ %48, %.preheader2 ]
(0.00 ns) --- (0.00 ns) ---   %39 = shl i32 %A.117, 5
(0.87 ns) --- (0.87 ns) ---   %41 = or i32 %39, %40
(2.50 ns) --- (3.36 ns) ---   %45 = add i32 %41, 1859775393
(2.50 ns) --- (5.86 ns) ---   %46 = add i32 %45, %43
(2.50 ns) --- (8.35 ns) ---   %47 = add i32 %46, %E.121

-----------------Function: sha_transform---------------
-------------------------4---------------------------
-----------------Delay of path:8.35 ns---------------
-----------------State:LEGUP_F_sha_transform_BB_preheader2_20-----------------
(0.00 ns) --- (0.00 ns) ---   %A.117 = phi i32 [ %33, %.preheader2.preheader ], [ %48, %.preheader2 ]
(0.00 ns) --- (0.00 ns) ---   %40 = lshr i32 %A.117, 27
(0.87 ns) --- (0.87 ns) ---   %41 = or i32 %39, %40
(2.50 ns) --- (3.36 ns) ---   %45 = add i32 %41, 1859775393
(2.50 ns) --- (5.86 ns) ---   %46 = add i32 %45, %43
(2.50 ns) --- (8.35 ns) ---   %47 = add i32 %46, %E.121

-----------------Function: sha_transform---------------
-------------------------5---------------------------
-----------------Delay of path:8.35 ns---------------
-----------------State:LEGUP_F_sha_transform_BB_preheader1_24-----------------
(0.00 ns) --- (0.00 ns) ---   %A.211 = phi i32 [ %48, %.preheader1.preheader ], [ %64, %.preheader1 ]
(0.00 ns) --- (0.00 ns) ---   %53 = shl i32 %A.211, 5
(0.87 ns) --- (0.87 ns) ---   %55 = or i32 %53, %54
(2.50 ns) --- (3.36 ns) ---   %61 = add i32 %55, -1894007588
(2.50 ns) --- (5.86 ns) ---   %62 = add i32 %61, %E.215
(2.50 ns) --- (8.35 ns) ---   %63 = add i32 %62, %59

-----------------Function: sha_transform---------------
-------------------------6---------------------------
-----------------Delay of path:8.35 ns---------------
-----------------State:LEGUP_F_sha_transform_BB_preheader1_24-----------------
(0.00 ns) --- (0.00 ns) ---   %A.211 = phi i32 [ %48, %.preheader1.preheader ], [ %64, %.preheader1 ]
(0.00 ns) --- (0.00 ns) ---   %54 = lshr i32 %A.211, 27
(0.87 ns) --- (0.87 ns) ---   %55 = or i32 %53, %54
(2.50 ns) --- (3.36 ns) ---   %61 = add i32 %55, -1894007588
(2.50 ns) --- (5.86 ns) ---   %62 = add i32 %61, %E.215
(2.50 ns) --- (8.35 ns) ---   %63 = add i32 %62, %59

-----------------Function: sha_transform---------------
-------------------------7---------------------------
-----------------Delay of path:8.35 ns---------------
-----------------State:LEGUP_F_sha_transform_BB_preheader_28-----------------
(0.00 ns) --- (0.00 ns) ---   %A.35 = phi i32 [ %64, %.preheader.preheader ], [ %78, %.preheader ]
(0.00 ns) --- (0.00 ns) ---   %69 = shl i32 %A.35, 5
(0.87 ns) --- (0.87 ns) ---   %71 = or i32 %69, %70
(2.50 ns) --- (3.36 ns) ---   %75 = add i32 %71, -899497514
(2.50 ns) --- (5.86 ns) ---   %76 = add i32 %75, %73
(2.50 ns) --- (8.35 ns) ---   %77 = add i32 %76, %E.39

-----------------Function: sha_transform---------------
-------------------------8---------------------------
-----------------Delay of path:8.35 ns---------------
-----------------State:LEGUP_F_sha_transform_BB_preheader_28-----------------
(0.00 ns) --- (0.00 ns) ---   %A.35 = phi i32 [ %64, %.preheader.preheader ], [ %78, %.preheader ]
(0.00 ns) --- (0.00 ns) ---   %70 = lshr i32 %A.35, 27
(0.87 ns) --- (0.87 ns) ---   %71 = or i32 %69, %70
(2.50 ns) --- (3.36 ns) ---   %75 = add i32 %71, -899497514
(2.50 ns) --- (5.86 ns) ---   %76 = add i32 %75, %73
(2.50 ns) --- (8.35 ns) ---   %77 = add i32 %76, %E.39

-----------------Function: sha_transform---------------
-------------------------9---------------------------
-----------------Delay of path:6.81 ns---------------
-----------------State:LEGUP_F_sha_transform_BB_preheader2_20-----------------
(0.00 ns) --- (0.00 ns) ---   %C.119 = phi i32 [ %36, %.preheader2.preheader ], [ %51, %.preheader2 ]
(0.91 ns) --- (0.91 ns) ---   %42 = xor i32 %C.119, %B.118
(0.91 ns) --- (1.82 ns) ---   %43 = xor i32 %42, %D.120
(2.50 ns) --- (4.31 ns) ---   %46 = add i32 %45, %43
(2.50 ns) --- (6.81 ns) ---   %47 = add i32 %46, %E.121

-----------------Function: sha_transform---------------
-------------------------10---------------------------
-----------------Delay of path:6.81 ns---------------
-----------------State:LEGUP_F_sha_transform_BB_preheader2_20-----------------
(0.00 ns) --- (0.00 ns) ---   %B.118 = phi i32 [ %A.023, %.preheader2.preheader ], [ %A.117, %.preheader2 ]
(0.91 ns) --- (0.91 ns) ---   %42 = xor i32 %C.119, %B.118
(0.91 ns) --- (1.82 ns) ---   %43 = xor i32 %42, %D.120
(2.50 ns) --- (4.31 ns) ---   %46 = add i32 %45, %43
(2.50 ns) --- (6.81 ns) ---   %47 = add i32 %46, %E.121


-----------------Function: main---------------
-------------------------1---------------------------
-----------------Delay of path:4.99 ns---------------
-----------------State:LEGUP_F_main_BB__9_9-----------------
(0.00 ns) --- (0.00 ns) ---   %indvar4 = phi i32 [ %indvar.next5, %9 ], [ 0, %.preheader.i.i ]
(2.50 ns) --- (2.50 ns) ---   %indvar.next5 = add i32 %indvar4, 1
(2.49 ns) --- (4.99 ns) ---   %exitcond6 = icmp eq i32 %indvar.next5, 16
(0.00 ns) --- (4.99 ns) ---   br i1 %exitcond6, label %memcpy.exit.i.i, label %9

-----------------Function: main---------------
-------------------------2---------------------------
-----------------Delay of path:4.99 ns---------------
-----------------State:LEGUP_F_main_BB_sha_updateexiti_21-----------------
(2.50 ns) --- (2.50 ns) ---   %32 = add nsw i32 %j.02.i, 1
(2.49 ns) --- (4.99 ns) ---   %exitcond26 = icmp eq i32 %32, 2
(0.00 ns) --- (4.99 ns) ---   br i1 %exitcond26, label %.lr.ph.i8.preheader.i.i, label %.preheader.lr.ph.i.i

-----------------Function: main---------------
-------------------------3---------------------------
-----------------Delay of path:4.99 ns---------------
-----------------State:LEGUP_F_main_BB_lrphi8ii_24-----------------
(0.00 ns) --- (0.00 ns) ---   %indvar = phi i32 [ %indvar.next, %.lr.ph.i8.i.i ], [ 0, %.lr.ph.i8.preheader.i.i ]
(2.50 ns) --- (2.50 ns) ---   %indvar.next = add i32 %indvar, 1
(2.49 ns) --- (4.99 ns) ---   %exitcond = icmp eq i32 %indvar.next, 13
(0.00 ns) --- (4.99 ns) ---   br i1 %exitcond, label %sha_stream.exit, label %.lr.ph.i8.i.i

-----------------Function: main---------------
-------------------------4---------------------------
-----------------Delay of path:4.99 ns---------------
-----------------State:LEGUP_F_main_BB__34_31-----------------
(0.00 ns) --- (0.00 ns) ---   %i.01 = phi i32 [ 0, %sha_stream.exit ], [ %40, %34 ]
(2.50 ns) --- (2.50 ns) ---   %40 = add nsw i32 %i.01, 1
(2.49 ns) --- (4.99 ns) ---   %exitcond1 = icmp eq i32 %40, 5
(0.00 ns) --- (4.99 ns) ---   br i1 %exitcond1, label %41, label %34

-----------------Function: main---------------
-------------------------5---------------------------
-----------------Delay of path:4.99 ns---------------
-----------------State:LEGUP_F_main_BB__34_33-----------------
(2.49 ns) --- (2.49 ns) ---   %37 = icmp eq i32 %35, %36
(0.00 ns) --- (2.49 ns) ---   %38 = zext i1 %37 to i32
(2.50 ns) --- (4.99 ns) ---   %39 = add nsw i32 %38, %main_result.02

-----------------Function: main---------------
-------------------------6---------------------------
-----------------Delay of path:3.13 ns---------------
-----------------State:LEGUP_F_main_BB_memcpyexitii_14-----------------
(3.13 ns) --- (3.13 ns) ---   %29 = icmp sgt i32 %8, 63
(0.00 ns) --- (3.13 ns) ---   br i1 %29, label %.preheader.i.i, label %30

-----------------Function: main---------------
-------------------------7---------------------------
-----------------Delay of path:2.59 ns---------------
-----------------State:LEGUP_F_main_BB_preheaderii_7-----------------
(0.00 ns) --- (0.00 ns) ---   %indvar8 = phi i32 [ %indvar.next9, %memcpy.exit.i.i ], [ 0, %.preheader.lr.ph.i.i ]
(2.59 ns) --- (2.59 ns) ---   %7 = mul i32 %indvar8, -64

-----------------Function: main---------------
-------------------------8---------------------------
-----------------Delay of path:2.50 ns---------------
-----------------State:LEGUP_F_main_BB_preheaderlrphii_6-----------------
(2.50 ns) --- (2.50 ns) ---   %2 = add i32 %1, -64

-----------------Function: main---------------
-------------------------9---------------------------
-----------------Delay of path:2.50 ns---------------
-----------------State:LEGUP_F_main_BB_preheaderii_8-----------------
(2.50 ns) --- (2.50 ns) ---   %8 = add i32 %2, %7

-----------------Function: main---------------
-------------------------10---------------------------
-----------------Delay of path:2.50 ns---------------
-----------------State:LEGUP_F_main_BB__9_9-----------------
(0.00 ns) --- (0.00 ns) ---   %indvar4 = phi i32 [ %indvar.next5, %9 ], [ 0, %.preheader.i.i ]
(0.00 ns) --- (0.00 ns) ---   %10 = shl i32 %indvar4, 2
(2.50 ns) --- (2.50 ns) ---   %11 = add i32 %4, %10


