//----------------------------------------------------------------------------//
// Generated by LegUp High-Level Synthesis Tool Version 4.0 (http://legup.org)
// Compiled: Sun Jun 19 18:41:14 2016
// University of Toronto
// For research and academic purposes only. Commercial use is prohibited.
// Please send bugs to: legup@eecg.toronto.edu
// Date: Sat Apr 22 17:14:17 2017
//----------------------------------------------------------------------------//

--------------------------------------------------------------------------------
Function: main
--------------------------------------------------------------------------------
Function unit type:           Number Required               
a_input_local_mem_dual_port   1                             
b_input_local_mem_dual_port   1                             
countLeadingZeros32countLeadingZerosHigh_local_mem_dual_port1                             
unsigned_divide_64            1                             
z_output_local_mem_dual_port  1                             

Running Bipartite Weighted Matching on function: main
State: LEGUP_F_main_BB__1
Binding functional unit type: a_input_local_mem_dual_port
Weight matrix for operation/function unit matching:
                                                  main_a_input_local_mem_dual_port_0
  %4 = load i64* %scevgep5, al... (idx: 0)        10                            
Solving Bipartite Weighted Matching (minimize weights)...
Assignment matrix after operation/function unit matching:
                                                  main_a_input_local_mem_dual_port_0
  %4 = load i64* %scevgep5, al... (idx: 0)        1                             
Checking that every operator was assigned to a functional unit...yes
Binding operator -> functional unit assignments:
  %4 = load i64* %scevgep5, al... (idx: 0) -> main_a_input_local_mem_dual_port_0 (mux inputs: 1)
State: LEGUP_F_main_BB__1
Binding functional unit type: b_input_local_mem_dual_port
Weight matrix for operation/function unit matching:
                                                  main_b_input_local_mem_dual_port_0
  %5 = load i64* %scevgep4, al... (idx: 0)        10                            
Solving Bipartite Weighted Matching (minimize weights)...
Assignment matrix after operation/function unit matching:
                                                  main_b_input_local_mem_dual_port_0
  %5 = load i64* %scevgep4, al... (idx: 0)        1                             
Checking that every operator was assigned to a functional unit...yes
Binding operator -> functional unit assignments:
  %5 = load i64* %scevgep4, al... (idx: 0) -> main_b_input_local_mem_dual_port_0 (mux inputs: 1)
State: LEGUP_F_main_BB_normalizeFloat64Subnormalexit10i
Binding functional unit type: countLeadingZeros32countLeadingZerosHigh_local_mem_dual_port
Weight matrix for operation/function unit matching:
                                                  main_countLeadingZeros32countLeadingZerosHigh_local_mem_dual_port_0
  %77 = load i32* %76, align 4... (idx: 0)        10                            
Solving Bipartite Weighted Matching (minimize weights)...
Assignment matrix after operation/function unit matching:
                                                  main_countLeadingZeros32countLeadingZerosHigh_local_mem_dual_port_0
  %77 = load i32* %76, align 4... (idx: 0)        1                             
Checking that every operator was assigned to a functional unit...yes
Binding operator -> functional unit assignments:
  %77 = load i32* %76, align 4... (idx: 0) -> main_countLeadingZeros32countLeadingZerosHigh_local_mem_dual_port_0 (mux inputs: 1)
State: LEGUP_F_main_BB_normalizeFloat64Subnormalexiti
Binding functional unit type: countLeadingZeros32countLeadingZerosHigh_local_mem_dual_port
Weight matrix for operation/function unit matching:
  %104 = load i32* %103, align... can share an output register with another operation already assigned to main_countLeadingZeros32countLeadingZerosHigh_local_mem_dual_port_0
                                                  main_countLeadingZeros32countLeadingZerosHigh_local_mem_dual_port_0
  %104 = load i32* %103, align... (idx: 0)        6                             
Solving Bipartite Weighted Matching (minimize weights)...
Assignment matrix after operation/function unit matching:
                                                  main_countLeadingZeros32countLeadingZerosHigh_local_mem_dual_port_0
  %104 = load i32* %103, align... (idx: 0)        1                             
Checking that every operator was assigned to a functional unit...yes
Binding operator -> functional unit assignments:
  %104 = load i32* %103, align... (idx: 0) -> main_countLeadingZeros32countLeadingZerosHigh_local_mem_dual_port_0 (mux inputs: 2)
State: LEGUP_F_main_BB__131
Binding functional unit type: unsigned_divide_64
Weight matrix for operation/function unit matching:
                                                  main_unsigned_divide_64_0     
  %132 = udiv i64 %125, %128 (idx: 0)             20                            
Solving Bipartite Weighted Matching (minimize weights)...
Assignment matrix after operation/function unit matching:
                                                  main_unsigned_divide_64_0     
  %132 = udiv i64 %125, %128 (idx: 0)             1                             
Checking that every operator was assigned to a functional unit...yes
Binding operator -> functional unit assignments:
  %132 = udiv i64 %125, %128 (idx: 0) -> main_unsigned_divide_64_0 (mux inputs: 2)
State: LEGUP_F_main_BB__160
Binding functional unit type: unsigned_divide_64
Weight matrix for operation/function unit matching:
  %161 = udiv i64 %158, %128 can share an input with another operation already assigned to main_unsigned_divide_64_0
                                                  main_unsigned_divide_64_0     
  %161 = udiv i64 %158, %128 (idx: 0)             12                            
Solving Bipartite Weighted Matching (minimize weights)...
Assignment matrix after operation/function unit matching:
                                                  main_unsigned_divide_64_0     
  %161 = udiv i64 %158, %128 (idx: 0)             1                             
Checking that every operator was assigned to a functional unit...yes
Binding operator -> functional unit assignments:
  %161 = udiv i64 %158, %128 (idx: 0) -> main_unsigned_divide_64_0 (mux inputs: 3)
State: LEGUP_F_main_BB_float64_divexit
Binding functional unit type: z_output_local_mem_dual_port
Weight matrix for operation/function unit matching:
                                                  main_z_output_local_mem_dual_port_0
  %242 = load i64* %scevgep, a... (idx: 0)        10                            
Solving Bipartite Weighted Matching (minimize weights)...
Assignment matrix after operation/function unit matching:
                                                  main_z_output_local_mem_dual_port_0
  %242 = load i64* %scevgep, a... (idx: 0)        1                             
Checking that every operator was assigned to a functional unit...yes
Binding operator -> functional unit assignments:
  %242 = load i64* %scevgep, a... (idx: 0) -> main_z_output_local_mem_dual_port_0 (mux inputs: 1)

