//----------------------------------------------------------------------------//
// Generated by LegUp High-Level Synthesis Tool Version 4.0 (http://legup.org)
// Compiled: Sun Jun 19 18:41:14 2016
// University of Toronto
// For research and academic purposes only. Commercial use is prohibited.
// Please send bugs to: legup@eecg.toronto.edu
// Date: Sat Apr 22 17:14:18 2017
//----------------------------------------------------------------------------//

-------------------------- Datapath Operation Usage --------------------------

Operation "unknown" x 242 
Operation "bitwise_AND_64" x 1 
Operation "bitwise_OR_32" x 1 
Operation "bitwise_OR_64" x 7 
Operation "bitwise_XOR_32" x 1 
Operation "bitwise_XOR_64" x 1 
Operation "shift_ll_64" x 3 
Operation "shift_rl_32" x 5 
Operation "shift_rl_64" x 1 
Operation "signed_add_32" x 9 
Operation "signed_add_64" x 11 
Operation "signed_comp_eq_32" x 17 
Operation "signed_comp_eq_64" x 8 
Operation "signed_comp_eq_mux_32" x 7 
Operation "signed_comp_eq_mux_64" x 4 
Operation "signed_comp_gt_32" x 2 
Operation "signed_comp_lt_32" x 1 
Operation "signed_comp_lt_64" x 5 
Operation "signed_multiply_64" x 6 
Operation "signed_subtract_32" x 4 
Operation "signed_subtract_64" x 6 
Operation "unsigned_comp_gt_32" x 1 
Operation "unsigned_comp_gt_64" x 4 
Operation "unsigned_comp_lt_32" x 7 
Operation "unsigned_comp_lt_64" x 1 
Operation "unsigned_divide_64" x 2 

----------------------------- General Information -----------------------------

Number of declared variables in main: 299
Critical path contains operation: unsigned_divide_64

------------------------------ Resource Estimate ------------------------------

Fmax: 5 MHz
Note: Assuming only 87 DSPs available
Warning: These estimates don't account for binding yet!
Logic Elements: 18809
    Combinational: 14381
    Registers: 12490
DSP Elements: 36
