//----------------------------------------------------------------------------//
// Generated by LegUp High-Level Synthesis Tool Version 4.0 (http://legup.org)
// Compiled: Sun Jun 19 18:41:14 2016
// University of Toronto
// For research and academic purposes only. Commercial use is prohibited.
// Please send bugs to: legup@eecg.toronto.edu
// Date: Sun Apr 23 10:53:37 2017
//----------------------------------------------------------------------------//

-----------------Function: sha_transform---------------
-------------------------1---------------------------
-----------------Delay of path:8.35 ns---------------
-----------------State:LEGUP_F_sha_transform_BB__21_17-----------------
(0.00 ns) --- (0.00 ns) ---   %A.023 = phi i32 [ %16, %15 ], [ %33, %21 ]
(0.00 ns) --- (0.00 ns) ---   %22 = shl i32 %A.023, 5
(0.87 ns) --- (0.87 ns) ---   %24 = or i32 %22, %23
(2.50 ns) --- (3.36 ns) ---   %30 = add i32 %24, 1518500249
(2.50 ns) --- (5.86 ns) ---   %31 = add i32 %30, %E.027
(2.50 ns) --- (8.35 ns) ---   %32 = add i32 %31, %28

-----------------Function: sha_transform---------------
-------------------------2---------------------------
-----------------Delay of path:8.35 ns---------------
-----------------State:LEGUP_F_sha_transform_BB__21_17-----------------
(0.00 ns) --- (0.00 ns) ---   %A.023 = phi i32 [ %16, %15 ], [ %33, %21 ]
(0.00 ns) --- (0.00 ns) ---   %23 = lshr i32 %A.023, 27
(0.87 ns) --- (0.87 ns) ---   %24 = or i32 %22, %23
(2.50 ns) --- (3.36 ns) ---   %30 = add i32 %24, 1518500249
(2.50 ns) --- (5.86 ns) ---   %31 = add i32 %30, %E.027
(2.50 ns) --- (8.35 ns) ---   %32 = add i32 %31, %28

-----------------Function: sha_transform---------------
-------------------------3---------------------------
-----------------Delay of path:8.35 ns---------------
-----------------State:LEGUP_F_sha_transform_BB_preheader2_20-----------------
(0.00 ns) --- (0.00 ns) ---   %A.117 = phi i32 [ %33, %.preheader2.preheader ], [ %48, %.preheader2 ]
(0.00 ns) --- (0.00 ns) ---   %39 = shl i32 %A.117, 5
(0.87 ns) --- (0.87 ns) ---   %41 = or i32 %39, %40
(2.50 ns) --- (3.36 ns) ---   %45 = add i32 %41, 1859775393
(2.50 ns) --- (5.86 ns) ---   %46 = add i32 %45, %43
(2.50 ns) --- (8.35 ns) ---   %47 = add i32 %46, %E.121

-----------------Function: sha_transform---------------
-------------------------4---------------------------
-----------------Delay of path:8.35 ns---------------
-----------------State:LEGUP_F_sha_transform_BB_preheader2_20-----------------
(0.00 ns) --- (0.00 ns) ---   %A.117 = phi i32 [ %33, %.preheader2.preheader ], [ %48, %.preheader2 ]
(0.00 ns) --- (0.00 ns) ---   %40 = lshr i32 %A.117, 27
(0.87 ns) --- (0.87 ns) ---   %41 = or i32 %39, %40
(2.50 ns) --- (3.36 ns) ---   %45 = add i32 %41, 1859775393
(2.50 ns) --- (5.86 ns) ---   %46 = add i32 %45, %43
(2.50 ns) --- (8.35 ns) ---   %47 = add i32 %46, %E.121

-----------------Function: sha_transform---------------
-------------------------5---------------------------
-----------------Delay of path:8.35 ns---------------
-----------------State:LEGUP_F_sha_transform_BB_preheader1_24-----------------
(0.00 ns) --- (0.00 ns) ---   %A.211 = phi i32 [ %48, %.preheader1.preheader ], [ %64, %.preheader1 ]
(0.00 ns) --- (0.00 ns) ---   %53 = shl i32 %A.211, 5
(0.87 ns) --- (0.87 ns) ---   %55 = or i32 %53, %54
(2.50 ns) --- (3.36 ns) ---   %61 = add i32 %55, -1894007588
(2.50 ns) --- (5.86 ns) ---   %62 = add i32 %61, %E.215
(2.50 ns) --- (8.35 ns) ---   %63 = add i32 %62, %59

-----------------Function: sha_transform---------------
-------------------------6---------------------------
-----------------Delay of path:8.35 ns---------------
-----------------State:LEGUP_F_sha_transform_BB_preheader1_24-----------------
(0.00 ns) --- (0.00 ns) ---   %A.211 = phi i32 [ %48, %.preheader1.preheader ], [ %64, %.preheader1 ]
(0.00 ns) --- (0.00 ns) ---   %54 = lshr i32 %A.211, 27
(0.87 ns) --- (0.87 ns) ---   %55 = or i32 %53, %54
(2.50 ns) --- (3.36 ns) ---   %61 = add i32 %55, -1894007588
(2.50 ns) --- (5.86 ns) ---   %62 = add i32 %61, %E.215
(2.50 ns) --- (8.35 ns) ---   %63 = add i32 %62, %59

-----------------Function: sha_transform---------------
-------------------------7---------------------------
-----------------Delay of path:8.35 ns---------------
-----------------State:LEGUP_F_sha_transform_BB_preheader_28-----------------
(0.00 ns) --- (0.00 ns) ---   %A.35 = phi i32 [ %64, %.preheader.preheader ], [ %78, %.preheader ]
(0.00 ns) --- (0.00 ns) ---   %69 = shl i32 %A.35, 5
(0.87 ns) --- (0.87 ns) ---   %71 = or i32 %69, %70
(2.50 ns) --- (3.36 ns) ---   %75 = add i32 %71, -899497514
(2.50 ns) --- (5.86 ns) ---   %76 = add i32 %75, %73
(2.50 ns) --- (8.35 ns) ---   %77 = add i32 %76, %E.39

-----------------Function: sha_transform---------------
-------------------------8---------------------------
-----------------Delay of path:8.35 ns---------------
-----------------State:LEGUP_F_sha_transform_BB_preheader_28-----------------
(0.00 ns) --- (0.00 ns) ---   %A.35 = phi i32 [ %64, %.preheader.preheader ], [ %78, %.preheader ]
(0.00 ns) --- (0.00 ns) ---   %70 = lshr i32 %A.35, 27
(0.87 ns) --- (0.87 ns) ---   %71 = or i32 %69, %70
(2.50 ns) --- (3.36 ns) ---   %75 = add i32 %71, -899497514
(2.50 ns) --- (5.86 ns) ---   %76 = add i32 %75, %73
(2.50 ns) --- (8.35 ns) ---   %77 = add i32 %76, %E.39

-----------------Function: sha_transform---------------
-------------------------9---------------------------
-----------------Delay of path:6.81 ns---------------
-----------------State:LEGUP_F_sha_transform_BB_preheader2_20-----------------
(0.00 ns) --- (0.00 ns) ---   %C.119 = phi i32 [ %36, %.preheader2.preheader ], [ %51, %.preheader2 ]
(0.91 ns) --- (0.91 ns) ---   %42 = xor i32 %C.119, %B.118
(0.91 ns) --- (1.82 ns) ---   %43 = xor i32 %42, %D.120
(2.50 ns) --- (4.31 ns) ---   %46 = add i32 %45, %43
(2.50 ns) --- (6.81 ns) ---   %47 = add i32 %46, %E.121

-----------------Function: sha_transform---------------
-------------------------10---------------------------
-----------------Delay of path:6.81 ns---------------
-----------------State:LEGUP_F_sha_transform_BB_preheader2_20-----------------
(0.00 ns) --- (0.00 ns) ---   %B.118 = phi i32 [ %A.023, %.preheader2.preheader ], [ %A.117, %.preheader2 ]
(0.91 ns) --- (0.91 ns) ---   %42 = xor i32 %C.119, %B.118
(0.91 ns) --- (1.82 ns) ---   %43 = xor i32 %42, %D.120
(2.50 ns) --- (4.31 ns) ---   %46 = add i32 %45, %43
(2.50 ns) --- (6.81 ns) ---   %47 = add i32 %46, %E.121


-----------------Function: main---------------
-------------------------1---------------------------
-----------------Delay of path:7.49 ns---------------
-----------------State:LEGUP_F_main_BB_sha_streamexit_33-----------------
(2.49 ns) --- (2.49 ns) ---   %39 = icmp eq i32 %.pre5, 742465810
(0.00 ns) --- (2.49 ns) ---   %40 = zext i1 %39 to i32
(2.50 ns) --- (4.99 ns) ---   %41 = add nuw nsw i32 %38, %40
(2.50 ns) --- (7.49 ns) ---   %44 = add nuw nsw i32 %41, %43

-----------------Function: main---------------
-------------------------2---------------------------
-----------------Delay of path:7.49 ns---------------
-----------------State:LEGUP_F_main_BB_sha_streamexit_34-----------------
(2.49 ns) --- (2.49 ns) ---   %45 = icmp eq i32 %.pre7, -1384908510
(0.00 ns) --- (2.49 ns) ---   %46 = zext i1 %45 to i32
(2.50 ns) --- (4.99 ns) ---   %47 = add nuw nsw i32 %44, %46
(2.49 ns) --- (7.49 ns) ---   %49 = icmp eq i32 %47, 5
(0.00 ns) --- (7.49 ns) ---   br i1 %49, label %50, label %52

-----------------Function: main---------------
-------------------------3---------------------------
-----------------Delay of path:4.99 ns---------------
-----------------State:LEGUP_F_main_BB_sha_streamexit_33-----------------
(2.50 ns) --- (2.50 ns) ---   %41 = add nuw nsw i32 %38, %40
(2.50 ns) --- (4.99 ns) ---   %44 = add nuw nsw i32 %41, %43

-----------------Function: main---------------
-------------------------4---------------------------
-----------------Delay of path:4.99 ns---------------
-----------------State:LEGUP_F_main_BB__9_9-----------------
(0.00 ns) --- (0.00 ns) ---   %indvar1 = phi i32 [ %indvar.next2, %9 ], [ 0, %.preheader.i.i ]
(2.50 ns) --- (2.50 ns) ---   %indvar.next2 = add i32 %indvar1, 1
(2.49 ns) --- (4.99 ns) ---   %exitcond3 = icmp eq i32 %indvar.next2, 16
(0.00 ns) --- (4.99 ns) ---   br i1 %exitcond3, label %memcpy.exit.i.i, label %9

-----------------Function: main---------------
-------------------------5---------------------------
-----------------Delay of path:4.99 ns---------------
-----------------State:LEGUP_F_main_BB_sha_updateexiti_21-----------------
(2.50 ns) --- (2.50 ns) ---   %32 = add nsw i32 %j.02.i, 1
(2.49 ns) --- (4.99 ns) ---   %exitcond21 = icmp eq i32 %32, 2
(0.00 ns) --- (4.99 ns) ---   br i1 %exitcond21, label %.lr.ph.i8.preheader.i.i, label %.preheader.lr.ph.i.i

-----------------Function: main---------------
-------------------------6---------------------------
-----------------Delay of path:4.99 ns---------------
-----------------State:LEGUP_F_main_BB_lrphi8ii_24-----------------
(0.00 ns) --- (0.00 ns) ---   %indvar = phi i32 [ %indvar.next, %.lr.ph.i8.i.i ], [ 0, %.lr.ph.i8.preheader.i.i ]
(2.50 ns) --- (2.50 ns) ---   %indvar.next = add i32 %indvar, 1
(2.49 ns) --- (4.99 ns) ---   %exitcond = icmp eq i32 %indvar.next, 13
(0.00 ns) --- (4.99 ns) ---   br i1 %exitcond, label %sha_stream.exit, label %.lr.ph.i8.i.i

-----------------Function: main---------------
-------------------------7---------------------------
-----------------Delay of path:4.99 ns---------------
-----------------State:LEGUP_F_main_BB_sha_streamexit_32-----------------
(2.49 ns) --- (2.49 ns) ---   %34 = icmp eq i32 %.pre, 6969911
(0.00 ns) --- (2.49 ns) ---   %35 = zext i1 %34 to i32
(2.50 ns) --- (4.99 ns) ---   %38 = add nuw nsw i32 %35, %37

-----------------Function: main---------------
-------------------------8---------------------------
-----------------Delay of path:4.99 ns---------------
-----------------State:LEGUP_F_main_BB_sha_streamexit_32-----------------
(2.49 ns) --- (2.49 ns) ---   %36 = icmp eq i32 %.pre4, -1814260603
(0.00 ns) --- (2.49 ns) ---   %37 = zext i1 %36 to i32
(2.50 ns) --- (4.99 ns) ---   %38 = add nuw nsw i32 %35, %37

-----------------Function: main---------------
-------------------------9---------------------------
-----------------Delay of path:4.99 ns---------------
-----------------State:LEGUP_F_main_BB_sha_streamexit_33-----------------
(2.49 ns) --- (2.49 ns) ---   %42 = icmp eq i32 %.pre6, 1677179459
(0.00 ns) --- (2.49 ns) ---   %43 = zext i1 %42 to i32
(2.50 ns) --- (4.99 ns) ---   %44 = add nuw nsw i32 %41, %43

-----------------Function: main---------------
-------------------------10---------------------------
-----------------Delay of path:4.99 ns---------------
-----------------State:LEGUP_F_main_BB_sha_streamexit_34-----------------
(2.49 ns) --- (2.49 ns) ---   %45 = icmp eq i32 %.pre7, -1384908510
(0.00 ns) --- (2.49 ns) ---   %46 = zext i1 %45 to i32
(2.50 ns) --- (4.99 ns) ---   %47 = add nuw nsw i32 %44, %46
(0.00 ns) --- (4.99 ns) ---   %48 = tail call i32 (i8*, ...)* @printf(i8* getelementptr inbounds ([11 x i8]* @.str, i32 0, i32 0), i32 %47) #1


