//----------------------------------------------------------------------------//
// Generated by LegUp High-Level Synthesis Tool Version 4.0 (http://legup.org)
// Compiled: Sun Jun 19 18:41:14 2016
// University of Toronto
// For research and academic purposes only. Commercial use is prohibited.
// Please send bugs to: legup@eecg.toronto.edu
// Date: Sun Apr 23 10:53:37 2017
//----------------------------------------------------------------------------//

-----------------Function: sha_transform---------------
-------------------------1---------------------------
-----------------Delay of path:8.35 ns---------------
-----------------State:LEGUP_F_sha_transform_BB_preheader_28-----------------
(0.00 ns) --- (0.00 ns) ---   %A.35 = phi i32 [ %64, %.preheader.preheader ], [ %78, %.preheader ]
(0.00 ns) --- (0.00 ns) ---   %70 = lshr i32 %A.35, 27
(0.87 ns) --- (0.87 ns) ---   %71 = or i32 %69, %70
(2.50 ns) --- (3.36 ns) ---   %75 = add i32 %71, -899497514
(2.50 ns) --- (5.86 ns) ---   %76 = add i32 %75, %73
(2.50 ns) --- (8.35 ns) ---   %77 = add i32 %76, %E.39

-----------------Function: sha_transform---------------
-------------------------2---------------------------
-----------------Delay of path:8.35 ns---------------
-----------------State:LEGUP_F_sha_transform_BB_preheader_28-----------------
(0.00 ns) --- (0.00 ns) ---   %A.35 = phi i32 [ %64, %.preheader.preheader ], [ %78, %.preheader ]
(0.00 ns) --- (0.00 ns) ---   %69 = shl i32 %A.35, 5
(0.87 ns) --- (0.87 ns) ---   %71 = or i32 %69, %70
(2.50 ns) --- (3.36 ns) ---   %75 = add i32 %71, -899497514
(2.50 ns) --- (5.86 ns) ---   %76 = add i32 %75, %73
(2.50 ns) --- (8.35 ns) ---   %77 = add i32 %76, %E.39

-----------------Function: sha_transform---------------
-------------------------3---------------------------
-----------------Delay of path:8.35 ns---------------
-----------------State:LEGUP_F_sha_transform_BB_preheader1_24-----------------
(0.00 ns) --- (0.00 ns) ---   %A.211 = phi i32 [ %48, %.preheader1.preheader ], [ %64, %.preheader1 ]
(0.00 ns) --- (0.00 ns) ---   %54 = lshr i32 %A.211, 27
(0.87 ns) --- (0.87 ns) ---   %55 = or i32 %53, %54
(2.50 ns) --- (3.36 ns) ---   %61 = add i32 %55, -1894007588
(2.50 ns) --- (5.86 ns) ---   %62 = add i32 %61, %E.215
(2.50 ns) --- (8.35 ns) ---   %63 = add i32 %62, %59

-----------------Function: sha_transform---------------
-------------------------4---------------------------
-----------------Delay of path:8.35 ns---------------
-----------------State:LEGUP_F_sha_transform_BB_preheader1_24-----------------
(0.00 ns) --- (0.00 ns) ---   %A.211 = phi i32 [ %48, %.preheader1.preheader ], [ %64, %.preheader1 ]
(0.00 ns) --- (0.00 ns) ---   %53 = shl i32 %A.211, 5
(0.87 ns) --- (0.87 ns) ---   %55 = or i32 %53, %54
(2.50 ns) --- (3.36 ns) ---   %61 = add i32 %55, -1894007588
(2.50 ns) --- (5.86 ns) ---   %62 = add i32 %61, %E.215
(2.50 ns) --- (8.35 ns) ---   %63 = add i32 %62, %59

-----------------Function: sha_transform---------------
-------------------------5---------------------------
-----------------Delay of path:8.35 ns---------------
-----------------State:LEGUP_F_sha_transform_BB_preheader2_20-----------------
(0.00 ns) --- (0.00 ns) ---   %A.117 = phi i32 [ %33, %.preheader2.preheader ], [ %48, %.preheader2 ]
(0.00 ns) --- (0.00 ns) ---   %40 = lshr i32 %A.117, 27
(0.87 ns) --- (0.87 ns) ---   %41 = or i32 %39, %40
(2.50 ns) --- (3.36 ns) ---   %45 = add i32 %41, 1859775393
(2.50 ns) --- (5.86 ns) ---   %46 = add i32 %45, %43
(2.50 ns) --- (8.35 ns) ---   %47 = add i32 %46, %E.121

-----------------Function: sha_transform---------------
-------------------------6---------------------------
-----------------Delay of path:8.35 ns---------------
-----------------State:LEGUP_F_sha_transform_BB_preheader2_20-----------------
(0.00 ns) --- (0.00 ns) ---   %A.117 = phi i32 [ %33, %.preheader2.preheader ], [ %48, %.preheader2 ]
(0.00 ns) --- (0.00 ns) ---   %39 = shl i32 %A.117, 5
(0.87 ns) --- (0.87 ns) ---   %41 = or i32 %39, %40
(2.50 ns) --- (3.36 ns) ---   %45 = add i32 %41, 1859775393
(2.50 ns) --- (5.86 ns) ---   %46 = add i32 %45, %43
(2.50 ns) --- (8.35 ns) ---   %47 = add i32 %46, %E.121

-----------------Function: sha_transform---------------
-------------------------7---------------------------
-----------------Delay of path:8.35 ns---------------
-----------------State:LEGUP_F_sha_transform_BB__21_17-----------------
(0.00 ns) --- (0.00 ns) ---   %A.023 = phi i32 [ %16, %15 ], [ %33, %21 ]
(0.00 ns) --- (0.00 ns) ---   %23 = lshr i32 %A.023, 27
(0.87 ns) --- (0.87 ns) ---   %24 = or i32 %22, %23
(2.50 ns) --- (3.36 ns) ---   %30 = add i32 %24, 1518500249
(2.50 ns) --- (5.86 ns) ---   %31 = add i32 %30, %E.027
(2.50 ns) --- (8.35 ns) ---   %32 = add i32 %31, %28

-----------------Function: sha_transform---------------
-------------------------8---------------------------
-----------------Delay of path:8.35 ns---------------
-----------------State:LEGUP_F_sha_transform_BB__21_17-----------------
(0.00 ns) --- (0.00 ns) ---   %A.023 = phi i32 [ %16, %15 ], [ %33, %21 ]
(0.00 ns) --- (0.00 ns) ---   %22 = shl i32 %A.023, 5
(0.87 ns) --- (0.87 ns) ---   %24 = or i32 %22, %23
(2.50 ns) --- (3.36 ns) ---   %30 = add i32 %24, 1518500249
(2.50 ns) --- (5.86 ns) ---   %31 = add i32 %30, %E.027
(2.50 ns) --- (8.35 ns) ---   %32 = add i32 %31, %28

-----------------Function: main---------------
-------------------------9---------------------------
-----------------Delay of path:7.49 ns---------------
-----------------State:LEGUP_F_main_BB_sha_streamexit_33-----------------
(2.49 ns) --- (2.49 ns) ---   %39 = icmp eq i32 %.pre5, 742465810
(0.00 ns) --- (2.49 ns) ---   %40 = zext i1 %39 to i32
(2.50 ns) --- (4.99 ns) ---   %41 = add nuw nsw i32 %38, %40
(2.50 ns) --- (7.49 ns) ---   %44 = add nuw nsw i32 %41, %43

-----------------Function: main---------------
-------------------------10---------------------------
-----------------Delay of path:7.49 ns---------------
-----------------State:LEGUP_F_main_BB_sha_streamexit_34-----------------
(2.49 ns) --- (2.49 ns) ---   %45 = icmp eq i32 %.pre7, -1384908510
(0.00 ns) --- (2.49 ns) ---   %46 = zext i1 %45 to i32
(2.50 ns) --- (4.99 ns) ---   %47 = add nuw nsw i32 %44, %46
(2.49 ns) --- (7.49 ns) ---   %49 = icmp eq i32 %47, 5
(0.00 ns) --- (7.49 ns) ---   br i1 %49, label %50, label %52


