//----------------------------------------------------------------------------//
// Generated by LegUp High-Level Synthesis Tool Version 4.0 (http://legup.org)
// Compiled: Sun Jun 19 18:41:14 2016
// University of Toronto
// For research and academic purposes only. Commercial use is prohibited.
// Please send bugs to: legup@eecg.toronto.edu
// Date: Fri Apr 14 18:02:51 2017
//----------------------------------------------------------------------------//

-------------------------- Datapath Operation Usage --------------------------

Operation "unknown" x 345 
Operation "bitwise_OR_32" x 1 
Operation "shift_ra_32" x 4 
Operation "signed_add_32" x 104 
Operation "signed_comp_eq_32" x 31 
Operation "signed_comp_eq_mux_32" x 31 
Operation "signed_comp_gt_32" x 20 
Operation "signed_comp_lt_32" x 13 
Operation "signed_divide_32" x 4 
Operation "signed_multiply_32" x 43 
Operation "signed_multiply_nodsp_32" x 25 
Operation "signed_subtract_32" x 26 

----------------------------- General Information -----------------------------

Number of declared variables in main: 674
Critical path contains operation: signed_divide_32

------------------------------ Resource Estimate ------------------------------

Fmax: 12 MHz
Note: Assuming only 87 DSPs available
Warning: These estimates don't account for binding yet!
Logic Elements: 30162
    Combinational: 23505
    Registers: 19584
DSP Elements: 86
