//----------------------------------------------------------------------------//
// Generated by LegUp High-Level Synthesis Tool Version 4.0 (http://legup.org)
// Compiled: Sun Jun 19 18:41:14 2016
// University of Toronto
// For research and academic purposes only. Commercial use is prohibited.
// Please send bugs to: legup@eecg.toronto.edu
// Date: Fri Apr 14 18:02:51 2017
//----------------------------------------------------------------------------//

-----------------Function: main---------------
-------------------------1---------------------------
-----------------Delay of path:20.00 ns---------------
-----------------State:LEGUP_F_main_BB__30_70-----------------
(0.00 ns) --- (0.00 ns) ---   %indvar39 = phi i32 [ %indvar.next40, %decode.exit.i ], [ 0, %.preheader.i ]
(0.00 ns) --- (0.00 ns) ---   %i.03.i = shl i32 %indvar39, 1
(20.00 ns) --- (20.00 ns) ---   %32 = sdiv i32 %i.03.i, 2

-----------------Function: main---------------
-------------------------2---------------------------
-----------------Delay of path:20.00 ns---------------
-----------------State:LEGUP_F_main_BB_resetexiti_26-----------------
(20.00 ns) --- (20.00 ns) ---   %21 = sdiv i32 %7, 2

-----------------Function: main---------------
-------------------------3---------------------------
-----------------Delay of path:20.00 ns---------------
-----------------State:LEGUP_F_main_BB_resetexiti_24-----------------
(20.00 ns) --- (20.00 ns) ---   %16 = sdiv i32 %9, 2

-----------------Function: main---------------
-------------------------4---------------------------
-----------------Delay of path:20.00 ns---------------
-----------------State:LEGUP_F_main_BB_resetexiti_23-----------------
(20.00 ns) --- (20.00 ns) ---   %11 = sdiv i32 %i1.05.i, 2

-----------------Function: encode---------------
-------------------------5---------------------------
-----------------Delay of path:20.00 ns---------------
-----------------State:LEGUP_F_encode_BB_quantlexit_39-----------------
(20.00 ns) --- (20.00 ns) ---   %quant26bt_pos.quant26bt_neg.i = select i1 %56, [31 x i32]* @quant26bt_pos, [31 x i32]* @quant26bt_neg

-----------------Function: main---------------
-------------------------6---------------------------
-----------------Delay of path:19.37 ns---------------
-----------------State:LEGUP_F_main_BB_filtezexit11ii_140-----------------
(2.50 ns) --- (2.50 ns) ---   %141 = add nsw i32 %138, %140
(3.36 ns) --- (5.86 ns) ---   %142 = icmp slt i32 %141, 0
(3.99 ns) --- (9.85 ns) ---   %..i2.i.i = select i1 %142, i32 0, i32 %141
(3.13 ns) --- (12.98 ns) ---   %143 = icmp sgt i32 %..i2.i.i, 22528
(3.99 ns) --- (16.97 ns) ---   %...i3.i.i = select i1 %143, i32 22528, i32 %..i2.i.i
(0.00 ns) --- (16.97 ns) ---   %146 = ashr i32 %...i3.i.i, 11
(2.40 ns) --- (19.37 ns) ---   %149 = sub i32 11, %146

-----------------Function: main---------------
-------------------------7---------------------------
-----------------Delay of path:19.37 ns---------------
-----------------State:LEGUP_F_main_BB_filtezexitii_110-----------------
(2.50 ns) --- (2.50 ns) ---   %63 = add nsw i32 %60, %62
(3.36 ns) --- (5.86 ns) ---   %64 = icmp slt i32 %63, 0
(3.99 ns) --- (9.85 ns) ---   %..i26.i.i = select i1 %64, i32 0, i32 %63
(3.13 ns) --- (12.98 ns) ---   %65 = icmp sgt i32 %..i26.i.i, 18432
(3.99 ns) --- (16.97 ns) ---   %...i27.i.i = select i1 %65, i32 18432, i32 %..i26.i.i
(0.00 ns) --- (16.97 ns) ---   %68 = ashr i32 %...i27.i.i, 11
(2.40 ns) --- (19.37 ns) ---   %71 = sub i32 9, %68

-----------------Function: encode---------------
-------------------------8---------------------------
-----------------Delay of path:19.37 ns---------------
-----------------State:LEGUP_F_encode_BB_upzeroexit_117-----------------
(2.50 ns) --- (2.50 ns) ---   %217 = add nsw i32 %wd4.0.i, %214
(3.13 ns) --- (5.63 ns) ---   %218 = icmp sgt i32 %217, 12288
(3.99 ns) --- (9.62 ns) ---   %..i = select i1 %218, i32 12288, i32 %217
(3.36 ns) --- (12.98 ns) ---   %219 = icmp slt i32 %..i, -12288
(3.99 ns) --- (16.97 ns) ---   %...i = select i1 %219, i32 -12288, i32 %..i
(2.40 ns) --- (19.37 ns) ---   %225 = sub nsw i32 15360, %...i

-----------------Function: encode---------------
-------------------------9---------------------------
-----------------Delay of path:19.37 ns---------------
-----------------State:LEGUP_F_encode_BB_upzeroexit_117-----------------
(0.00 ns) --- (0.00 ns) ---   %212 = ashr i32 %211, 31
(0.00 ns) --- (0.00 ns) ---   %213 = and i32 %212, -256
(0.00 ns) --- (0.00 ns) ---   %214 = or i32 %213, 128
(2.50 ns) --- (2.50 ns) ---   %217 = add nsw i32 %wd4.0.i, %214
(3.13 ns) --- (5.63 ns) ---   %218 = icmp sgt i32 %217, 12288
(3.99 ns) --- (9.62 ns) ---   %..i = select i1 %218, i32 12288, i32 %217
(3.36 ns) --- (12.98 ns) ---   %219 = icmp slt i32 %..i, -12288
(3.99 ns) --- (16.97 ns) ---   %...i = select i1 %219, i32 -12288, i32 %..i
(2.40 ns) --- (19.37 ns) ---   %225 = sub nsw i32 15360, %...i

-----------------Function: encode---------------
-------------------------10---------------------------
-----------------Delay of path:19.37 ns---------------
-----------------State:LEGUP_F_encode_BB_filtezexit11_89-----------------
(2.50 ns) --- (2.50 ns) ---   %172 = add nsw i32 %169, %171
(3.36 ns) --- (5.86 ns) ---   %173 = icmp slt i32 %172, 0
(3.99 ns) --- (9.85 ns) ---   %..i2 = select i1 %173, i32 0, i32 %172
(3.13 ns) --- (12.98 ns) ---   %174 = icmp sgt i32 %..i2, 22528
(3.99 ns) --- (16.97 ns) ---   %...i3 = select i1 %174, i32 22528, i32 %..i2
(0.00 ns) --- (16.97 ns) ---   %177 = ashr i32 %...i3, 11
(2.40 ns) --- (19.37 ns) ---   %180 = sub i32 11, %177


