//----------------------------------------------------------------------------//
// Generated by LegUp High-Level Synthesis Tool Version 4.0 (http://legup.org)
// Compiled: Sun Jun 19 18:41:14 2016
// University of Toronto
// For research and academic purposes only. Commercial use is prohibited.
// Please send bugs to: legup@eecg.toronto.edu
// Date: Sat Apr 22 17:16:08 2017
//----------------------------------------------------------------------------//

-----------------Function: main---------------
-------------------------1---------------------------
-----------------Delay of path:20.00 ns---------------
-----------------State:LEGUP_F_main_BB__166_178-----------------
(0.00 ns) --- (0.00 ns) ---   %overflow_intrinsic4 = zext i64 %170 to i65
(20.00 ns) --- (20.00 ns) ---   %overflow_intrinsic6 = add nuw i65 %overflow_intrinsic4, %overflow_intrinsic5
(0.00 ns) --- (20.00 ns) ---   %173 = lshr i65 %overflow_intrinsic6, 32
(0.00 ns) --- (20.00 ns) ---   %.tr = trunc i65 %173 to i64
(0.00 ns) --- (20.00 ns) ---   %174 = and i64 %.tr, 4294967296

-----------------Function: main---------------
-------------------------2---------------------------
-----------------Delay of path:20.00 ns---------------
-----------------State:LEGUP_F_main_BB__160_111-----------------
(20.00 ns) --- (20.00 ns) ---   %161 = udiv i64 %158, %128

-----------------Function: main---------------
-------------------------3---------------------------
-----------------Delay of path:20.00 ns---------------
-----------------State:LEGUP_F_main_BB__148_107-----------------
(0.00 ns) --- (0.00 ns) ---   %149 = phi i64 [ %142, %.lr.ph.i.i ], [ %overflow_intrinsic_sum, %148 ]
(0.00 ns) --- (0.00 ns) ---   %overflow_intrinsic = zext i64 %149 to i65
(20.00 ns) --- (20.00 ns) ---   %overflow_intrinsic2 = add nuw i65 %overflow_intrinsic, %overflow_intrinsic1
(0.00 ns) --- (20.00 ns) ---   %overflow_intrinsic3 = lshr i65 %overflow_intrinsic2, 64
(0.00 ns) --- (20.00 ns) ---   %153 = trunc i65 %overflow_intrinsic3 to i64

-----------------Function: main---------------
-------------------------4---------------------------
-----------------Delay of path:20.00 ns---------------
-----------------State:LEGUP_F_main_BB__131_39-----------------
(20.00 ns) --- (20.00 ns) ---   %132 = udiv i64 %125, %128

-----------------Function: main---------------
-------------------------5---------------------------
-----------------Delay of path:20.00 ns---------------
-----------------State:LEGUP_F_main_BB_float64_is_signaling_nanexit1ii_17-----------------
(20.00 ns) --- (20.00 ns) ---   %not. = xor i1 %not..demorgan, true
(0.00 ns) --- (20.00 ns) ---   %.21 = and i1 %48, %not.

-----------------Function: main---------------
-------------------------6---------------------------
-----------------Delay of path:20.00 ns---------------
-----------------State:LEGUP_F_main_BB_float64_is_signaling_nanexit1ii_16-----------------
(0.00 ns) --- (0.00 ns) ---   %47 = trunc i64 %5 to i63
(20.00 ns) --- (20.00 ns) ---   %48 = icmp ugt i63 %47, -4503599627370496

-----------------Function: main---------------
-------------------------7---------------------------
-----------------Delay of path:20.00 ns---------------
-----------------State:LEGUP_F_main_BB_float64_is_signaling_nanexit1i12i_10-----------------
(20.00 ns) --- (20.00 ns) ---   %not.2 = xor i1 %not.2.demorgan, true
(0.00 ns) --- (20.00 ns) ---   %.19 = and i1 %33, %not.2

-----------------Function: main---------------
-------------------------8---------------------------
-----------------Delay of path:20.00 ns---------------
-----------------State:LEGUP_F_main_BB_float64_is_signaling_nanexit1i12i_9-----------------
(0.00 ns) --- (0.00 ns) ---   %32 = trunc i64 %5 to i63
(20.00 ns) --- (20.00 ns) ---   %33 = icmp ugt i63 %32, -4503599627370496

-----------------Function: main---------------
-------------------------9---------------------------
-----------------Delay of path:20.00 ns---------------
-----------------State:LEGUP_F_main_BB_float64_is_signaling_nanexit1i19i_5-----------------
(20.00 ns) --- (20.00 ns) ---   %not.1 = xor i1 %not.1.demorgan, true
(0.00 ns) --- (20.00 ns) ---   %. = and i1 %22, %not.1

-----------------Function: main---------------
-------------------------10---------------------------
-----------------Delay of path:20.00 ns---------------
-----------------State:LEGUP_F_main_BB_float64_is_signaling_nanexit1i19i_4-----------------
(0.00 ns) --- (0.00 ns) ---   %21 = trunc i64 %5 to i63
(20.00 ns) --- (20.00 ns) ---   %22 = icmp ugt i63 %21, -4503599627370496


