//----------------------------------------------------------------------------//
// Generated by LegUp High-Level Synthesis Tool Version 4.0 (http://legup.org)
// Compiled: Sun Jun 19 18:41:14 2016
// University of Toronto
// For research and academic purposes only. Commercial use is prohibited.
// Please send bugs to: legup@eecg.toronto.edu
// Date: Sun Apr 23 08:40:59 2017
//----------------------------------------------------------------------------//

-------------------------- Datapath Operation Usage --------------------------

Operation "unknown" x 354 
Operation "bitwise_OR_32" x 9 
Operation "bitwise_XOR_32" x 51 
Operation "bitwise_XOR_8" x 1 
Operation "signed_add_32" x 48 
Operation "signed_comp_eq_32" x 12 
Operation "signed_comp_eq_8" x 1 
Operation "signed_comp_eq_mux_32" x 4 
Operation "signed_comp_gt_32" x 1 
Operation "signed_comp_lt_32" x 2 
Operation "signed_subtract_32" x 6 
Operation "unsigned_comp_gt_32" x 4 

----------------------------- General Information -----------------------------

Number of declared variables in main: 565
Critical path contains operation: signed_comp_eq_mux_32

------------------------------ Resource Estimate ------------------------------

Fmax: 250 MHz
Note: Assuming only 87 DSPs available
Warning: These estimates don't account for binding yet!
Logic Elements: 14608
    Combinational: 4157
    Registers: 16712
DSP Elements: 0
