//----------------------------------------------------------------------------//
// Generated by LegUp High-Level Synthesis Tool Version 4.0 (http://legup.org)
// Compiled: Sun Jun 19 18:41:14 2016
// University of Toronto
// For research and academic purposes only. Commercial use is prohibited.
// Please send bugs to: legup@eecg.toronto.edu
// Date: Sun Apr 23 08:40:59 2017
//----------------------------------------------------------------------------//

-----------------Function: main---------------
-------------------------1---------------------------
-----------------Delay of path:20.00 ns---------------
-----------------State:LEGUP_F_main_BB__8_20-----------------
(20.00 ns) --- (20.00 ns) ---   %d.4.i.i = select i1 %30, i8* %26, i8* %6

-----------------Function: main---------------
-------------------------2---------------------------
-----------------Delay of path:20.00 ns---------------
-----------------State:LEGUP_F_main_BB__8_19-----------------
(20.00 ns) --- (20.00 ns) ---   %30 = icmp ult i8* %26, %7

-----------------Function: main---------------
-------------------------3---------------------------
-----------------Delay of path:20.00 ns---------------
-----------------State:LEGUP_F_main_BB__8_18-----------------
(20.00 ns) --- (20.00 ns) ---   %.data1.i.i = select i1 %24, i8* %20, i8* %6
(0.00 ns) --- (20.00 ns) ---   %27 = load i8* %.data1.i.i, align 1, !tbaa !1

-----------------Function: main---------------
-------------------------4---------------------------
-----------------Delay of path:20.00 ns---------------
-----------------State:LEGUP_F_main_BB__8_17-----------------
(20.00 ns) --- (20.00 ns) ---   %24 = icmp ult i8* %20, %7

-----------------Function: main---------------
-------------------------5---------------------------
-----------------Delay of path:20.00 ns---------------
-----------------State:LEGUP_F_main_BB__8_16-----------------
(20.00 ns) --- (20.00 ns) ---   %d.2.i.i = select i1 %18, i8* %14, i8* %6
(0.00 ns) --- (20.00 ns) ---   %21 = load i8* %d.2.i.i, align 1, !tbaa !1

-----------------Function: main---------------
-------------------------6---------------------------
-----------------Delay of path:20.00 ns---------------
-----------------State:LEGUP_F_main_BB__8_15-----------------
(20.00 ns) --- (20.00 ns) ---   %18 = icmp ult i8* %14, %7

-----------------Function: main---------------
-------------------------7---------------------------
-----------------Delay of path:20.00 ns---------------
-----------------State:LEGUP_F_main_BB__8_14-----------------
(20.00 ns) --- (20.00 ns) ---   %.data.i.i = select i1 %12, i8* %9, i8* %6
(0.00 ns) --- (20.00 ns) ---   %15 = load i8* %.data.i.i, align 1, !tbaa !1

-----------------Function: main---------------
-------------------------8---------------------------
-----------------Delay of path:9.61 ns---------------
-----------------State:LEGUP_F_main_BB_lrph11iipreheader_46-----------------
(2.50 ns) --- (2.50 ns) ---   %68 = add i32 %k.012.i, -5200
(3.12 ns) --- (5.62 ns) ---   %69 = icmp ugt i32 %68, -40
(3.99 ns) --- (9.61 ns) ---   %70 = select i1 %69, i32 %.op1, i32 40

-----------------Function: main---------------
-------------------------9---------------------------
-----------------Delay of path:9.61 ns---------------
-----------------State:LEGUP_F_main_BB_lrphi_40-----------------
(2.50 ns) --- (2.50 ns) ---   %57 = add i32 %k.012.i, -5200
(3.12 ns) --- (5.62 ns) ---   %59 = icmp ugt i32 %57, -40
(3.99 ns) --- (9.61 ns) ---   %60 = select i1 %59, i32 %.op, i32 40

-----------------Function: main---------------
-------------------------10---------------------------
-----------------Delay of path:9.61 ns---------------
-----------------State:LEGUP_F_main_BB_lrphi_40-----------------
(2.50 ns) --- (2.50 ns) ---   %57 = add i32 %k.012.i, -5200
(3.12 ns) --- (5.62 ns) ---   %58 = icmp ugt i32 %57, -40
(3.99 ns) --- (9.61 ns) ---   %umax.i = select i1 %58, i32 %57, i32 -40


