//----------------------------------------------------------------------------//
// Generated by LegUp High-Level Synthesis Tool Version 4.0 (http://legup.org)
// Compiled: Sun Jun 19 18:41:14 2016
// University of Toronto
// For research and academic purposes only. Commercial use is prohibited.
// Please send bugs to: legup@eecg.toronto.edu
// Date: Tue Jan 17 10:00:54 2017
//----------------------------------------------------------------------------//

-----------------Function: main---------------
-------------------------1---------------------------
-----------------Delay of path:20.00 ns---------------
-----------------State:LEGUP_F_main_BB__27_84-----------------
(0.00 ns) --- (0.00 ns) ---   %indvar = phi i32 [ %indvar.next, %27 ], [ 0, %.preheader2.i ]
(0.00 ns) --- (0.00 ns) ---   %i.03.i = shl i32 %indvar, 1
(20.00 ns) --- (20.00 ns) ---   %29 = sdiv i32 %i.03.i, 2

-----------------Function: main---------------
-------------------------2---------------------------
-----------------Delay of path:20.00 ns---------------
-----------------State:LEGUP_F_main_BB_legup_memset_4_i64exit_46-----------------
(20.00 ns) --- (20.00 ns) ---   %22 = sdiv i32 %8, 2

-----------------Function: main---------------
-------------------------3---------------------------
-----------------Delay of path:20.00 ns---------------
-----------------State:LEGUP_F_main_BB_legup_memset_4_i64exit_44-----------------
(20.00 ns) --- (20.00 ns) ---   %17 = sdiv i32 %10, 2

-----------------Function: main---------------
-------------------------4---------------------------
-----------------Delay of path:20.00 ns---------------
-----------------State:LEGUP_F_main_BB_legup_memset_4_i64exit_43-----------------
(20.00 ns) --- (20.00 ns) ---   %12 = sdiv i32 %i1.05.i, 2

-----------------Function: encode---------------
-------------------------5---------------------------
-----------------Delay of path:20.00 ns---------------
-----------------State:LEGUP_F_encode_BB_quantlexit_39-----------------
(20.00 ns) --- (20.00 ns) ---   %quant26bt_pos.quant26bt_neg.i = select i1 %109, [31 x i32]* @quant26bt_pos, [31 x i32]* @quant26bt_neg

-----------------Function: main---------------
-------------------------6---------------------------
-----------------Delay of path:19.97 ns---------------
-----------------State:LEGUP_F_main_BB__27_137-----------------
(2.50 ns) --- (2.50 ns) ---   %193 = add nsw i32 %192, %189
(2.50 ns) --- (4.99 ns) ---   %197 = add nsw i32 %196, %193
(2.50 ns) --- (7.49 ns) ---   %201 = add nsw i32 %200, %197
(2.50 ns) --- (9.98 ns) ---   %205 = add nsw i32 %204, %201
(2.50 ns) --- (12.48 ns) ---   %209 = add nsw i32 %208, %205
(2.50 ns) --- (14.98 ns) ---   %213 = add nsw i32 %212, %209
(2.50 ns) --- (17.47 ns) ---   %217 = add nsw i32 %216, %213
(2.50 ns) --- (19.97 ns) ---   %221 = add nsw i32 %220, %217

-----------------Function: main---------------
-------------------------7---------------------------
-----------------Delay of path:19.97 ns---------------
-----------------State:LEGUP_F_main_BB__27_137-----------------
(2.50 ns) --- (2.50 ns) ---   %191 = add nsw i32 %190, %188
(2.50 ns) --- (4.99 ns) ---   %195 = add nsw i32 %194, %191
(2.50 ns) --- (7.49 ns) ---   %199 = add nsw i32 %198, %195
(2.50 ns) --- (9.98 ns) ---   %203 = add nsw i32 %202, %199
(2.50 ns) --- (12.48 ns) ---   %207 = add nsw i32 %206, %203
(2.50 ns) --- (14.98 ns) ---   %211 = add nsw i32 %210, %207
(2.50 ns) --- (17.47 ns) ---   %215 = add nsw i32 %214, %211
(2.50 ns) --- (19.97 ns) ---   %219 = add nsw i32 %218, %215

-----------------Function: main---------------
-------------------------8---------------------------
-----------------Delay of path:19.37 ns---------------
-----------------State:LEGUP_F_main_BB__27_128-----------------
(2.50 ns) --- (2.50 ns) ---   %150 = add nsw i32 %147, %149
(3.36 ns) --- (5.86 ns) ---   %151 = icmp slt i32 %150, 0
(3.99 ns) --- (9.85 ns) ---   %..i1.i.i = select i1 %151, i32 0, i32 %150
(3.13 ns) --- (12.98 ns) ---   %152 = icmp sgt i32 %..i1.i.i, 22528
(3.99 ns) --- (16.97 ns) ---   %...i2.i.i = select i1 %152, i32 22528, i32 %..i1.i.i
(0.00 ns) --- (16.97 ns) ---   %155 = ashr i32 %...i2.i.i, 11
(2.40 ns) --- (19.37 ns) ---   %158 = sub i32 11, %155

-----------------Function: main---------------
-------------------------9---------------------------
-----------------Delay of path:19.37 ns---------------
-----------------State:LEGUP_F_main_BB__27_119-----------------
(2.50 ns) --- (2.50 ns) ---   %77 = add nsw i32 %74, %76
(3.36 ns) --- (5.86 ns) ---   %78 = icmp slt i32 %77, 0
(3.99 ns) --- (9.85 ns) ---   %..i12.i.i = select i1 %78, i32 0, i32 %77
(3.13 ns) --- (12.98 ns) ---   %79 = icmp sgt i32 %..i12.i.i, 18432
(3.99 ns) --- (16.97 ns) ---   %...i13.i.i = select i1 %79, i32 18432, i32 %..i12.i.i
(0.00 ns) --- (16.97 ns) ---   %82 = ashr i32 %...i13.i.i, 11
(2.40 ns) --- (19.37 ns) ---   %85 = sub i32 9, %82

-----------------Function: encode---------------
-------------------------10---------------------------
-----------------Delay of path:19.37 ns---------------
-----------------State:LEGUP_F_encode_BB__214_69-----------------
(2.50 ns) --- (2.50 ns) ---   %225 = add nsw i32 %222, %224
(3.36 ns) --- (5.86 ns) ---   %226 = icmp slt i32 %225, 0
(3.99 ns) --- (9.85 ns) ---   %..i1 = select i1 %226, i32 0, i32 %225
(3.13 ns) --- (12.98 ns) ---   %227 = icmp sgt i32 %..i1, 22528
(3.99 ns) --- (16.97 ns) ---   %...i2 = select i1 %227, i32 22528, i32 %..i1
(0.00 ns) --- (16.97 ns) ---   %230 = ashr i32 %...i2, 11
(2.40 ns) --- (19.37 ns) ---   %233 = sub i32 11, %230


