//----------------------------------------------------------------------------//
// Generated by LegUp High-Level Synthesis Tool Version 4.0 (http://legup.org)
// Compiled: Sun Jun 19 18:41:14 2016
// University of Toronto
// For research and academic purposes only. Commercial use is prohibited.
// Please send bugs to: legup@eecg.toronto.edu
// Date: Tue Jan 17 10:00:53 2017
//----------------------------------------------------------------------------//

-----------------Function: upzero---------------
-------------------------1---------------------------
-----------------Delay of path:2.59 ns---------------
-----------------State:LEGUP_F_upzero_BB_preheader1_4-----------------
(2.59 ns) --- (2.59 ns) ---   %3 = mul nsw i32 %2, %dlt

-----------------Function: upzero---------------
-------------------------2---------------------------
-----------------Delay of path:2.59 ns---------------
-----------------State:LEGUP_F_upzero_BB_preheader1_4-----------------
(2.59 ns) --- (2.59 ns) ---   %8 = mul nsw i32 %7, 255

-----------------Function: upzero---------------
-------------------------3---------------------------
-----------------Delay of path:2.59 ns---------------
-----------------State:LEGUP_F_upzero_BB_preheader1_8-----------------
(2.59 ns) --- (2.59 ns) ---   %13 = mul nsw i32 %12, %dlt

-----------------Function: upzero---------------
-------------------------4---------------------------
-----------------Delay of path:2.59 ns---------------
-----------------State:LEGUP_F_upzero_BB_preheader1_8-----------------
(2.59 ns) --- (2.59 ns) ---   %19 = mul nsw i32 %18, 255

-----------------Function: upzero---------------
-------------------------5---------------------------
-----------------Delay of path:2.59 ns---------------
-----------------State:LEGUP_F_upzero_BB_preheader1_12-----------------
(2.59 ns) --- (2.59 ns) ---   %24 = mul nsw i32 %23, %dlt

-----------------Function: upzero---------------
-------------------------6---------------------------
-----------------Delay of path:2.59 ns---------------
-----------------State:LEGUP_F_upzero_BB_preheader1_12-----------------
(2.59 ns) --- (2.59 ns) ---   %30 = mul nsw i32 %29, 255

-----------------Function: upzero---------------
-------------------------7---------------------------
-----------------Delay of path:2.59 ns---------------
-----------------State:LEGUP_F_upzero_BB_preheader1_16-----------------
(2.59 ns) --- (2.59 ns) ---   %35 = mul nsw i32 %34, %dlt

-----------------Function: upzero---------------
-------------------------8---------------------------
-----------------Delay of path:2.59 ns---------------
-----------------State:LEGUP_F_upzero_BB_preheader1_16-----------------
(2.59 ns) --- (2.59 ns) ---   %41 = mul nsw i32 %40, 255

-----------------Function: upzero---------------
-------------------------9---------------------------
-----------------Delay of path:2.59 ns---------------
-----------------State:LEGUP_F_upzero_BB_preheader1_20-----------------
(2.59 ns) --- (2.59 ns) ---   %46 = mul nsw i32 %45, %dlt

-----------------Function: upzero---------------
-------------------------10---------------------------
-----------------Delay of path:2.59 ns---------------
-----------------State:LEGUP_F_upzero_BB_preheader1_20-----------------
(2.59 ns) --- (2.59 ns) ---   %52 = mul nsw i32 %51, 255


-----------------Function: encode---------------
-------------------------1---------------------------
-----------------Delay of path:20.00 ns---------------
-----------------State:LEGUP_F_encode_BB_quantlexit_39-----------------
(20.00 ns) --- (20.00 ns) ---   %quant26bt_pos.quant26bt_neg.i = select i1 %109, [31 x i32]* @quant26bt_pos, [31 x i32]* @quant26bt_neg

-----------------Function: encode---------------
-------------------------2---------------------------
-----------------Delay of path:19.37 ns---------------
-----------------State:LEGUP_F_encode_BB_quantlexit_44-----------------
(2.50 ns) --- (2.50 ns) ---   %131 = add nsw i32 %128, %130
(3.36 ns) --- (5.86 ns) ---   %132 = icmp slt i32 %131, 0
(3.99 ns) --- (9.85 ns) ---   %..i12 = select i1 %132, i32 0, i32 %131
(3.13 ns) --- (12.98 ns) ---   %133 = icmp sgt i32 %..i12, 18432
(3.99 ns) --- (16.97 ns) ---   %...i13 = select i1 %133, i32 18432, i32 %..i12
(0.00 ns) --- (16.97 ns) ---   %136 = ashr i32 %...i13, 11
(2.40 ns) --- (19.37 ns) ---   %139 = sub i32 9, %136

-----------------Function: encode---------------
-------------------------3---------------------------
-----------------Delay of path:19.37 ns---------------
-----------------State:LEGUP_F_encode_BB__214_69-----------------
(0.00 ns) --- (0.00 ns) ---   %222 = ashr i32 %221, 7
(2.50 ns) --- (2.50 ns) ---   %225 = add nsw i32 %222, %224
(3.36 ns) --- (5.86 ns) ---   %226 = icmp slt i32 %225, 0
(3.99 ns) --- (9.85 ns) ---   %..i1 = select i1 %226, i32 0, i32 %225
(3.13 ns) --- (12.98 ns) ---   %227 = icmp sgt i32 %..i1, 22528
(3.99 ns) --- (16.97 ns) ---   %...i2 = select i1 %227, i32 22528, i32 %..i1
(0.00 ns) --- (16.97 ns) ---   %230 = ashr i32 %...i2, 11
(2.40 ns) --- (19.37 ns) ---   %233 = sub i32 11, %230

-----------------Function: encode---------------
-------------------------4---------------------------
-----------------Delay of path:19.37 ns---------------
-----------------State:LEGUP_F_encode_BB__214_69-----------------
(2.50 ns) --- (2.50 ns) ---   %225 = add nsw i32 %222, %224
(3.36 ns) --- (5.86 ns) ---   %226 = icmp slt i32 %225, 0
(3.99 ns) --- (9.85 ns) ---   %..i1 = select i1 %226, i32 0, i32 %225
(3.13 ns) --- (12.98 ns) ---   %227 = icmp sgt i32 %..i1, 22528
(3.99 ns) --- (16.97 ns) ---   %...i2 = select i1 %227, i32 22528, i32 %..i1
(0.00 ns) --- (16.97 ns) ---   %230 = ashr i32 %...i2, 11
(2.40 ns) --- (19.37 ns) ---   %233 = sub i32 11, %230

-----------------Function: encode---------------
-------------------------5---------------------------
-----------------Delay of path:19.23 ns---------------
-----------------State:LEGUP_F_encode_BB_quantlexit_53-----------------
(3.13 ns) --- (3.13 ns) ---   %147 = icmp sgt i32 %146, -1
(3.99 ns) --- (7.12 ns) ---   %.1.i8 = select i1 %147, i32 %148, i32 %145
(0.00 ns) --- (7.12 ns) ---   %149 = ashr i32 %.1.i8, 7
(2.50 ns) --- (9.62 ns) ---   %wd4.0.i9 = add nsw i32 %149, %155
(2.50 ns) --- (12.11 ns) ---   %156 = add nsw i32 %wd4.0.i9, %153
(3.13 ns) --- (15.24 ns) ---   %157 = icmp sgt i32 %156, 12288
(3.99 ns) --- (19.23 ns) ---   %..i10 = select i1 %157, i32 12288, i32 %156

-----------------Function: encode---------------
-------------------------6---------------------------
-----------------Delay of path:19.23 ns---------------
-----------------State:LEGUP_F_encode_BB__214_78-----------------
(3.13 ns) --- (3.13 ns) ---   %241 = icmp sgt i32 %240, -1
(3.99 ns) --- (7.12 ns) ---   %.1.i = select i1 %241, i32 %242, i32 %239
(0.00 ns) --- (7.12 ns) ---   %243 = ashr i32 %.1.i, 7
(2.50 ns) --- (9.62 ns) ---   %wd4.0.i = add nsw i32 %243, %249
(2.50 ns) --- (12.11 ns) ---   %250 = add nsw i32 %wd4.0.i, %247
(3.13 ns) --- (15.24 ns) ---   %251 = icmp sgt i32 %250, 12288
(3.99 ns) --- (19.23 ns) ---   %..i = select i1 %251, i32 12288, i32 %250

-----------------Function: encode---------------
-------------------------7---------------------------
-----------------Delay of path:16.97 ns---------------
-----------------State:LEGUP_F_encode_BB_quantlexit_44-----------------
(2.50 ns) --- (2.50 ns) ---   %131 = add nsw i32 %128, %130
(3.36 ns) --- (5.86 ns) ---   %132 = icmp slt i32 %131, 0
(3.99 ns) --- (9.85 ns) ---   %..i12 = select i1 %132, i32 0, i32 %131
(3.13 ns) --- (12.98 ns) ---   %133 = icmp sgt i32 %..i12, 18432
(3.99 ns) --- (16.97 ns) ---   %...i13 = select i1 %133, i32 18432, i32 %..i12
(0.00 ns) --- (16.97 ns) ---   %134 = lshr i32 %...i13, 6
(0.00 ns) --- (16.97 ns) ---   %135 = and i32 %134, 31

-----------------Function: encode---------------
-------------------------8---------------------------
-----------------Delay of path:16.97 ns---------------
-----------------State:LEGUP_F_encode_BB__214_69-----------------
(0.00 ns) --- (0.00 ns) ---   %222 = ashr i32 %221, 7
(2.50 ns) --- (2.50 ns) ---   %225 = add nsw i32 %222, %224
(3.36 ns) --- (5.86 ns) ---   %226 = icmp slt i32 %225, 0
(3.99 ns) --- (9.85 ns) ---   %..i1 = select i1 %226, i32 0, i32 %225
(3.13 ns) --- (12.98 ns) ---   %227 = icmp sgt i32 %..i1, 22528
(3.99 ns) --- (16.97 ns) ---   %...i2 = select i1 %227, i32 22528, i32 %..i1
(0.00 ns) --- (16.97 ns) ---   %228 = lshr i32 %...i2, 6
(0.00 ns) --- (16.97 ns) ---   %229 = and i32 %228, 31

-----------------Function: encode---------------
-------------------------9---------------------------
-----------------Delay of path:16.97 ns---------------
-----------------State:LEGUP_F_encode_BB__214_69-----------------
(2.50 ns) --- (2.50 ns) ---   %225 = add nsw i32 %222, %224
(3.36 ns) --- (5.86 ns) ---   %226 = icmp slt i32 %225, 0
(3.99 ns) --- (9.85 ns) ---   %..i1 = select i1 %226, i32 0, i32 %225
(3.13 ns) --- (12.98 ns) ---   %227 = icmp sgt i32 %..i1, 22528
(3.99 ns) --- (16.97 ns) ---   %...i2 = select i1 %227, i32 22528, i32 %..i1
(0.00 ns) --- (16.97 ns) ---   %228 = lshr i32 %...i2, 6
(0.00 ns) --- (16.97 ns) ---   %229 = and i32 %228, 31

-----------------Function: encode---------------
-------------------------10---------------------------
-----------------Delay of path:16.87 ns---------------
-----------------State:LEGUP_F_encode_BB_quantlexit_54-----------------
(3.36 ns) --- (3.36 ns) ---   %158 = icmp slt i32 %..i10, -12288
(3.99 ns) --- (7.35 ns) ---   %...i11 = select i1 %158, i32 -12288, i32 %..i10
(2.40 ns) --- (9.75 ns) ---   %164 = sub nsw i32 15360, %...i11
(3.13 ns) --- (12.88 ns) ---   %165 = icmp sgt i32 %apl1.0.i5, %164
(3.99 ns) --- (16.87 ns) ---   %.apl1.0.i6 = select i1 %165, i32 %164, i32 %apl1.0.i5


-----------------Function: main---------------
-------------------------1---------------------------
-----------------Delay of path:20.00 ns---------------
-----------------State:LEGUP_F_main_BB_legup_memset_4_i64exit_43-----------------
(20.00 ns) --- (20.00 ns) ---   %12 = sdiv i32 %i1.05.i, 2

-----------------Function: main---------------
-------------------------2---------------------------
-----------------Delay of path:20.00 ns---------------
-----------------State:LEGUP_F_main_BB_legup_memset_4_i64exit_44-----------------
(20.00 ns) --- (20.00 ns) ---   %17 = sdiv i32 %10, 2

-----------------Function: main---------------
-------------------------3---------------------------
-----------------Delay of path:20.00 ns---------------
-----------------State:LEGUP_F_main_BB_legup_memset_4_i64exit_46-----------------
(20.00 ns) --- (20.00 ns) ---   %22 = sdiv i32 %8, 2

-----------------Function: main---------------
-------------------------4---------------------------
-----------------Delay of path:20.00 ns---------------
-----------------State:LEGUP_F_main_BB__27_84-----------------
(0.00 ns) --- (0.00 ns) ---   %indvar = phi i32 [ %indvar.next, %27 ], [ 0, %.preheader2.i ]
(0.00 ns) --- (0.00 ns) ---   %i.03.i = shl i32 %indvar, 1
(20.00 ns) --- (20.00 ns) ---   %29 = sdiv i32 %i.03.i, 2

-----------------Function: main---------------
-------------------------5---------------------------
-----------------Delay of path:19.97 ns---------------
-----------------State:LEGUP_F_main_BB__27_137-----------------
(2.50 ns) --- (2.50 ns) ---   %191 = add nsw i32 %190, %188
(2.50 ns) --- (4.99 ns) ---   %195 = add nsw i32 %194, %191
(2.50 ns) --- (7.49 ns) ---   %199 = add nsw i32 %198, %195
(2.50 ns) --- (9.98 ns) ---   %203 = add nsw i32 %202, %199
(2.50 ns) --- (12.48 ns) ---   %207 = add nsw i32 %206, %203
(2.50 ns) --- (14.98 ns) ---   %211 = add nsw i32 %210, %207
(2.50 ns) --- (17.47 ns) ---   %215 = add nsw i32 %214, %211
(2.50 ns) --- (19.97 ns) ---   %219 = add nsw i32 %218, %215

-----------------Function: main---------------
-------------------------6---------------------------
-----------------Delay of path:19.97 ns---------------
-----------------State:LEGUP_F_main_BB__27_137-----------------
(2.50 ns) --- (2.50 ns) ---   %193 = add nsw i32 %192, %189
(2.50 ns) --- (4.99 ns) ---   %197 = add nsw i32 %196, %193
(2.50 ns) --- (7.49 ns) ---   %201 = add nsw i32 %200, %197
(2.50 ns) --- (9.98 ns) ---   %205 = add nsw i32 %204, %201
(2.50 ns) --- (12.48 ns) ---   %209 = add nsw i32 %208, %205
(2.50 ns) --- (14.98 ns) ---   %213 = add nsw i32 %212, %209
(2.50 ns) --- (17.47 ns) ---   %217 = add nsw i32 %216, %213
(2.50 ns) --- (19.97 ns) ---   %221 = add nsw i32 %220, %217

-----------------Function: main---------------
-------------------------7---------------------------
-----------------Delay of path:19.37 ns---------------
-----------------State:LEGUP_F_main_BB__27_119-----------------
(2.50 ns) --- (2.50 ns) ---   %77 = add nsw i32 %74, %76
(3.36 ns) --- (5.86 ns) ---   %78 = icmp slt i32 %77, 0
(3.99 ns) --- (9.85 ns) ---   %..i12.i.i = select i1 %78, i32 0, i32 %77
(3.13 ns) --- (12.98 ns) ---   %79 = icmp sgt i32 %..i12.i.i, 18432
(3.99 ns) --- (16.97 ns) ---   %...i13.i.i = select i1 %79, i32 18432, i32 %..i12.i.i
(0.00 ns) --- (16.97 ns) ---   %82 = ashr i32 %...i13.i.i, 11
(2.40 ns) --- (19.37 ns) ---   %85 = sub i32 9, %82

-----------------Function: main---------------
-------------------------8---------------------------
-----------------Delay of path:19.37 ns---------------
-----------------State:LEGUP_F_main_BB__27_128-----------------
(2.50 ns) --- (2.50 ns) ---   %150 = add nsw i32 %147, %149
(3.36 ns) --- (5.86 ns) ---   %151 = icmp slt i32 %150, 0
(3.99 ns) --- (9.85 ns) ---   %..i1.i.i = select i1 %151, i32 0, i32 %150
(3.13 ns) --- (12.98 ns) ---   %152 = icmp sgt i32 %..i1.i.i, 22528
(3.99 ns) --- (16.97 ns) ---   %...i2.i.i = select i1 %152, i32 22528, i32 %..i1.i.i
(0.00 ns) --- (16.97 ns) ---   %155 = ashr i32 %...i2.i.i, 11
(2.40 ns) --- (19.37 ns) ---   %158 = sub i32 11, %155

-----------------Function: main---------------
-------------------------9---------------------------
-----------------Delay of path:19.23 ns---------------
-----------------State:LEGUP_F_main_BB__27_121-----------------
(3.13 ns) --- (3.13 ns) ---   %91 = icmp sgt i32 %90, -1
(3.99 ns) --- (7.12 ns) ---   %.1.i8.i.i = select i1 %91, i32 %92, i32 %89
(0.00 ns) --- (7.12 ns) ---   %93 = ashr i32 %.1.i8.i.i, 7
(2.50 ns) --- (9.62 ns) ---   %wd4.0.i9.i.i = add nsw i32 %93, %99
(2.50 ns) --- (12.11 ns) ---   %100 = add nsw i32 %wd4.0.i9.i.i, %97
(3.13 ns) --- (15.24 ns) ---   %101 = icmp sgt i32 %100, 12288
(3.99 ns) --- (19.23 ns) ---   %..i10.i.i = select i1 %101, i32 12288, i32 %100

-----------------Function: main---------------
-------------------------10---------------------------
-----------------Delay of path:19.23 ns---------------
-----------------State:LEGUP_F_main_BB__27_137-----------------
(3.13 ns) --- (3.13 ns) ---   %164 = icmp sgt i32 %163, -1
(3.99 ns) --- (7.12 ns) ---   %.1.i.i.i = select i1 %164, i32 %165, i32 %162
(0.00 ns) --- (7.12 ns) ---   %166 = ashr i32 %.1.i.i.i, 7
(2.50 ns) --- (9.62 ns) ---   %wd4.0.i.i.i = add nsw i32 %166, %172
(2.50 ns) --- (12.11 ns) ---   %173 = add nsw i32 %wd4.0.i.i.i, %170
(3.13 ns) --- (15.24 ns) ---   %174 = icmp sgt i32 %173, 12288
(3.99 ns) --- (19.23 ns) ---   %..i.i.i = select i1 %174, i32 12288, i32 %173


