//----------------------------------------------------------------------------//
// Generated by LegUp High-Level Synthesis Tool Version 4.0 (http://legup.org)
// Compiled: Sun Jun 19 18:41:14 2016
// University of Toronto
// For research and academic purposes only. Commercial use is prohibited.
// Please send bugs to: legup@eecg.toronto.edu
// Date: Wed Apr 19 18:27:07 2017
//----------------------------------------------------------------------------//

-------------------------- Datapath Operation Usage --------------------------

Operation "unknown" x 210 
Operation "bitwise_AND_32" x 2 
Operation "bitwise_OR_32" x 2 
Operation "bitwise_XOR_32" x 2 
Operation "shift_ll_32" x 2 
Operation "shift_ra_32" x 2 
Operation "signed_add_32" x 20 
Operation "signed_comp_eq_32" x 11 
Operation "signed_comp_gt_32" x 1 
Operation "signed_comp_lt_32" x 2 
Operation "signed_multiply_32" x 1 
Operation "signed_multiply_64" x 2 
Operation "signed_subtract_32" x 1 
Operation "unsigned_comp_lt_32" x 2 

----------------------------- General Information -----------------------------

Number of declared variables in main: 240
Critical path contains operation: signed_multiply_64

------------------------------ Resource Estimate ------------------------------

Fmax: 112 MHz
Note: Assuming only 87 DSPs available
Warning: These estimates don't account for binding yet!
Logic Elements: 6419
    Combinational: 1731
    Registers: 7440
DSP Elements: 14
