//----------------------------------------------------------------------------//
// Generated by LegUp High-Level Synthesis Tool Version 4.0 (http://legup.org)
// Compiled: Sun Jun 19 18:41:14 2016
// University of Toronto
// For research and academic purposes only. Commercial use is prohibited.
// Please send bugs to: legup@eecg.toronto.edu
// Date: Wed Apr 19 18:27:07 2017
//----------------------------------------------------------------------------//

Target Family: CycloneV
Clock period constraint: 2.000000e+01ns
Start Function: main
state: LEGUP_0
   Transition: if (start): LEGUP_F_main_BB__0_1 default: LEGUP_0
state: LEGUP_F_main_BB__0_1
   %reg = alloca [32 x i32], align 4 (endState: LEGUP_F_main_BB__0_1)
   %dmem = alloca [64 x i32], align 4 (endState: LEGUP_F_main_BB__0_1)
   br label %1
   Transition: default: LEGUP_F_main_BB__1_2
state: LEGUP_F_main_BB__1_2
   %indvar15 = phi i32 [ %indvar.next16, %2 ], [ 0, %0 ] (endState: LEGUP_F_main_BB__1_2)
   %exitcond17 = icmp eq i32 %indvar15, 64 (endState: LEGUP_F_main_BB__1_2)
   br i1 %exitcond17, label %legup_memset_4.exit.preheader, label %2
   Transition: if (%exitcond17): LEGUP_F_main_BB_legup_memset_4exitpreheader_3 default: LEGUP_F_main_BB__2_4
state: LEGUP_F_main_BB_legup_memset_4exitpreheader_3
   br label %legup_memset_4.exit
   Transition: default: LEGUP_F_main_BB_legup_memset_4exit_6
state: LEGUP_F_main_BB__2_4
   %s.i.0 = getelementptr [64 x i32]* %dmem, i32 0, i32 %indvar15 (endState: LEGUP_F_main_BB__2_4)
   store i32 0, i32* %s.i.0, align 4 (endState: LEGUP_F_main_BB__2_5)
   %indvar.next16 = add i32 %indvar15, 1 (endState: LEGUP_F_main_BB__2_4)
   Transition: default: LEGUP_F_main_BB__2_5
state: LEGUP_F_main_BB__2_5
   br label %1
   Transition: default: LEGUP_F_main_BB__1_2
state: LEGUP_F_main_BB_legup_memset_4exit_6
   %indvar7 = phi i32 [ 0, %legup_memset_4.exit.preheader ], [ %indvar.next8, %3 ] (endState: LEGUP_F_main_BB_legup_memset_4exit_6)
   %i1.0 = mul i32 %indvar7, 5 (endState: LEGUP_F_main_BB_legup_memset_4exit_7)
   %exitcond9 = icmp eq i32 %indvar7, 6 (endState: LEGUP_F_main_BB_legup_memset_4exit_6)
   Transition: default: LEGUP_F_main_BB_legup_memset_4exit_7
state: LEGUP_F_main_BB_legup_memset_4exit_7
   br i1 %exitcond9, label %.preheader5.preheader, label %3
   Transition: if (%exitcond9): LEGUP_F_main_BB_preheader5preheader_8 default: LEGUP_F_main_BB__3_9
state: LEGUP_F_main_BB_preheader5preheader_8
   br label %.preheader5
   Transition: default: LEGUP_F_main_BB_preheader5_13
state: LEGUP_F_main_BB__3_9
   %scevgep14 = getelementptr [32 x i32]* %reg, i32 0, i32 %i1.0 (endState: LEGUP_F_main_BB__3_9)
   %4 = add i32 %i1.0, 1 (endState: LEGUP_F_main_BB__3_9)
   %5 = add i32 %i1.0, 2 (endState: LEGUP_F_main_BB__3_9)
   %6 = add i32 %i1.0, 3 (endState: LEGUP_F_main_BB__3_9)
   %7 = add i32 %i1.0, 4 (endState: LEGUP_F_main_BB__3_9)
   store i32 0, i32* %scevgep14, align 4 (endState: LEGUP_F_main_BB__3_10)
   %indvar.next8 = add i32 %indvar7, 1 (endState: LEGUP_F_main_BB__3_9)
   Transition: default: LEGUP_F_main_BB__3_10
state: LEGUP_F_main_BB__3_10
   %scevgep13 = getelementptr [32 x i32]* %reg, i32 0, i32 %4 (endState: LEGUP_F_main_BB__3_10)
   %scevgep12 = getelementptr [32 x i32]* %reg, i32 0, i32 %5 (endState: LEGUP_F_main_BB__3_10)
   %scevgep11 = getelementptr [32 x i32]* %reg, i32 0, i32 %6 (endState: LEGUP_F_main_BB__3_10)
   %scevgep10 = getelementptr [32 x i32]* %reg, i32 0, i32 %7 (endState: LEGUP_F_main_BB__3_10)
   store i32 0, i32* %scevgep13, align 4 (endState: LEGUP_F_main_BB__3_11)
   store i32 0, i32* %scevgep12, align 4 (endState: LEGUP_F_main_BB__3_11)
   Transition: default: LEGUP_F_main_BB__3_11
state: LEGUP_F_main_BB__3_11
   store i32 0, i32* %scevgep11, align 4 (endState: LEGUP_F_main_BB__3_12)
   store i32 0, i32* %scevgep10, align 4 (endState: LEGUP_F_main_BB__3_12)
   Transition: default: LEGUP_F_main_BB__3_12
state: LEGUP_F_main_BB__3_12
   br label %legup_memset_4.exit
   Transition: default: LEGUP_F_main_BB_legup_memset_4exit_6
state: LEGUP_F_main_BB_preheader5_13
   %indvar = phi i32 [ 0, %.preheader5.preheader ], [ %indvar.next, %8 ] (endState: LEGUP_F_main_BB_preheader5_13)
   %exitcond5 = icmp eq i32 %indvar, 2 (endState: LEGUP_F_main_BB_preheader5_13)
   br i1 %exitcond5, label %9, label %8
   Transition: if (%exitcond5): LEGUP_F_main_BB__9_17 default: LEGUP_F_main_BB__8_14
state: LEGUP_F_main_BB__8_14
   %i1.1 = add i32 %indvar, 30 (endState: LEGUP_F_main_BB__8_14)
   %indvar.next = add i32 %indvar, 1 (endState: LEGUP_F_main_BB__8_14)
   Transition: default: LEGUP_F_main_BB__8_15
state: LEGUP_F_main_BB__8_15
   %scevgep6 = getelementptr [32 x i32]* %reg, i32 0, i32 %i1.1 (endState: LEGUP_F_main_BB__8_15)
   store i32 0, i32* %scevgep6, align 4 (endState: LEGUP_F_main_BB__8_16)
   Transition: default: LEGUP_F_main_BB__8_16
state: LEGUP_F_main_BB__8_16
   br label %.preheader5
   Transition: default: LEGUP_F_main_BB_preheader5_13
state: LEGUP_F_main_BB__9_17
   %10 = getelementptr inbounds [32 x i32]* %reg, i32 0, i32 29 (endState: LEGUP_F_main_BB__9_17)
   store i32 2147479548, i32* %10, align 4 (endState: LEGUP_F_main_BB__9_18)
   Transition: default: LEGUP_F_main_BB__9_18
state: LEGUP_F_main_BB__9_18
   br label %11
   Transition: default: LEGUP_F_main_BB__11_19
state: LEGUP_F_main_BB__11_19
   %12 = phi i32 [ 0, %9 ], [ %17, %15 ] (endState: LEGUP_F_main_BB__11_19)
   %exitcond = icmp eq i32 %12, 8 (endState: LEGUP_F_main_BB__11_19)
   br i1 %exitcond, label %.preheader, label %15
   Transition: if (%exitcond): LEGUP_F_main_BB_preheader_20 default: LEGUP_F_main_BB__15_21
state: LEGUP_F_main_BB_preheader_20
   %13 = getelementptr inbounds [32 x i32]* %reg, i32 0, i32 0 (endState: LEGUP_F_main_BB_preheader_20)
   %14 = getelementptr inbounds [32 x i32]* %reg, i32 0, i32 31 (endState: LEGUP_F_main_BB_preheader_20)
   br label %18
   Transition: default: LEGUP_F_main_BB__18_24
state: LEGUP_F_main_BB__15_21
   %scevgep4 = getelementptr [8 x i32]* @A, i32 0, i32 %12 (endState: LEGUP_F_main_BB__15_21)
   %scevgep3 = getelementptr [64 x i32]* %dmem, i32 0, i32 %12 (endState: LEGUP_F_main_BB__15_21)
   %16 = load i32* %scevgep4, align 4 (endState: LEGUP_F_main_BB__15_22)
   %17 = add nsw i32 %12, 1 (endState: LEGUP_F_main_BB__15_21)
   Transition: default: LEGUP_F_main_BB__15_22
state: LEGUP_F_main_BB__15_22
   store i32 %16, i32* %scevgep3, align 4 (endState: LEGUP_F_main_BB__15_23)
   Transition: default: LEGUP_F_main_BB__15_23
state: LEGUP_F_main_BB__15_23
   br label %11
   Transition: default: LEGUP_F_main_BB__11_19
state: LEGUP_F_main_BB__18_24
   %19 = phi i32 [ %235, %234 ], [ 0, %.preheader ] (endState: LEGUP_F_main_BB__18_24)
   %pc.0 = phi i32 [ %pc.6, %234 ], [ 4194304, %.preheader ] (endState: LEGUP_F_main_BB__18_24)
   %Lo.0 = phi i32 [ %Lo.2, %234 ], [ 0, %.preheader ] (endState: LEGUP_F_main_BB__18_24)
   %Hi.0 = phi i32 [ %Hi.2, %234 ], [ 0, %.preheader ] (endState: LEGUP_F_main_BB__18_24)
   %20 = lshr i32 %pc.0, 2 (endState: LEGUP_F_main_BB__18_24)
   %21 = and i32 %20, 63 (endState: LEGUP_F_main_BB__18_24)
   %22 = getelementptr inbounds [44 x i32]* @imem, i32 0, i32 %21 (endState: LEGUP_F_main_BB__18_24)
   %23 = load i32* %22, align 4 (endState: LEGUP_F_main_BB__18_25)
   %24 = add nsw i32 %pc.0, 4 (endState: LEGUP_F_main_BB__18_24)
   Transition: default: LEGUP_F_main_BB__18_25
state: LEGUP_F_main_BB__18_25
   %25 = lshr i32 %23, 26 (endState: LEGUP_F_main_BB__18_25)
   switch i32 %25, label %146 [
    i32 0, label %26
    i32 2, label %140
    i32 3, label %143
  ]
   Transition: switch (%25) 0: LEGUP_F_main_BB__26_26 2: LEGUP_F_main_BB__140_72 3: LEGUP_F_main_BB__143_73 default: LEGUP_F_main_BB__146_75
state: LEGUP_F_main_BB__26_26
   %27 = and i32 %23, 63 (endState: LEGUP_F_main_BB__26_26)
   %28 = lshr i32 %23, 6 (endState: LEGUP_F_main_BB__26_26)
   %29 = and i32 %28, 31 (endState: LEGUP_F_main_BB__26_26)
   %30 = lshr i32 %23, 11 (endState: LEGUP_F_main_BB__26_26)
   %31 = and i32 %30, 31 (endState: LEGUP_F_main_BB__26_26)
   %32 = lshr i32 %23, 16 (endState: LEGUP_F_main_BB__26_26)
   %33 = and i32 %32, 31 (endState: LEGUP_F_main_BB__26_26)
   %34 = lshr i32 %23, 21 (endState: LEGUP_F_main_BB__26_26)
   %35 = and i32 %34, 31 (endState: LEGUP_F_main_BB__26_26)
   switch i32 %27, label %.thread [
    i32 33, label %36
    i32 35, label %43
    i32 24, label %50
    i32 25, label %61
    i32 16, label %72
    i32 18, label %74
    i32 36, label %76
    i32 37, label %83
    i32 38, label %90
    i32 0, label %97
    i32 2, label %102
    i32 4, label %107
    i32 6, label %114
    i32 42, label %121
    i32 43, label %129
    i32 8, label %137
  ]
   Transition: switch (%27) 33: LEGUP_F_main_BB__36_27 35: LEGUP_F_main_BB__43_30 24: LEGUP_F_main_BB__50_33 25: LEGUP_F_main_BB__61_36 16: LEGUP_F_main_BB__72_39 18: LEGUP_F_main_BB__74_41 36: LEGUP_F_main_BB__76_43 37: LEGUP_F_main_BB__83_46 38: LEGUP_F_main_BB__90_49 0: LEGUP_F_main_BB__97_52 2: LEGUP_F_main_BB__102_55 4: LEGUP_F_main_BB__107_58 6: LEGUP_F_main_BB__114_61 42: LEGUP_F_main_BB__121_64 43: LEGUP_F_main_BB__129_67 8: LEGUP_F_main_BB__137_70 default: LEGUP_F_main_BB_thread_114
state: LEGUP_F_main_BB__36_27
   %37 = getelementptr inbounds [32 x i32]* %reg, i32 0, i32 %35 (endState: LEGUP_F_main_BB__36_27)
   %38 = load i32* %37, align 4 (endState: LEGUP_F_main_BB__36_28)
   %39 = getelementptr inbounds [32 x i32]* %reg, i32 0, i32 %33 (endState: LEGUP_F_main_BB__36_27)
   %40 = load i32* %39, align 4 (endState: LEGUP_F_main_BB__36_28)
   %42 = getelementptr inbounds [32 x i32]* %reg, i32 0, i32 %31 (endState: LEGUP_F_main_BB__36_27)
   Transition: default: LEGUP_F_main_BB__36_28
state: LEGUP_F_main_BB__36_28
   %41 = add nsw i32 %38, %40 (endState: LEGUP_F_main_BB__36_28)
   store i32 %41, i32* %42, align 4 (endState: LEGUP_F_main_BB__36_29)
   Transition: default: LEGUP_F_main_BB__36_29
state: LEGUP_F_main_BB__36_29
   br label %234
   Transition: default: LEGUP_F_main_BB__234_116
state: LEGUP_F_main_BB__43_30
   %44 = getelementptr inbounds [32 x i32]* %reg, i32 0, i32 %35 (endState: LEGUP_F_main_BB__43_30)
   %45 = load i32* %44, align 4 (endState: LEGUP_F_main_BB__43_31)
   %46 = getelementptr inbounds [32 x i32]* %reg, i32 0, i32 %33 (endState: LEGUP_F_main_BB__43_30)
   %47 = load i32* %46, align 4 (endState: LEGUP_F_main_BB__43_31)
   %49 = getelementptr inbounds [32 x i32]* %reg, i32 0, i32 %31 (endState: LEGUP_F_main_BB__43_30)
   Transition: default: LEGUP_F_main_BB__43_31
state: LEGUP_F_main_BB__43_31
   %48 = sub nsw i32 %45, %47 (endState: LEGUP_F_main_BB__43_31)
   store i32 %48, i32* %49, align 4 (endState: LEGUP_F_main_BB__43_32)
   Transition: default: LEGUP_F_main_BB__43_32
state: LEGUP_F_main_BB__43_32
   br label %234
   Transition: default: LEGUP_F_main_BB__234_116
state: LEGUP_F_main_BB__50_33
   %51 = getelementptr inbounds [32 x i32]* %reg, i32 0, i32 %35 (endState: LEGUP_F_main_BB__50_33)
   %52 = load i32* %51, align 4 (endState: LEGUP_F_main_BB__50_34)
   %54 = getelementptr inbounds [32 x i32]* %reg, i32 0, i32 %33 (endState: LEGUP_F_main_BB__50_33)
   %55 = load i32* %54, align 4 (endState: LEGUP_F_main_BB__50_34)
   Transition: default: LEGUP_F_main_BB__50_34
state: LEGUP_F_main_BB__50_34
   %53 = sext i32 %52 to i64 (endState: LEGUP_F_main_BB__50_34)
   %56 = sext i32 %55 to i64 (endState: LEGUP_F_main_BB__50_34)
   %57 = mul nsw i64 %53, %56 (endState: LEGUP_F_main_BB__50_35)
   Transition: default: LEGUP_F_main_BB__50_35
state: LEGUP_F_main_BB__50_35
   %58 = trunc i64 %57 to i32 (endState: LEGUP_F_main_BB__50_35)
   %59 = lshr i64 %57, 32 (endState: LEGUP_F_main_BB__50_35)
   %60 = trunc i64 %59 to i32 (endState: LEGUP_F_main_BB__50_35)
   br label %234
   Transition: default: LEGUP_F_main_BB__234_116
state: LEGUP_F_main_BB__61_36
   %62 = getelementptr inbounds [32 x i32]* %reg, i32 0, i32 %35 (endState: LEGUP_F_main_BB__61_36)
   %63 = load i32* %62, align 4 (endState: LEGUP_F_main_BB__61_37)
   %65 = getelementptr inbounds [32 x i32]* %reg, i32 0, i32 %33 (endState: LEGUP_F_main_BB__61_36)
   %66 = load i32* %65, align 4 (endState: LEGUP_F_main_BB__61_37)
   Transition: default: LEGUP_F_main_BB__61_37
state: LEGUP_F_main_BB__61_37
   %64 = sext i32 %63 to i64 (endState: LEGUP_F_main_BB__61_37)
   %67 = sext i32 %66 to i64 (endState: LEGUP_F_main_BB__61_37)
   %68 = mul i64 %64, %67 (endState: LEGUP_F_main_BB__61_38)
   Transition: default: LEGUP_F_main_BB__61_38
state: LEGUP_F_main_BB__61_38
   %69 = trunc i64 %68 to i32 (endState: LEGUP_F_main_BB__61_38)
   %70 = lshr i64 %68, 32 (endState: LEGUP_F_main_BB__61_38)
   %71 = trunc i64 %70 to i32 (endState: LEGUP_F_main_BB__61_38)
   br label %234
   Transition: default: LEGUP_F_main_BB__234_116
state: LEGUP_F_main_BB__72_39
   %73 = getelementptr inbounds [32 x i32]* %reg, i32 0, i32 %31 (endState: LEGUP_F_main_BB__72_39)
   store i32 %Hi.0, i32* %73, align 4 (endState: LEGUP_F_main_BB__72_40)
   Transition: default: LEGUP_F_main_BB__72_40
state: LEGUP_F_main_BB__72_40
   br label %234
   Transition: default: LEGUP_F_main_BB__234_116
state: LEGUP_F_main_BB__74_41
   %75 = getelementptr inbounds [32 x i32]* %reg, i32 0, i32 %31 (endState: LEGUP_F_main_BB__74_41)
   store i32 %Lo.0, i32* %75, align 4 (endState: LEGUP_F_main_BB__74_42)
   Transition: default: LEGUP_F_main_BB__74_42
state: LEGUP_F_main_BB__74_42
   br label %234
   Transition: default: LEGUP_F_main_BB__234_116
state: LEGUP_F_main_BB__76_43
   %77 = getelementptr inbounds [32 x i32]* %reg, i32 0, i32 %35 (endState: LEGUP_F_main_BB__76_43)
   %78 = load i32* %77, align 4 (endState: LEGUP_F_main_BB__76_44)
   %79 = getelementptr inbounds [32 x i32]* %reg, i32 0, i32 %33 (endState: LEGUP_F_main_BB__76_43)
   %80 = load i32* %79, align 4 (endState: LEGUP_F_main_BB__76_44)
   %82 = getelementptr inbounds [32 x i32]* %reg, i32 0, i32 %31 (endState: LEGUP_F_main_BB__76_43)
   Transition: default: LEGUP_F_main_BB__76_44
state: LEGUP_F_main_BB__76_44
   %81 = and i32 %78, %80 (endState: LEGUP_F_main_BB__76_44)
   store i32 %81, i32* %82, align 4 (endState: LEGUP_F_main_BB__76_45)
   Transition: default: LEGUP_F_main_BB__76_45
state: LEGUP_F_main_BB__76_45
   br label %234
   Transition: default: LEGUP_F_main_BB__234_116
state: LEGUP_F_main_BB__83_46
   %84 = getelementptr inbounds [32 x i32]* %reg, i32 0, i32 %35 (endState: LEGUP_F_main_BB__83_46)
   %85 = load i32* %84, align 4 (endState: LEGUP_F_main_BB__83_47)
   %86 = getelementptr inbounds [32 x i32]* %reg, i32 0, i32 %33 (endState: LEGUP_F_main_BB__83_46)
   %87 = load i32* %86, align 4 (endState: LEGUP_F_main_BB__83_47)
   %89 = getelementptr inbounds [32 x i32]* %reg, i32 0, i32 %31 (endState: LEGUP_F_main_BB__83_46)
   Transition: default: LEGUP_F_main_BB__83_47
state: LEGUP_F_main_BB__83_47
   %88 = or i32 %85, %87 (endState: LEGUP_F_main_BB__83_47)
   store i32 %88, i32* %89, align 4 (endState: LEGUP_F_main_BB__83_48)
   Transition: default: LEGUP_F_main_BB__83_48
state: LEGUP_F_main_BB__83_48
   br label %234
   Transition: default: LEGUP_F_main_BB__234_116
state: LEGUP_F_main_BB__90_49
   %91 = getelementptr inbounds [32 x i32]* %reg, i32 0, i32 %35 (endState: LEGUP_F_main_BB__90_49)
   %92 = load i32* %91, align 4 (endState: LEGUP_F_main_BB__90_50)
   %93 = getelementptr inbounds [32 x i32]* %reg, i32 0, i32 %33 (endState: LEGUP_F_main_BB__90_49)
   %94 = load i32* %93, align 4 (endState: LEGUP_F_main_BB__90_50)
   %96 = getelementptr inbounds [32 x i32]* %reg, i32 0, i32 %31 (endState: LEGUP_F_main_BB__90_49)
   Transition: default: LEGUP_F_main_BB__90_50
state: LEGUP_F_main_BB__90_50
   %95 = xor i32 %92, %94 (endState: LEGUP_F_main_BB__90_50)
   store i32 %95, i32* %96, align 4 (endState: LEGUP_F_main_BB__90_51)
   Transition: default: LEGUP_F_main_BB__90_51
state: LEGUP_F_main_BB__90_51
   br label %234
   Transition: default: LEGUP_F_main_BB__234_116
state: LEGUP_F_main_BB__97_52
   %98 = getelementptr inbounds [32 x i32]* %reg, i32 0, i32 %33 (endState: LEGUP_F_main_BB__97_52)
   %99 = load i32* %98, align 4 (endState: LEGUP_F_main_BB__97_53)
   %101 = getelementptr inbounds [32 x i32]* %reg, i32 0, i32 %31 (endState: LEGUP_F_main_BB__97_52)
   Transition: default: LEGUP_F_main_BB__97_53
state: LEGUP_F_main_BB__97_53
   %100 = shl i32 %99, %29 (endState: LEGUP_F_main_BB__97_53)
   store i32 %100, i32* %101, align 4 (endState: LEGUP_F_main_BB__97_54)
   Transition: default: LEGUP_F_main_BB__97_54
state: LEGUP_F_main_BB__97_54
   br label %234
   Transition: default: LEGUP_F_main_BB__234_116
state: LEGUP_F_main_BB__102_55
   %103 = getelementptr inbounds [32 x i32]* %reg, i32 0, i32 %33 (endState: LEGUP_F_main_BB__102_55)
   %104 = load i32* %103, align 4 (endState: LEGUP_F_main_BB__102_56)
   %106 = getelementptr inbounds [32 x i32]* %reg, i32 0, i32 %31 (endState: LEGUP_F_main_BB__102_55)
   Transition: default: LEGUP_F_main_BB__102_56
state: LEGUP_F_main_BB__102_56
   %105 = ashr i32 %104, %29 (endState: LEGUP_F_main_BB__102_56)
   store i32 %105, i32* %106, align 4 (endState: LEGUP_F_main_BB__102_57)
   Transition: default: LEGUP_F_main_BB__102_57
state: LEGUP_F_main_BB__102_57
   br label %234
   Transition: default: LEGUP_F_main_BB__234_116
state: LEGUP_F_main_BB__107_58
   %108 = getelementptr inbounds [32 x i32]* %reg, i32 0, i32 %33 (endState: LEGUP_F_main_BB__107_58)
   %109 = load i32* %108, align 4 (endState: LEGUP_F_main_BB__107_59)
   %110 = getelementptr inbounds [32 x i32]* %reg, i32 0, i32 %35 (endState: LEGUP_F_main_BB__107_58)
   %111 = load i32* %110, align 4 (endState: LEGUP_F_main_BB__107_59)
   %113 = getelementptr inbounds [32 x i32]* %reg, i32 0, i32 %31 (endState: LEGUP_F_main_BB__107_58)
   Transition: default: LEGUP_F_main_BB__107_59
state: LEGUP_F_main_BB__107_59
   %112 = shl i32 %109, %111 (endState: LEGUP_F_main_BB__107_59)
   store i32 %112, i32* %113, align 4 (endState: LEGUP_F_main_BB__107_60)
   Transition: default: LEGUP_F_main_BB__107_60
state: LEGUP_F_main_BB__107_60
   br label %234
   Transition: default: LEGUP_F_main_BB__234_116
state: LEGUP_F_main_BB__114_61
   %115 = getelementptr inbounds [32 x i32]* %reg, i32 0, i32 %33 (endState: LEGUP_F_main_BB__114_61)
   %116 = load i32* %115, align 4 (endState: LEGUP_F_main_BB__114_62)
   %117 = getelementptr inbounds [32 x i32]* %reg, i32 0, i32 %35 (endState: LEGUP_F_main_BB__114_61)
   %118 = load i32* %117, align 4 (endState: LEGUP_F_main_BB__114_62)
   %120 = getelementptr inbounds [32 x i32]* %reg, i32 0, i32 %31 (endState: LEGUP_F_main_BB__114_61)
   Transition: default: LEGUP_F_main_BB__114_62
state: LEGUP_F_main_BB__114_62
   %119 = ashr i32 %116, %118 (endState: LEGUP_F_main_BB__114_62)
   store i32 %119, i32* %120, align 4 (endState: LEGUP_F_main_BB__114_63)
   Transition: default: LEGUP_F_main_BB__114_63
state: LEGUP_F_main_BB__114_63
   br label %234
   Transition: default: LEGUP_F_main_BB__234_116
state: LEGUP_F_main_BB__121_64
   %122 = getelementptr inbounds [32 x i32]* %reg, i32 0, i32 %35 (endState: LEGUP_F_main_BB__121_64)
   %123 = load i32* %122, align 4 (endState: LEGUP_F_main_BB__121_65)
   %124 = getelementptr inbounds [32 x i32]* %reg, i32 0, i32 %33 (endState: LEGUP_F_main_BB__121_64)
   %125 = load i32* %124, align 4 (endState: LEGUP_F_main_BB__121_65)
   %128 = getelementptr inbounds [32 x i32]* %reg, i32 0, i32 %31 (endState: LEGUP_F_main_BB__121_64)
   Transition: default: LEGUP_F_main_BB__121_65
state: LEGUP_F_main_BB__121_65
   %126 = icmp slt i32 %123, %125 (endState: LEGUP_F_main_BB__121_65)
   %127 = zext i1 %126 to i32 (endState: LEGUP_F_main_BB__121_65)
   store i32 %127, i32* %128, align 4 (endState: LEGUP_F_main_BB__121_66)
   Transition: default: LEGUP_F_main_BB__121_66
state: LEGUP_F_main_BB__121_66
   br label %234
   Transition: default: LEGUP_F_main_BB__234_116
state: LEGUP_F_main_BB__129_67
   %130 = getelementptr inbounds [32 x i32]* %reg, i32 0, i32 %35 (endState: LEGUP_F_main_BB__129_67)
   %131 = load i32* %130, align 4 (endState: LEGUP_F_main_BB__129_68)
   %132 = getelementptr inbounds [32 x i32]* %reg, i32 0, i32 %33 (endState: LEGUP_F_main_BB__129_67)
   %133 = load i32* %132, align 4 (endState: LEGUP_F_main_BB__129_68)
   %136 = getelementptr inbounds [32 x i32]* %reg, i32 0, i32 %31 (endState: LEGUP_F_main_BB__129_67)
   Transition: default: LEGUP_F_main_BB__129_68
state: LEGUP_F_main_BB__129_68
   %134 = icmp ult i32 %131, %133 (endState: LEGUP_F_main_BB__129_68)
   %135 = zext i1 %134 to i32 (endState: LEGUP_F_main_BB__129_68)
   store i32 %135, i32* %136, align 4 (endState: LEGUP_F_main_BB__129_69)
   Transition: default: LEGUP_F_main_BB__129_69
state: LEGUP_F_main_BB__129_69
   br label %234
   Transition: default: LEGUP_F_main_BB__234_116
state: LEGUP_F_main_BB__137_70
   %138 = getelementptr inbounds [32 x i32]* %reg, i32 0, i32 %35 (endState: LEGUP_F_main_BB__137_70)
   %139 = load i32* %138, align 4 (endState: LEGUP_F_main_BB__137_71)
   Transition: default: LEGUP_F_main_BB__137_71
state: LEGUP_F_main_BB__137_71
   br label %234
   Transition: default: LEGUP_F_main_BB__234_116
state: LEGUP_F_main_BB__140_72
   %141 = shl i32 %23, 2 (endState: LEGUP_F_main_BB__140_72)
   %142 = and i32 %141, 268435452 (endState: LEGUP_F_main_BB__140_72)
   br label %234
   Transition: default: LEGUP_F_main_BB__234_116
state: LEGUP_F_main_BB__143_73
   store i32 %24, i32* %14, align 4 (endState: LEGUP_F_main_BB__143_74)
   %144 = shl i32 %23, 2 (endState: LEGUP_F_main_BB__143_73)
   %145 = and i32 %144, 268435452 (endState: LEGUP_F_main_BB__143_73)
   Transition: default: LEGUP_F_main_BB__143_74
state: LEGUP_F_main_BB__143_74
   br label %234
   Transition: default: LEGUP_F_main_BB__234_116
state: LEGUP_F_main_BB__146_75
   %147 = lshr i32 %23, 16 (endState: LEGUP_F_main_BB__146_75)
   %148 = and i32 %147, 31 (endState: LEGUP_F_main_BB__146_75)
   %149 = lshr i32 %23, 21 (endState: LEGUP_F_main_BB__146_75)
   %150 = and i32 %149, 31 (endState: LEGUP_F_main_BB__146_75)
   switch i32 %25, label %.thread [
    i32 9, label %151
    i32 12, label %157
    i32 13, label %163
    i32 14, label %169
    i32 35, label %175
    i32 43, label %184
    i32 15, label %193
    i32 4, label %195
    i32 5, label %204
    i32 1, label %213
    i32 10, label %220
    i32 11, label %227
  ]
   Transition: switch (%25) 9: LEGUP_F_main_BB__151_76 12: LEGUP_F_main_BB__157_79 13: LEGUP_F_main_BB__163_82 14: LEGUP_F_main_BB__169_85 35: LEGUP_F_main_BB__175_88 43: LEGUP_F_main_BB__184_93 15: LEGUP_F_main_BB__193_97 4: LEGUP_F_main_BB__195_99 5: LEGUP_F_main_BB__204_102 1: LEGUP_F_main_BB__213_105 10: LEGUP_F_main_BB__220_108 11: LEGUP_F_main_BB__227_111 default: LEGUP_F_main_BB_thread_114
state: LEGUP_F_main_BB__151_76
   %152 = getelementptr inbounds [32 x i32]* %reg, i32 0, i32 %150 (endState: LEGUP_F_main_BB__151_76)
   %153 = load i32* %152, align 4 (endState: LEGUP_F_main_BB__151_77)
   %sext7 = shl i32 %23, 16 (endState: LEGUP_F_main_BB__151_76)
   %154 = ashr exact i32 %sext7, 16 (endState: LEGUP_F_main_BB__151_76)
   %156 = getelementptr inbounds [32 x i32]* %reg, i32 0, i32 %148 (endState: LEGUP_F_main_BB__151_76)
   Transition: default: LEGUP_F_main_BB__151_77
state: LEGUP_F_main_BB__151_77
   %155 = add nsw i32 %153, %154 (endState: LEGUP_F_main_BB__151_77)
   store i32 %155, i32* %156, align 4 (endState: LEGUP_F_main_BB__151_78)
   Transition: default: LEGUP_F_main_BB__151_78
state: LEGUP_F_main_BB__151_78
   br label %234
   Transition: default: LEGUP_F_main_BB__234_116
state: LEGUP_F_main_BB__157_79
   %158 = getelementptr inbounds [32 x i32]* %reg, i32 0, i32 %150 (endState: LEGUP_F_main_BB__157_79)
   %159 = load i32* %158, align 4 (endState: LEGUP_F_main_BB__157_80)
   %160 = and i32 %23, 65535 (endState: LEGUP_F_main_BB__157_79)
   %162 = getelementptr inbounds [32 x i32]* %reg, i32 0, i32 %148 (endState: LEGUP_F_main_BB__157_79)
   Transition: default: LEGUP_F_main_BB__157_80
state: LEGUP_F_main_BB__157_80
   %161 = and i32 %159, %160 (endState: LEGUP_F_main_BB__157_80)
   store i32 %161, i32* %162, align 4 (endState: LEGUP_F_main_BB__157_81)
   Transition: default: LEGUP_F_main_BB__157_81
state: LEGUP_F_main_BB__157_81
   br label %234
   Transition: default: LEGUP_F_main_BB__234_116
state: LEGUP_F_main_BB__163_82
   %164 = getelementptr inbounds [32 x i32]* %reg, i32 0, i32 %150 (endState: LEGUP_F_main_BB__163_82)
   %165 = load i32* %164, align 4 (endState: LEGUP_F_main_BB__163_83)
   %166 = and i32 %23, 65535 (endState: LEGUP_F_main_BB__163_82)
   %168 = getelementptr inbounds [32 x i32]* %reg, i32 0, i32 %148 (endState: LEGUP_F_main_BB__163_82)
   Transition: default: LEGUP_F_main_BB__163_83
state: LEGUP_F_main_BB__163_83
   %167 = or i32 %165, %166 (endState: LEGUP_F_main_BB__163_83)
   store i32 %167, i32* %168, align 4 (endState: LEGUP_F_main_BB__163_84)
   Transition: default: LEGUP_F_main_BB__163_84
state: LEGUP_F_main_BB__163_84
   br label %234
   Transition: default: LEGUP_F_main_BB__234_116
state: LEGUP_F_main_BB__169_85
   %170 = getelementptr inbounds [32 x i32]* %reg, i32 0, i32 %150 (endState: LEGUP_F_main_BB__169_85)
   %171 = load i32* %170, align 4 (endState: LEGUP_F_main_BB__169_86)
   %172 = and i32 %23, 65535 (endState: LEGUP_F_main_BB__169_85)
   %174 = getelementptr inbounds [32 x i32]* %reg, i32 0, i32 %148 (endState: LEGUP_F_main_BB__169_85)
   Transition: default: LEGUP_F_main_BB__169_86
state: LEGUP_F_main_BB__169_86
   %173 = xor i32 %171, %172 (endState: LEGUP_F_main_BB__169_86)
   store i32 %173, i32* %174, align 4 (endState: LEGUP_F_main_BB__169_87)
   Transition: default: LEGUP_F_main_BB__169_87
state: LEGUP_F_main_BB__169_87
   br label %234
   Transition: default: LEGUP_F_main_BB__234_116
state: LEGUP_F_main_BB__175_88
   %176 = getelementptr inbounds [32 x i32]* %reg, i32 0, i32 %150 (endState: LEGUP_F_main_BB__175_88)
   %177 = load i32* %176, align 4 (endState: LEGUP_F_main_BB__175_89)
   %183 = getelementptr inbounds [32 x i32]* %reg, i32 0, i32 %148 (endState: LEGUP_F_main_BB__175_88)
   Transition: default: LEGUP_F_main_BB__175_89
state: LEGUP_F_main_BB__175_89
   %178 = add nsw i32 %177, %23 (endState: LEGUP_F_main_BB__175_89)
   %179 = lshr i32 %178, 2 (endState: LEGUP_F_main_BB__175_89)
   %180 = and i32 %179, 63 (endState: LEGUP_F_main_BB__175_89)
   Transition: default: LEGUP_F_main_BB__175_90
state: LEGUP_F_main_BB__175_90
   %181 = getelementptr inbounds [64 x i32]* %dmem, i32 0, i32 %180 (endState: LEGUP_F_main_BB__175_90)
   %182 = load i32* %181, align 4 (endState: LEGUP_F_main_BB__175_91)
   Transition: default: LEGUP_F_main_BB__175_91
state: LEGUP_F_main_BB__175_91
   store i32 %182, i32* %183, align 4 (endState: LEGUP_F_main_BB__175_92)
   Transition: default: LEGUP_F_main_BB__175_92
state: LEGUP_F_main_BB__175_92
   br label %234
   Transition: default: LEGUP_F_main_BB__234_116
state: LEGUP_F_main_BB__184_93
   %185 = getelementptr inbounds [32 x i32]* %reg, i32 0, i32 %148 (endState: LEGUP_F_main_BB__184_93)
   %186 = load i32* %185, align 4 (endState: LEGUP_F_main_BB__184_94)
   %187 = getelementptr inbounds [32 x i32]* %reg, i32 0, i32 %150 (endState: LEGUP_F_main_BB__184_93)
   %188 = load i32* %187, align 4 (endState: LEGUP_F_main_BB__184_94)
   Transition: default: LEGUP_F_main_BB__184_94
state: LEGUP_F_main_BB__184_94
   %189 = add nsw i32 %188, %23 (endState: LEGUP_F_main_BB__184_94)
   %190 = lshr i32 %189, 2 (endState: LEGUP_F_main_BB__184_94)
   %191 = and i32 %190, 63 (endState: LEGUP_F_main_BB__184_94)
   Transition: default: LEGUP_F_main_BB__184_95
state: LEGUP_F_main_BB__184_95
   %192 = getelementptr inbounds [64 x i32]* %dmem, i32 0, i32 %191 (endState: LEGUP_F_main_BB__184_95)
   store i32 %186, i32* %192, align 4 (endState: LEGUP_F_main_BB__184_96)
   Transition: default: LEGUP_F_main_BB__184_96
state: LEGUP_F_main_BB__184_96
   br label %234
   Transition: default: LEGUP_F_main_BB__234_116
state: LEGUP_F_main_BB__193_97
   %sext4 = shl i32 %23, 16 (endState: LEGUP_F_main_BB__193_97)
   %194 = getelementptr inbounds [32 x i32]* %reg, i32 0, i32 %148 (endState: LEGUP_F_main_BB__193_97)
   store i32 %sext4, i32* %194, align 4 (endState: LEGUP_F_main_BB__193_98)
   Transition: default: LEGUP_F_main_BB__193_98
state: LEGUP_F_main_BB__193_98
   br label %234
   Transition: default: LEGUP_F_main_BB__234_116
state: LEGUP_F_main_BB__195_99
   %196 = getelementptr inbounds [32 x i32]* %reg, i32 0, i32 %150 (endState: LEGUP_F_main_BB__195_99)
   %197 = load i32* %196, align 4 (endState: LEGUP_F_main_BB__195_100)
   %198 = getelementptr inbounds [32 x i32]* %reg, i32 0, i32 %148 (endState: LEGUP_F_main_BB__195_99)
   %199 = load i32* %198, align 4 (endState: LEGUP_F_main_BB__195_100)
   Transition: default: LEGUP_F_main_BB__195_100
state: LEGUP_F_main_BB__195_100
   %200 = icmp eq i32 %197, %199 (endState: LEGUP_F_main_BB__195_100)
   br i1 %200, label %201, label %234
   Transition: if (%200): LEGUP_F_main_BB__201_101 default: LEGUP_F_main_BB__234_116
state: LEGUP_F_main_BB__201_101
   %sext3 = shl i32 %23, 16 (endState: LEGUP_F_main_BB__201_101)
   %202 = ashr exact i32 %sext3, 14 (endState: LEGUP_F_main_BB__201_101)
   %203 = add nsw i32 %pc.0, %202 (endState: LEGUP_F_main_BB__201_101)
   br label %234
   Transition: default: LEGUP_F_main_BB__234_116
state: LEGUP_F_main_BB__204_102
   %205 = getelementptr inbounds [32 x i32]* %reg, i32 0, i32 %150 (endState: LEGUP_F_main_BB__204_102)
   %206 = load i32* %205, align 4 (endState: LEGUP_F_main_BB__204_103)
   %207 = getelementptr inbounds [32 x i32]* %reg, i32 0, i32 %148 (endState: LEGUP_F_main_BB__204_102)
   %208 = load i32* %207, align 4 (endState: LEGUP_F_main_BB__204_103)
   Transition: default: LEGUP_F_main_BB__204_103
state: LEGUP_F_main_BB__204_103
   %209 = icmp eq i32 %206, %208 (endState: LEGUP_F_main_BB__204_103)
   br i1 %209, label %234, label %210
   Transition: if (%209): LEGUP_F_main_BB__234_116 default: LEGUP_F_main_BB__210_104
state: LEGUP_F_main_BB__210_104
   %sext2 = shl i32 %23, 16 (endState: LEGUP_F_main_BB__210_104)
   %211 = ashr exact i32 %sext2, 14 (endState: LEGUP_F_main_BB__210_104)
   %212 = add nsw i32 %pc.0, %211 (endState: LEGUP_F_main_BB__210_104)
   br label %234
   Transition: default: LEGUP_F_main_BB__234_116
state: LEGUP_F_main_BB__213_105
   %214 = getelementptr inbounds [32 x i32]* %reg, i32 0, i32 %150 (endState: LEGUP_F_main_BB__213_105)
   %215 = load i32* %214, align 4 (endState: LEGUP_F_main_BB__213_106)
   Transition: default: LEGUP_F_main_BB__213_106
state: LEGUP_F_main_BB__213_106
   %216 = icmp sgt i32 %215, -1 (endState: LEGUP_F_main_BB__213_106)
   br i1 %216, label %217, label %234
   Transition: if (%216): LEGUP_F_main_BB__217_107 default: LEGUP_F_main_BB__234_116
state: LEGUP_F_main_BB__217_107
   %sext1 = shl i32 %23, 16 (endState: LEGUP_F_main_BB__217_107)
   %218 = ashr exact i32 %sext1, 14 (endState: LEGUP_F_main_BB__217_107)
   %219 = add nsw i32 %pc.0, %218 (endState: LEGUP_F_main_BB__217_107)
   br label %234
   Transition: default: LEGUP_F_main_BB__234_116
state: LEGUP_F_main_BB__220_108
   %221 = getelementptr inbounds [32 x i32]* %reg, i32 0, i32 %150 (endState: LEGUP_F_main_BB__220_108)
   %222 = load i32* %221, align 4 (endState: LEGUP_F_main_BB__220_109)
   %sext = shl i32 %23, 16 (endState: LEGUP_F_main_BB__220_108)
   %223 = ashr exact i32 %sext, 16 (endState: LEGUP_F_main_BB__220_108)
   %226 = getelementptr inbounds [32 x i32]* %reg, i32 0, i32 %148 (endState: LEGUP_F_main_BB__220_108)
   Transition: default: LEGUP_F_main_BB__220_109
state: LEGUP_F_main_BB__220_109
   %224 = icmp slt i32 %222, %223 (endState: LEGUP_F_main_BB__220_109)
   %225 = zext i1 %224 to i32 (endState: LEGUP_F_main_BB__220_109)
   store i32 %225, i32* %226, align 4 (endState: LEGUP_F_main_BB__220_110)
   Transition: default: LEGUP_F_main_BB__220_110
state: LEGUP_F_main_BB__220_110
   br label %234
   Transition: default: LEGUP_F_main_BB__234_116
state: LEGUP_F_main_BB__227_111
   %228 = getelementptr inbounds [32 x i32]* %reg, i32 0, i32 %150 (endState: LEGUP_F_main_BB__227_111)
   %229 = load i32* %228, align 4 (endState: LEGUP_F_main_BB__227_112)
   %230 = and i32 %23, 65535 (endState: LEGUP_F_main_BB__227_111)
   %233 = getelementptr inbounds [32 x i32]* %reg, i32 0, i32 %148 (endState: LEGUP_F_main_BB__227_111)
   Transition: default: LEGUP_F_main_BB__227_112
state: LEGUP_F_main_BB__227_112
   %231 = icmp ult i32 %229, %230 (endState: LEGUP_F_main_BB__227_112)
   %232 = zext i1 %231 to i32 (endState: LEGUP_F_main_BB__227_112)
   store i32 %232, i32* %233, align 4 (endState: LEGUP_F_main_BB__227_113)
   Transition: default: LEGUP_F_main_BB__227_113
state: LEGUP_F_main_BB__227_113
   br label %234
   Transition: default: LEGUP_F_main_BB__234_116
state: LEGUP_F_main_BB_thread_114
   store i32 0, i32* %13, align 4 (endState: LEGUP_F_main_BB_thread_115)
   Transition: default: LEGUP_F_main_BB_thread_115
state: LEGUP_F_main_BB_thread_115
   br label %.loopexit
   Transition: default: LEGUP_F_main_BB_loopexit_119
state: LEGUP_F_main_BB__234_116
   %pc.6 = phi i32 [ %145, %143 ], [ %142, %140 ], [ %139, %137 ], [ %24, %129 ], [ %24, %121 ], [ %24, %114 ], [ %24, %107 ], [ %24, %102 ], [ %24, %97 ], [ %24, %90 ], [ %24, %83 ], [ %24, %76 ], [ %24, %74 ], [ %24, %72 ], [ %24, %61 ], [ %24, %50 ], [ %24, %43 ], [ %24, %36 ], [ %24, %227 ], [ %24, %220 ], [ %24, %193 ], [ %24, %184 ], [ %24, %175 ], [ %24, %169 ], [ %24, %163 ], [ %24, %157 ], [ %24, %151 ], [ %203, %201 ], [ %24, %195 ], [ %212, %210 ], [ %24, %204 ], [ %219, %217 ], [ %24, %213 ] (endState: LEGUP_F_main_BB__234_116)
   %Lo.2 = phi i32 [ %Lo.0, %143 ], [ %Lo.0, %140 ], [ %Lo.0, %137 ], [ %Lo.0, %129 ], [ %Lo.0, %121 ], [ %Lo.0, %114 ], [ %Lo.0, %107 ], [ %Lo.0, %102 ], [ %Lo.0, %97 ], [ %Lo.0, %90 ], [ %Lo.0, %83 ], [ %Lo.0, %76 ], [ %Lo.0, %74 ], [ %Lo.0, %72 ], [ %69, %61 ], [ %58, %50 ], [ %Lo.0, %43 ], [ %Lo.0, %36 ], [ %Lo.0, %227 ], [ %Lo.0, %220 ], [ %Lo.0, %193 ], [ %Lo.0, %184 ], [ %Lo.0, %175 ], [ %Lo.0, %169 ], [ %Lo.0, %163 ], [ %Lo.0, %157 ], [ %Lo.0, %151 ], [ %Lo.0, %201 ], [ %Lo.0, %195 ], [ %Lo.0, %210 ], [ %Lo.0, %204 ], [ %Lo.0, %217 ], [ %Lo.0, %213 ] (endState: LEGUP_F_main_BB__234_116)
   %Hi.2 = phi i32 [ %Hi.0, %143 ], [ %Hi.0, %140 ], [ %Hi.0, %137 ], [ %Hi.0, %129 ], [ %Hi.0, %121 ], [ %Hi.0, %114 ], [ %Hi.0, %107 ], [ %Hi.0, %102 ], [ %Hi.0, %97 ], [ %Hi.0, %90 ], [ %Hi.0, %83 ], [ %Hi.0, %76 ], [ %Hi.0, %74 ], [ %Hi.0, %72 ], [ %71, %61 ], [ %60, %50 ], [ %Hi.0, %43 ], [ %Hi.0, %36 ], [ %Hi.0, %227 ], [ %Hi.0, %220 ], [ %Hi.0, %193 ], [ %Hi.0, %184 ], [ %Hi.0, %175 ], [ %Hi.0, %169 ], [ %Hi.0, %163 ], [ %Hi.0, %157 ], [ %Hi.0, %151 ], [ %Hi.0, %201 ], [ %Hi.0, %195 ], [ %Hi.0, %210 ], [ %Hi.0, %204 ], [ %Hi.0, %217 ], [ %Hi.0, %213 ] (endState: LEGUP_F_main_BB__234_116)
   store i32 0, i32* %13, align 4 (endState: LEGUP_F_main_BB__234_117)
   %235 = add nsw i32 %19, 1 (endState: LEGUP_F_main_BB__234_116)
   %236 = icmp eq i32 %pc.6, 0 (endState: LEGUP_F_main_BB__234_116)
   Transition: default: LEGUP_F_main_BB__234_117
state: LEGUP_F_main_BB__234_117
   br i1 %236, label %.loopexit.loopexit, label %18
   Transition: if (%236): LEGUP_F_main_BB_loopexitloopexit_118 default: LEGUP_F_main_BB__18_24
state: LEGUP_F_main_BB_loopexitloopexit_118
   br label %.loopexit
   Transition: default: LEGUP_F_main_BB_loopexit_119
state: LEGUP_F_main_BB_loopexit_119
   %237 = icmp eq i32 %19, 610 (endState: LEGUP_F_main_BB_loopexit_119)
   %238 = zext i1 %237 to i32 (endState: LEGUP_F_main_BB_loopexit_119)
   br label %239
   Transition: default: LEGUP_F_main_BB__239_120
state: LEGUP_F_main_BB__239_120
   %main_result.0 = phi i32 [ %238, %.loopexit ], [ %246, %241 ] (endState: LEGUP_F_main_BB__239_120)
   %240 = phi i32 [ 0, %.loopexit ], [ %247, %241 ] (endState: LEGUP_F_main_BB__239_120)
   %exitcond1 = icmp eq i32 %240, 8 (endState: LEGUP_F_main_BB__239_120)
   br i1 %exitcond1, label %248, label %241
   Transition: if (%exitcond1): LEGUP_F_main_BB__248_123 default: LEGUP_F_main_BB__241_121
state: LEGUP_F_main_BB__241_121
   %scevgep2 = getelementptr [64 x i32]* %dmem, i32 0, i32 %240 (endState: LEGUP_F_main_BB__241_121)
   %scevgep = getelementptr [8 x i32]* @outData, i32 0, i32 %240 (endState: LEGUP_F_main_BB__241_121)
   call void @__legup_label(i8* getelementptr inbounds ([8 x i8]* @.str, i32 0, i32 0)) #2 (endState: LEGUP_F_main_BB__241_121)
   %242 = load i32* %scevgep2, align 4 (endState: LEGUP_F_main_BB__241_122)
   %243 = load i32* %scevgep, align 4 (endState: LEGUP_F_main_BB__241_122)
   %247 = add nsw i32 %240, 1 (endState: LEGUP_F_main_BB__241_121)
   Transition: default: LEGUP_F_main_BB__241_122
state: LEGUP_F_main_BB__241_122
   %244 = icmp eq i32 %242, %243 (endState: LEGUP_F_main_BB__241_122)
   %245 = zext i1 %244 to i32 (endState: LEGUP_F_main_BB__241_122)
   %246 = add nsw i32 %main_result.0, %245 (endState: LEGUP_F_main_BB__241_122)
   br label %239
   Transition: default: LEGUP_F_main_BB__239_120
state: LEGUP_F_main_BB__248_123
   %249 = call i32 (i8*, ...)* @printf(i8* getelementptr inbounds ([11 x i8]* @.str1, i32 0, i32 0), i32 %main_result.0) #3 (endState: LEGUP_F_main_BB__248_123)
   %250 = icmp eq i32 %main_result.0, 9 (endState: LEGUP_F_main_BB__248_123)
   br i1 %250, label %251, label %253
   Transition: if (%250): LEGUP_F_main_BB__251_124 default: LEGUP_F_main_BB__253_125
state: LEGUP_F_main_BB__251_124
   %252 = call i32 (i8*, ...)* @printf(i8* getelementptr inbounds ([13 x i8]* @.str2, i32 0, i32 0)) #3 (endState: LEGUP_F_main_BB__251_124)
   br label %255
   Transition: default: LEGUP_F_main_BB__255_126
state: LEGUP_F_main_BB__253_125
   %254 = call i32 (i8*, ...)* @printf(i8* getelementptr inbounds ([13 x i8]* @.str3, i32 0, i32 0)) #3 (endState: LEGUP_F_main_BB__253_125)
   br label %255
   Transition: default: LEGUP_F_main_BB__255_126
state: LEGUP_F_main_BB__255_126
   ret i32 %main_result.0
   Transition: default: LEGUP_0

Basic Block: %legup_memset_4.exit.preheader Num States: 1
Basic Block: %2 Num States: 2
Basic Block: %legup_memset_4.exit Num States: 2
Basic Block: %.preheader5.preheader Num States: 1
Basic Block: %0 Num States: 1
Basic Block: %1 Num States: 1
Basic Block: %3 Num States: 4
Basic Block: %.preheader5 Num States: 1
Basic Block: %8 Num States: 3
Basic Block: %9 Num States: 2
Basic Block: %11 Num States: 1
Basic Block: %.preheader Num States: 1
Basic Block: %15 Num States: 3
Basic Block: %18 Num States: 2
Basic Block: %26 Num States: 1
Basic Block: %36 Num States: 3
Basic Block: %43 Num States: 3
Basic Block: %50 Num States: 3
Basic Block: %61 Num States: 3
Basic Block: %72 Num States: 2
Basic Block: %74 Num States: 2
Basic Block: %76 Num States: 3
Basic Block: %83 Num States: 3
Basic Block: %90 Num States: 3
Basic Block: %97 Num States: 3
Basic Block: %102 Num States: 3
Basic Block: %107 Num States: 3
Basic Block: %114 Num States: 3
Basic Block: %121 Num States: 3
Basic Block: %129 Num States: 3
Basic Block: %137 Num States: 2
Basic Block: %140 Num States: 1
Basic Block: %143 Num States: 2
Basic Block: %146 Num States: 1
Basic Block: %151 Num States: 3
Basic Block: %157 Num States: 3
Basic Block: %163 Num States: 3
Basic Block: %169 Num States: 3
Basic Block: %175 Num States: 5
Basic Block: %184 Num States: 4
Basic Block: %193 Num States: 2
Basic Block: %195 Num States: 2
Basic Block: %201 Num States: 1
Basic Block: %204 Num States: 2
Basic Block: %210 Num States: 1
Basic Block: %213 Num States: 2
Basic Block: %217 Num States: 1
Basic Block: %220 Num States: 3
Basic Block: %227 Num States: 3
Basic Block: %.thread Num States: 2
Basic Block: %234 Num States: 2
Basic Block: %.loopexit.loopexit Num States: 1
Basic Block: %.loopexit Num States: 1
Basic Block: %239 Num States: 1
Basic Block: %241 Num States: 2
Basic Block: %248 Num States: 1
Basic Block: %251 Num States: 1
Basic Block: %253 Num States: 1
Basic Block: %255 Num States: 1
End Function: main
--------------------------------------------------------------------------------

