//----------------------------------------------------------------------------//
// Generated by LegUp High-Level Synthesis Tool Version 4.0 (http://legup.org)
// Compiled: Sun Jun 19 18:41:14 2016
// University of Toronto
// For research and academic purposes only. Commercial use is prohibited.
// Please send bugs to: legup@eecg.toronto.edu
// Date: Wed Apr 19 18:27:07 2017
//----------------------------------------------------------------------------//

-----------------Function: main---------------
-------------------------1---------------------------
-----------------Delay of path:8.90 ns---------------
-----------------State:LEGUP_F_main_BB__61_37-----------------
(0.00 ns) --- (0.00 ns) ---   %67 = sext i32 %66 to i64
(8.90 ns) --- (8.90 ns) ---   %68 = mul i64 %64, %67

-----------------Function: main---------------
-------------------------2---------------------------
-----------------Delay of path:8.90 ns---------------
-----------------State:LEGUP_F_main_BB__61_37-----------------
(0.00 ns) --- (0.00 ns) ---   %64 = sext i32 %63 to i64
(8.90 ns) --- (8.90 ns) ---   %68 = mul i64 %64, %67

-----------------Function: main---------------
-------------------------3---------------------------
-----------------Delay of path:8.90 ns---------------
-----------------State:LEGUP_F_main_BB__50_34-----------------
(0.00 ns) --- (0.00 ns) ---   %56 = sext i32 %55 to i64
(8.90 ns) --- (8.90 ns) ---   %57 = mul nsw i64 %53, %56

-----------------Function: main---------------
-------------------------4---------------------------
-----------------Delay of path:8.90 ns---------------
-----------------State:LEGUP_F_main_BB__50_34-----------------
(0.00 ns) --- (0.00 ns) ---   %53 = sext i32 %52 to i64
(8.90 ns) --- (8.90 ns) ---   %57 = mul nsw i64 %53, %56

-----------------Function: main---------------
-------------------------5---------------------------
-----------------Delay of path:4.99 ns---------------
-----------------State:LEGUP_F_main_BB__241_122-----------------
(2.49 ns) --- (2.49 ns) ---   %244 = icmp eq i32 %242, %243
(0.00 ns) --- (2.49 ns) ---   %245 = zext i1 %244 to i32
(2.50 ns) --- (4.99 ns) ---   %246 = add nsw i32 %main_result.0, %245

-----------------Function: main---------------
-------------------------6---------------------------
-----------------Delay of path:3.13 ns---------------
-----------------State:LEGUP_F_main_BB__213_106-----------------
(3.13 ns) --- (3.13 ns) ---   %216 = icmp sgt i32 %215, -1
(0.00 ns) --- (3.13 ns) ---   br i1 %216, label %217, label %234

-----------------Function: main---------------
-------------------------7---------------------------
-----------------Delay of path:2.59 ns---------------
-----------------State:LEGUP_F_main_BB_legup_memset_4exit_6-----------------
(0.00 ns) --- (0.00 ns) ---   %indvar7 = phi i32 [ 0, %legup_memset_4.exit.preheader ], [ %indvar.next8, %3 ]
(2.59 ns) --- (2.59 ns) ---   %i1.0 = mul i32 %indvar7, 5

-----------------Function: main---------------
-------------------------8---------------------------
-----------------Delay of path:2.50 ns---------------
-----------------State:LEGUP_F_main_BB__3_9-----------------
(2.50 ns) --- (2.50 ns) ---   %5 = add i32 %i1.0, 2

-----------------Function: main---------------
-------------------------9---------------------------
-----------------Delay of path:2.50 ns---------------
-----------------State:LEGUP_F_main_BB__3_9-----------------
(2.50 ns) --- (2.50 ns) ---   %4 = add i32 %i1.0, 1

-----------------Function: main---------------
-------------------------10---------------------------
-----------------Delay of path:2.50 ns---------------
-----------------State:LEGUP_F_main_BB__2_4-----------------
(2.50 ns) --- (2.50 ns) ---   %indvar.next16 = add i32 %indvar15, 1


