//----------------------------------------------------------------------------//
// Generated by LegUp High-Level Synthesis Tool Version 4.0 (http://legup.org)
// Compiled: Sun Jun 19 18:41:14 2016
// University of Toronto
// For research and academic purposes only. Commercial use is prohibited.
// Please send bugs to: legup@eecg.toronto.edu
// Date: Sat Apr 22 14:59:14 2017
//----------------------------------------------------------------------------//

-------------------------- Datapath Operation Usage --------------------------

Operation "unknown" x 226 
Operation "bitwise_AND_64" x 1 
Operation "bitwise_OR_64" x 9 
Operation "bitwise_XOR_32" x 3 
Operation "shift_ll_64" x 6 
Operation "shift_rl_64" x 5 
Operation "signed_add_32" x 10 
Operation "signed_add_64" x 6 
Operation "signed_comp_eq_32" x 19 
Operation "signed_comp_eq_64" x 18 
Operation "signed_comp_eq_mux_32" x 3 
Operation "signed_comp_eq_mux_64" x 13 
Operation "signed_comp_gt_32" x 6 
Operation "signed_comp_lt_32" x 5 
Operation "signed_comp_lt_64" x 2 
Operation "signed_subtract_32" x 7 
Operation "signed_subtract_64" x 2 
Operation "unsigned_comp_gt_32" x 1 
Operation "unsigned_comp_lt_32" x 2 
Operation "unsigned_comp_lt_64" x 3 

----------------------------- General Information -----------------------------

Number of declared variables in main: 282
Critical path contains operation: shift_rl_64

------------------------------ Resource Estimate ------------------------------

Fmax: 228 MHz
Note: Assuming only 87 DSPs available
Warning: These estimates don't account for binding yet!
Logic Elements: 12324
    Combinational: 6253
    Registers: 11353
DSP Elements: 0
