//----------------------------------------------------------------------------//
// Generated by LegUp High-Level Synthesis Tool Version 4.0 (http://legup.org)
// Compiled: Sun Jun 19 18:41:14 2016
// University of Toronto
// For research and academic purposes only. Commercial use is prohibited.
// Please send bugs to: legup@eecg.toronto.edu
// Date: Sat Apr 22 14:59:14 2017
//----------------------------------------------------------------------------//

-----------------Function: main---------------
-------------------------1---------------------------
-----------------Delay of path:20.00 ns---------------
-----------------State:LEGUP_F_main_BB_float64_is_signaling_nanexit1ii4_60-----------------
(0.00 ns) --- (0.00 ns) ---   %166 = trunc i64 %3 to i63
(20.00 ns) --- (20.00 ns) ---   %167 = icmp ugt i63 %166, -4503599627370496

-----------------Function: main---------------
-------------------------2---------------------------
-----------------Delay of path:20.00 ns---------------
-----------------State:LEGUP_F_main_BB_float64_is_signaling_nanexit1i4i_49-----------------
(0.00 ns) --- (0.00 ns) ---   %128 = trunc i64 %3 to i63
(20.00 ns) --- (20.00 ns) ---   %129 = icmp ugt i63 %128, -4503599627370496

-----------------Function: main---------------
-------------------------3---------------------------
-----------------Delay of path:20.00 ns---------------
-----------------State:LEGUP_F_main_BB_float64_is_signaling_nanexit1i11i_38-----------------
(0.00 ns) --- (0.00 ns) ---   %114 = trunc i64 %3 to i63
(20.00 ns) --- (20.00 ns) ---   %115 = icmp ugt i63 %114, -4503599627370496

-----------------Function: main---------------
-------------------------4---------------------------
-----------------Delay of path:20.00 ns---------------
-----------------State:LEGUP_F_main_BB_shift64RightJammingexit9i_29-----------------
(20.00 ns) --- (20.00 ns) ---   %not..i = xor i1 %98, true
(0.00 ns) --- (20.00 ns) ---   %99 = sext i1 %not..i to i32

-----------------Function: main---------------
-------------------------5---------------------------
-----------------Delay of path:20.00 ns---------------
-----------------State:LEGUP_F_main_BB_float64_is_signaling_nanexit1ii_24-----------------
(0.00 ns) --- (0.00 ns) ---   %83 = trunc i64 %3 to i63
(20.00 ns) --- (20.00 ns) ---   %84 = icmp ugt i63 %83, -4503599627370496

-----------------Function: main---------------
-------------------------6---------------------------
-----------------Delay of path:20.00 ns---------------
-----------------State:LEGUP_F_main_BB_float64_is_signaling_nanexit1i1i_15-----------------
(0.00 ns) --- (0.00 ns) ---   %53 = trunc i64 %3 to i63
(20.00 ns) --- (20.00 ns) ---   %54 = icmp ugt i63 %53, -4503599627370496

-----------------Function: main---------------
-------------------------7---------------------------
-----------------Delay of path:20.00 ns---------------
-----------------State:LEGUP_F_main_BB_float64_is_signaling_nanexit1i10i_6-----------------
(0.00 ns) --- (0.00 ns) ---   %24 = trunc i64 %3 to i63
(20.00 ns) --- (20.00 ns) ---   %25 = icmp ugt i63 %24, -4503599627370496

-----------------Function: main---------------
-------------------------8---------------------------
-----------------Delay of path:17.62 ns---------------
-----------------State:LEGUP_F_main_BB__194_68-----------------
(0.00 ns) --- (0.00 ns) ---   %zSig.0.i14 = phi i64 [ %193, %190 ], [ %160, %157 ]
(3.50 ns) --- (3.50 ns) ---   %196 = icmp ult i64 %zSig.0.i14, 4294967296
(4.29 ns) --- (7.79 ns) ---   %a.sink.i.i.i = select i1 %196, i64 %zSig.0.i14, i64 %197
(0.00 ns) --- (7.79 ns) ---   %extract.t.i.i.i = trunc i64 %a.sink.i.i.i to i32
(2.92 ns) --- (10.71 ns) ---   %198 = icmp ult i32 %extract.t.i.i.i, 65536
(3.99 ns) --- (14.70 ns) ---   %.a.i.i.i.i = select i1 %198, i32 %199, i32 %extract.t.i.i.i
(2.92 ns) --- (17.62 ns) ---   %200 = icmp ult i32 %.a.i.i.i.i, 16777216
(0.00 ns) --- (17.62 ns) ---   br i1 %200, label %201, label %normalizeRoundAndPackFloat64.exit.i

-----------------Function: main---------------
-------------------------9---------------------------
-----------------Delay of path:14.70 ns---------------
-----------------State:LEGUP_F_main_BB__194_68-----------------
(0.00 ns) --- (0.00 ns) ---   %zSig.0.i14 = phi i64 [ %193, %190 ], [ %160, %157 ]
(3.50 ns) --- (3.50 ns) ---   %196 = icmp ult i64 %zSig.0.i14, 4294967296
(4.29 ns) --- (7.79 ns) ---   %a.sink.i.i.i = select i1 %196, i64 %zSig.0.i14, i64 %197
(0.00 ns) --- (7.79 ns) ---   %extract.t.i.i.i = trunc i64 %a.sink.i.i.i to i32
(0.00 ns) --- (7.79 ns) ---   %199 = shl i32 %extract.t.i.i.i, 16
(3.99 ns) --- (11.78 ns) ---   %.a.i.i.i.i = select i1 %198, i32 %199, i32 %extract.t.i.i.i
(2.92 ns) --- (14.70 ns) ---   %200 = icmp ult i32 %.a.i.i.i.i, 16777216
(0.00 ns) --- (14.70 ns) ---   br i1 %200, label %201, label %normalizeRoundAndPackFloat64.exit.i

-----------------Function: main---------------
-------------------------10---------------------------
-----------------Delay of path:14.70 ns---------------
-----------------State:LEGUP_F_main_BB__194_68-----------------
(0.00 ns) --- (0.00 ns) ---   %zSig.0.i14 = phi i64 [ %193, %190 ], [ %160, %157 ]
(3.50 ns) --- (3.50 ns) ---   %196 = icmp ult i64 %zSig.0.i14, 4294967296
(4.29 ns) --- (7.79 ns) ---   %a.sink.i.i.i = select i1 %196, i64 %zSig.0.i14, i64 %197
(0.00 ns) --- (7.79 ns) ---   %extract.t.i.i.i = trunc i64 %a.sink.i.i.i to i32
(2.92 ns) --- (10.71 ns) ---   %198 = icmp ult i32 %extract.t.i.i.i, 65536
(3.99 ns) --- (14.70 ns) ---   %..i.i.i.i = select i1 %198, i32 16, i32 0


