//----------------------------------------------------------------------------//
// Generated by LegUp High-Level Synthesis Tool Version 4.0 (http://legup.org)
// Compiled: Sun Jun 19 18:41:14 2016
// University of Toronto
// For research and academic purposes only. Commercial use is prohibited.
// Please send bugs to: legup@eecg.toronto.edu
// Date: Sat Apr 15 11:37:16 2017
//----------------------------------------------------------------------------//

-------------------------- Datapath Operation Usage --------------------------

Operation "unknown" x 393 
Operation "altfp_fptosi_64" x 7 
Operation "altfp_multiply_64" x 7 
Operation "altfp_sitofp_64" x 7 
Operation "bitwise_OR_32" x 1 
Operation "shift_ra_32" x 4 
Operation "signed_add_32" x 106 
Operation "signed_comp_eq_32" x 32 
Operation "signed_comp_eq_mux_32" x 23 
Operation "signed_comp_gt_32" x 20 
Operation "signed_comp_lt_32" x 13 
Operation "signed_divide_32" x 2 
Operation "signed_multiply_32" x 29 
Operation "signed_multiply_nodsp_32" x 39 
Operation "signed_subtract_32" x 26 

----------------------------- General Information -----------------------------

Number of declared variables in main: 710
Critical path contains operation: signed_divide_32

------------------------------ Resource Estimate ------------------------------

Fmax: 12 MHz
Note: Assuming only 87 DSPs available
Warning: These estimates don't account for binding yet!
Logic Elements: 37418
    Combinational: 32750
    Registers: 20705
DSP Elements: 58
