//----------------------------------------------------------------------------//
// Generated by LegUp High-Level Synthesis Tool Version 4.0 (http://legup.org)
// Compiled: Sun Jun 19 18:41:14 2016
// University of Toronto
// For research and academic purposes only. Commercial use is prohibited.
// Please send bugs to: legup@eecg.toronto.edu
// Date: Sat Apr 15 11:37:16 2017
//----------------------------------------------------------------------------//

-----------------Function: main---------------
-------------------------1---------------------------
-----------------Delay of path:20.00 ns---------------
-----------------State:LEGUP_F_main_BB__89_114-----------------
(20.00 ns) --- (20.00 ns) ---   %90 = sdiv i32 %i.0.i, 2

-----------------Function: main---------------
-------------------------2---------------------------
-----------------Delay of path:20.00 ns---------------
-----------------State:LEGUP_F_main_BB__80_77-----------------
(20.00 ns) --- (20.00 ns) ---   %82 = sdiv i32 %i1.1.i, 2

-----------------Function: encode---------------
-------------------------3---------------------------
-----------------Delay of path:20.00 ns---------------
-----------------State:LEGUP_F_encode_BB_loopexiti_40-----------------
(20.00 ns) --- (20.00 ns) ---   %quant26bt_pos.quant26bt_neg = select i1 %62, [31 x i32]* @quant26bt_pos, [31 x i32]* @quant26bt_neg

-----------------Function: encode---------------
-------------------------4---------------------------
-----------------Delay of path:16.97 ns---------------
-----------------State:LEGUP_F_encode_BB_uppol2exit_127-----------------
(2.50 ns) --- (2.50 ns) ---   %apl1.0.i = add nsw i32 %239, %242
(3.13 ns) --- (5.63 ns) ---   %244 = icmp sgt i32 %apl1.0.i, %243
(3.99 ns) --- (9.62 ns) ---   %.apl1.0.i = select i1 %244, i32 %243, i32 %apl1.0.i
(3.36 ns) --- (12.98 ns) ---   %246 = icmp slt i32 %.apl1.0.i, %245
(3.99 ns) --- (16.97 ns) ---   %apl1.2.i = select i1 %246, i32 %245, i32 %.apl1.0.i

-----------------Function: encode---------------
-------------------------5---------------------------
-----------------Delay of path:16.97 ns---------------
-----------------State:LEGUP_F_encode_BB_uppol2exit_127-----------------
(0.00 ns) --- (0.00 ns) ---   %239 = ashr i32 %238, 8
(2.50 ns) --- (2.50 ns) ---   %apl1.0.i = add nsw i32 %239, %242
(3.13 ns) --- (5.63 ns) ---   %244 = icmp sgt i32 %apl1.0.i, %243
(3.99 ns) --- (9.62 ns) ---   %.apl1.0.i = select i1 %244, i32 %243, i32 %apl1.0.i
(3.36 ns) --- (12.98 ns) ---   %246 = icmp slt i32 %.apl1.0.i, %245
(3.99 ns) --- (16.97 ns) ---   %apl1.2.i = select i1 %246, i32 %245, i32 %.apl1.0.i

-----------------Function: encode---------------
-------------------------6---------------------------
-----------------Delay of path:16.97 ns---------------
-----------------State:LEGUP_F_encode_BB_uppol2exit17_77-----------------
(2.50 ns) --- (2.50 ns) ---   %apl1.0.i9 = add nsw i32 %138, %141
(3.13 ns) --- (5.63 ns) ---   %143 = icmp sgt i32 %apl1.0.i9, %142
(3.99 ns) --- (9.62 ns) ---   %.apl1.0.i9 = select i1 %143, i32 %142, i32 %apl1.0.i9
(3.36 ns) --- (12.98 ns) ---   %145 = icmp slt i32 %.apl1.0.i9, %144
(3.99 ns) --- (16.97 ns) ---   %apl1.2.i11 = select i1 %145, i32 %144, i32 %.apl1.0.i9

-----------------Function: encode---------------
-------------------------7---------------------------
-----------------Delay of path:16.97 ns---------------
-----------------State:LEGUP_F_encode_BB_uppol2exit17_77-----------------
(0.00 ns) --- (0.00 ns) ---   %138 = ashr i32 %137, 8
(2.50 ns) --- (2.50 ns) ---   %apl1.0.i9 = add nsw i32 %138, %141
(3.13 ns) --- (5.63 ns) ---   %143 = icmp sgt i32 %apl1.0.i9, %142
(3.99 ns) --- (9.62 ns) ---   %.apl1.0.i9 = select i1 %143, i32 %142, i32 %apl1.0.i9
(3.36 ns) --- (12.98 ns) ---   %145 = icmp slt i32 %.apl1.0.i9, %144
(3.99 ns) --- (16.97 ns) ---   %apl1.2.i11 = select i1 %145, i32 %144, i32 %.apl1.0.i9

-----------------Function: main---------------
-------------------------8---------------------------
-----------------Delay of path:15.24 ns---------------
-----------------State:LEGUP_F_main_BB_upzeroexitii_210-----------------
(3.13 ns) --- (3.13 ns) ---   %247 = icmp sgt i32 %246, -1
(3.99 ns) --- (7.12 ns) ---   %.65 = select i1 %247, i32 %248, i32 %245
(0.00 ns) --- (7.12 ns) ---   %249 = ashr i32 %.65, 7
(2.50 ns) --- (9.62 ns) ---   %wd4.0.i.i.i = add nsw i32 %249, %253
(2.50 ns) --- (12.11 ns) ---   %256 = add nsw i32 %wd4.0.i.i.i, %255
(3.13 ns) --- (15.24 ns) ---   %257 = icmp sgt i32 %256, 12288
(0.00 ns) --- (15.24 ns) ---   br i1 %257, label %uppol2.exit.i.i, label %258

-----------------Function: main---------------
-------------------------9---------------------------
-----------------Delay of path:15.24 ns---------------
-----------------State:LEGUP_F_main_BB_upzeroexit21ii_175-----------------
(3.13 ns) --- (3.13 ns) ---   %162 = icmp sgt i32 %161, -1
(3.99 ns) --- (7.12 ns) ---   %.61 = select i1 %162, i32 %163, i32 %160
(0.00 ns) --- (7.12 ns) ---   %164 = ashr i32 %.61, 7
(2.50 ns) --- (9.62 ns) ---   %wd4.0.i14.i.i = add nsw i32 %164, %168
(2.50 ns) --- (12.11 ns) ---   %171 = add nsw i32 %wd4.0.i14.i.i, %170
(3.13 ns) --- (15.24 ns) ---   %172 = icmp sgt i32 %171, 12288
(0.00 ns) --- (15.24 ns) ---   br i1 %172, label %uppol2.exit17.i.i, label %173

-----------------Function: encode---------------
-------------------------10---------------------------
-----------------Delay of path:14.51 ns---------------
-----------------State:LEGUP_F_encode_BB_filtezexit8_91-----------------
(2.50 ns) --- (2.50 ns) ---   %165 = add nsw i32 %162, %164
(0.00 ns) --- (2.50 ns) ---   %166 = ashr i32 %165, 15
(2.50 ns) --- (4.99 ns) ---   %167 = add nsw i32 %166, %156
(2.40 ns) --- (7.40 ns) ---   %168 = sub nsw i32 %47, %167
(3.13 ns) --- (10.53 ns) ---   %169 = icmp sgt i32 %168, -1
(3.99 ns) --- (14.51 ns) ---   %.5 = select i1 %169, i32 %168, i32 %173


