//----------------------------------------------------------------------------//
// Generated by LegUp High-Level Synthesis Tool Version 4.0 (http://legup.org)
// Compiled: Sun Jun 19 18:41:14 2016
// University of Toronto
// For research and academic purposes only. Commercial use is prohibited.
// Please send bugs to: legup@eecg.toronto.edu
// Date: Fri Apr 14 18:11:18 2017
//----------------------------------------------------------------------------//

-----------------Function: upzero---------------
-------------------------1---------------------------
-----------------Delay of path:2.59 ns---------------
-----------------State:LEGUP_F_upzero_BB_preheader1_4-----------------
(2.59 ns) --- (2.59 ns) ---   %3 = mul nsw i32 %2, %dlt

-----------------Function: upzero---------------
-------------------------2---------------------------
-----------------Delay of path:2.59 ns---------------
-----------------State:LEGUP_F_upzero_BB_preheader1_4-----------------
(2.59 ns) --- (2.59 ns) ---   %8 = mul nsw i32 %7, 255

-----------------Function: upzero---------------
-------------------------3---------------------------
-----------------Delay of path:2.59 ns---------------
-----------------State:LEGUP_F_upzero_BB_preheader1_8-----------------
(2.59 ns) --- (2.59 ns) ---   %13 = mul nsw i32 %12, %dlt

-----------------Function: upzero---------------
-------------------------4---------------------------
-----------------Delay of path:2.59 ns---------------
-----------------State:LEGUP_F_upzero_BB_preheader1_8-----------------
(2.59 ns) --- (2.59 ns) ---   %19 = mul nsw i32 %18, 255

-----------------Function: upzero---------------
-------------------------5---------------------------
-----------------Delay of path:2.59 ns---------------
-----------------State:LEGUP_F_upzero_BB_preheader1_12-----------------
(2.59 ns) --- (2.59 ns) ---   %24 = mul nsw i32 %23, %dlt

-----------------Function: upzero---------------
-------------------------6---------------------------
-----------------Delay of path:2.59 ns---------------
-----------------State:LEGUP_F_upzero_BB_preheader1_12-----------------
(2.59 ns) --- (2.59 ns) ---   %30 = mul nsw i32 %29, 255

-----------------Function: upzero---------------
-------------------------7---------------------------
-----------------Delay of path:2.59 ns---------------
-----------------State:LEGUP_F_upzero_BB_preheader1_16-----------------
(2.59 ns) --- (2.59 ns) ---   %35 = mul nsw i32 %34, %dlt

-----------------Function: upzero---------------
-------------------------8---------------------------
-----------------Delay of path:2.59 ns---------------
-----------------State:LEGUP_F_upzero_BB_preheader1_16-----------------
(2.59 ns) --- (2.59 ns) ---   %41 = mul nsw i32 %40, 255

-----------------Function: upzero---------------
-------------------------9---------------------------
-----------------Delay of path:2.59 ns---------------
-----------------State:LEGUP_F_upzero_BB_preheader1_20-----------------
(2.59 ns) --- (2.59 ns) ---   %46 = mul nsw i32 %45, %dlt

-----------------Function: upzero---------------
-------------------------10---------------------------
-----------------Delay of path:2.59 ns---------------
-----------------State:LEGUP_F_upzero_BB_preheader1_20-----------------
(2.59 ns) --- (2.59 ns) ---   %52 = mul nsw i32 %51, 255


-----------------Function: main---------------
-------------------------1---------------------------
-----------------Delay of path:20.00 ns---------------
-----------------State:LEGUP_F_main_BB_legup_memset_4_i64exit_30-----------------
(0.00 ns) --- (0.00 ns) ---   %indvar9 = phi i32 [ 0, %legup_memset_4_i64.exit.preheader ], [ %indvar.next10, %encode.exit._crit_edge ]
(0.00 ns) --- (0.00 ns) ---   %i.02.i = shl i32 %indvar9, 1
(20.00 ns) --- (20.00 ns) ---   %32 = sdiv i32 %i.02.i, 2

-----------------Function: main---------------
-------------------------2---------------------------
-----------------Delay of path:20.00 ns---------------
-----------------State:LEGUP_F_main_BB_quantlexiti_67-----------------
(20.00 ns) --- (20.00 ns) ---   %quant26bt_pos.quant26bt_neg.i.i = select i1 %112, [31 x i32]* @quant26bt_pos, [31 x i32]* @quant26bt_neg

-----------------Function: main---------------
-------------------------3---------------------------
-----------------Delay of path:20.00 ns---------------
-----------------State:LEGUP_F_main_BB_preheaderi_108-----------------
(0.00 ns) --- (0.00 ns) ---   %indvar = phi i32 [ %indvar.next, %.preheader.i ], [ 0, %.preheader.i.preheader ]
(0.00 ns) --- (0.00 ns) ---   %i.11.i = shl i32 %indvar, 1
(20.00 ns) --- (20.00 ns) ---   %252 = sdiv i32 %i.11.i, 2

-----------------Function: main---------------
-------------------------4---------------------------
-----------------Delay of path:19.97 ns---------------
-----------------State:LEGUP_F_main_BB_legup_memset_4_i64exit_31-----------------
(2.50 ns) --- (2.50 ns) ---   %38 = add nsw i32 %37, %35
(2.50 ns) --- (4.99 ns) ---   %42 = add nsw i32 %41, %38
(2.50 ns) --- (7.49 ns) ---   %46 = add nsw i32 %45, %42
(2.50 ns) --- (9.98 ns) ---   %50 = add nsw i32 %49, %46
(2.50 ns) --- (12.48 ns) ---   %54 = add nsw i32 %53, %50
(2.50 ns) --- (14.98 ns) ---   %58 = add nsw i32 %57, %54
(2.50 ns) --- (17.47 ns) ---   %62 = add nsw i32 %61, %58
(2.50 ns) --- (19.97 ns) ---   %66 = add nsw i32 %65, %62

-----------------Function: main---------------
-------------------------5---------------------------
-----------------Delay of path:19.97 ns---------------
-----------------State:LEGUP_F_main_BB_legup_memset_4_i64exit_31-----------------
(2.50 ns) --- (2.50 ns) ---   %40 = add nsw i32 %39, %36
(2.50 ns) --- (4.99 ns) ---   %44 = add nsw i32 %43, %40
(2.50 ns) --- (7.49 ns) ---   %48 = add nsw i32 %47, %44
(2.50 ns) --- (9.98 ns) ---   %52 = add nsw i32 %51, %48
(2.50 ns) --- (12.48 ns) ---   %56 = add nsw i32 %55, %52
(2.50 ns) --- (14.98 ns) ---   %60 = add nsw i32 %59, %56
(2.50 ns) --- (17.47 ns) ---   %64 = add nsw i32 %63, %60
(2.50 ns) --- (19.97 ns) ---   %68 = add nsw i32 %67, %64

-----------------Function: main---------------
-------------------------6---------------------------
-----------------Delay of path:19.97 ns---------------
-----------------State:LEGUP_F_main_BB_preheaderi_156-----------------
(2.50 ns) --- (2.50 ns) ---   %410 = add nsw i32 %409, %407
(2.50 ns) --- (4.99 ns) ---   %414 = add nsw i32 %413, %410
(2.50 ns) --- (7.49 ns) ---   %418 = add nsw i32 %417, %414
(2.50 ns) --- (9.98 ns) ---   %422 = add nsw i32 %421, %418
(2.50 ns) --- (12.48 ns) ---   %426 = add nsw i32 %425, %422
(2.50 ns) --- (14.98 ns) ---   %430 = add nsw i32 %429, %426
(2.50 ns) --- (17.47 ns) ---   %434 = add nsw i32 %433, %430
(2.50 ns) --- (19.97 ns) ---   %438 = add nsw i32 %437, %434

-----------------Function: main---------------
-------------------------7---------------------------
-----------------Delay of path:19.97 ns---------------
-----------------State:LEGUP_F_main_BB_preheaderi_156-----------------
(2.50 ns) --- (2.50 ns) ---   %412 = add nsw i32 %411, %408
(2.50 ns) --- (4.99 ns) ---   %416 = add nsw i32 %415, %412
(2.50 ns) --- (7.49 ns) ---   %420 = add nsw i32 %419, %416
(2.50 ns) --- (9.98 ns) ---   %424 = add nsw i32 %423, %420
(2.50 ns) --- (12.48 ns) ---   %428 = add nsw i32 %427, %424
(2.50 ns) --- (14.98 ns) ---   %432 = add nsw i32 %431, %428
(2.50 ns) --- (17.47 ns) ---   %436 = add nsw i32 %435, %432
(2.50 ns) --- (19.97 ns) ---   %440 = add nsw i32 %439, %436

-----------------Function: main---------------
-------------------------8---------------------------
-----------------Delay of path:19.37 ns---------------
-----------------State:LEGUP_F_main_BB_preheaderi_142-----------------
(2.50 ns) --- (2.50 ns) ---   %297 = add nsw i32 %294, %296
(3.36 ns) --- (5.86 ns) ---   %298 = icmp slt i32 %297, 0
(3.99 ns) --- (9.85 ns) ---   %..i12.i = select i1 %298, i32 0, i32 %297
(3.13 ns) --- (12.98 ns) ---   %299 = icmp sgt i32 %..i12.i, 18432
(3.99 ns) --- (16.97 ns) ---   %...i13.i = select i1 %299, i32 18432, i32 %..i12.i
(0.00 ns) --- (16.97 ns) ---   %302 = ashr i32 %...i13.i, 11
(2.40 ns) --- (19.37 ns) ---   %305 = sub i32 9, %302

-----------------Function: main---------------
-------------------------9---------------------------
-----------------Delay of path:19.37 ns---------------
-----------------State:LEGUP_F_main_BB_preheaderi_147-----------------
(2.50 ns) --- (2.50 ns) ---   %369 = add nsw i32 %366, %368
(3.36 ns) --- (5.86 ns) ---   %370 = icmp slt i32 %369, 0
(3.99 ns) --- (9.85 ns) ---   %..i1.i = select i1 %370, i32 0, i32 %369
(3.13 ns) --- (12.98 ns) ---   %371 = icmp sgt i32 %..i1.i, 22528
(3.99 ns) --- (16.97 ns) ---   %...i2.i = select i1 %371, i32 22528, i32 %..i1.i
(0.00 ns) --- (16.97 ns) ---   %374 = ashr i32 %...i2.i, 11
(2.40 ns) --- (19.37 ns) ---   %377 = sub i32 11, %374

-----------------Function: main---------------
-------------------------10---------------------------
-----------------Delay of path:19.23 ns---------------
-----------------State:LEGUP_F_main_BB_quantlexiti_73-----------------
(3.13 ns) --- (3.13 ns) ---   %141 = icmp sgt i32 %140, -1
(3.99 ns) --- (7.12 ns) ---   %.1.i8.i5 = select i1 %141, i32 %142, i32 %139
(0.00 ns) --- (7.12 ns) ---   %143 = ashr i32 %.1.i8.i5, 7
(2.50 ns) --- (9.62 ns) ---   %wd4.0.i9.i6 = add nsw i32 %143, %149
(2.50 ns) --- (12.11 ns) ---   %150 = add nsw i32 %wd4.0.i9.i6, %147
(3.13 ns) --- (15.24 ns) ---   %151 = icmp sgt i32 %150, 12288
(3.99 ns) --- (19.23 ns) ---   %..i10.i7 = select i1 %151, i32 12288, i32 %150


