//----------------------------------------------------------------------------//
// Generated by LegUp High-Level Synthesis Tool Version 4.0 (http://legup.org)
// Compiled: Sun Jun 19 18:41:14 2016
// University of Toronto
// For research and academic purposes only. Commercial use is prohibited.
// Please send bugs to: legup@eecg.toronto.edu
// Date: Tue Apr 25 11:24:39 2017
//----------------------------------------------------------------------------//

-----------------Function: main---------------
-------------------------1---------------------------
-----------------Delay of path:20.00 ns---------------
-----------------State:LEGUP_F_main_BB_float64_is_signaling_nanexit1i10i_5-----------------
(0.00 ns) --- (0.00 ns) ---   %22 = trunc i64 %4 to i63
(20.00 ns) --- (20.00 ns) ---   %23 = icmp ugt i63 %22, -4503599627370496

-----------------Function: main---------------
-------------------------2---------------------------
-----------------Delay of path:20.00 ns---------------
-----------------State:LEGUP_F_main_BB_float64_is_signaling_nanexiti11i_7-----------------
(0.00 ns) --- (0.00 ns) ---   %30 = phi i1 [ false, %float64_is_signaling_nan.exit1.i10.i ], [ %29, %27 ]
(0.00 ns) --- (0.00 ns) ---   %31 = or i1 %.1, %30
(20.00 ns) --- (20.00 ns) ---   %. = select i1 %31, i1 %30, i1 %23

-----------------Function: main---------------
-------------------------3---------------------------
-----------------Delay of path:20.00 ns---------------
-----------------State:LEGUP_F_main_BB_float64_is_signaling_nanexiti11i_7-----------------
(0.00 ns) --- (0.00 ns) ---   %30 = phi i1 [ false, %float64_is_signaling_nan.exit1.i10.i ], [ %29, %27 ]
(20.00 ns) --- (20.00 ns) ---   %. = select i1 %31, i1 %30, i1 %23

-----------------Function: main---------------
-------------------------4---------------------------
-----------------Delay of path:20.00 ns---------------
-----------------State:LEGUP_F_main_BB_float64_is_signaling_nanexit1ii_14-----------------
(0.00 ns) --- (0.00 ns) ---   %48 = trunc i64 %4 to i63
(20.00 ns) --- (20.00 ns) ---   %49 = icmp ugt i63 %48, -4503599627370496

-----------------Function: main---------------
-------------------------5---------------------------
-----------------Delay of path:20.00 ns---------------
-----------------State:LEGUP_F_main_BB_float64_is_signaling_nanexitii_16-----------------
(0.00 ns) --- (0.00 ns) ---   %56 = phi i1 [ false, %float64_is_signaling_nan.exit1.i.i ], [ %55, %53 ]
(0.00 ns) --- (0.00 ns) ---   %57 = or i1 %.2, %56
(20.00 ns) --- (20.00 ns) ---   %.8 = select i1 %57, i1 %56, i1 %49

-----------------Function: main---------------
-------------------------6---------------------------
-----------------Delay of path:20.00 ns---------------
-----------------State:LEGUP_F_main_BB_float64_is_signaling_nanexitii_16-----------------
(0.00 ns) --- (0.00 ns) ---   %56 = phi i1 [ false, %float64_is_signaling_nan.exit1.i.i ], [ %55, %53 ]
(20.00 ns) --- (20.00 ns) ---   %.8 = select i1 %57, i1 %56, i1 %49

-----------------Function: main---------------
-------------------------7---------------------------
-----------------Delay of path:20.00 ns---------------
-----------------State:LEGUP_F_main_BB__115_36-----------------
(0.00 ns) --- (0.00 ns) ---   %overflow_intrinsic = zext i64 %130 to i65
(20.00 ns) --- (20.00 ns) ---   %overflow_intrinsic2 = add nuw i65 %overflow_intrinsic, %overflow_intrinsic1
(0.00 ns) --- (20.00 ns) ---   %133 = lshr i65 %overflow_intrinsic2, 32
(0.00 ns) --- (20.00 ns) ---   %.tr = trunc i65 %133 to i64
(0.00 ns) --- (20.00 ns) ---   %134 = and i64 %.tr, 4294967296

-----------------Function: main---------------
-------------------------8---------------------------
-----------------Delay of path:20.00 ns---------------
-----------------State:LEGUP_F_main_BB__115_36-----------------
(0.00 ns) --- (0.00 ns) ---   %overflow_intrinsic1 = zext i64 %131 to i65
(20.00 ns) --- (20.00 ns) ---   %overflow_intrinsic2 = add nuw i65 %overflow_intrinsic, %overflow_intrinsic1
(0.00 ns) --- (20.00 ns) ---   %133 = lshr i65 %overflow_intrinsic2, 32
(0.00 ns) --- (20.00 ns) ---   %.tr = trunc i65 %133 to i64
(0.00 ns) --- (20.00 ns) ---   %134 = and i64 %.tr, 4294967296

-----------------Function: main---------------
-------------------------9---------------------------
-----------------Delay of path:20.00 ns---------------
-----------------State:LEGUP_F_main_BB__115_36-----------------
(0.00 ns) --- (0.00 ns) ---   %overflow_intrinsic = zext i64 %130 to i65
(20.00 ns) --- (20.00 ns) ---   %overflow_intrinsic2 = add nuw i65 %overflow_intrinsic, %overflow_intrinsic1
(0.00 ns) --- (20.00 ns) ---   %overflow_intrinsic_sum = trunc i65 %overflow_intrinsic2 to i64
(0.00 ns) --- (20.00 ns) ---   %135 = lshr i64 %overflow_intrinsic_sum, 32

-----------------Function: main---------------
-------------------------10---------------------------
-----------------Delay of path:20.00 ns---------------
-----------------State:LEGUP_F_main_BB__115_36-----------------
(0.00 ns) --- (0.00 ns) ---   %overflow_intrinsic1 = zext i64 %131 to i65
(20.00 ns) --- (20.00 ns) ---   %overflow_intrinsic2 = add nuw i65 %overflow_intrinsic, %overflow_intrinsic1
(0.00 ns) --- (20.00 ns) ---   %overflow_intrinsic_sum = trunc i65 %overflow_intrinsic2 to i64
(0.00 ns) --- (20.00 ns) ---   %135 = lshr i64 %overflow_intrinsic_sum, 32


