
====== START ORIO ======

----- begin reading the source file: adpcm.c -----
----- finished reading the source file -----

----- begin reading the tuning specification file: adpcm.spec -----
----- finished reading the tuning specification -----

----- begin parsing annotations -----
----- finished parsing annotations -----

----- begin optimizations -----
orio.main.tspec.pparser.parser: error in input line #5, at token-type '}', token-value '}'
  File "/usr/local/bin/orcc", line 27, in <module>
    orio.main.orio_main.start(sys.argv, orio.main.orio_main.C_CPP)

  File "/usr/local/lib/python2.7/dist-packages/orio/main/orio_main.py", line 109, in start
    optimized_code_seq = odriver.optimizeCodeFrags(cfrags, True)

  File "/usr/local/lib/python2.7/dist-packages/orio/main/opt_driver.py", line 45, in optimizeCodeFrags
    cur_seq = self.__optimizeCodeFrag(cf, perf_params)

  File "/usr/local/lib/python2.7/dist-packages/orio/main/opt_driver.py", line 120, in __optimizeCodeFrag
    cfrag.cfrags)

  File "/usr/local/lib/python2.7/dist-packages/orio/main/tuner/tuner.py", line 51, in tune
    tinfo = self.__extractTuningInfo(module_body_code, line_no)

  File "/usr/local/lib/python2.7/dist-packages/orio/main/tuner/tuner.py", line 239, in __extractTuningInfo
    tuning_spec_dict = orio.main.tspec.tspec.TSpec().parseProgram(code)

  File "/usr/local/lib/python2.7/dist-packages/orio/main/tspec/tspec.py", line 37, in parseProgram
    stmt_seq = pparser.TSpecParser().parseProgram(prog_code)

  File "/usr/local/lib/python2.7/dist-packages/orio/main/tspec/pparser.py", line 385, in parseProgram
    return self.__parse(code, line_no, 'fspecs')

  File "/usr/local/lib/python2.7/dist-packages/orio/main/tspec/pparser.py", line 375, in __parse
    stmt_seq = p.parse(code)

  File "/usr/local/lib/python2.7/dist-packages/orio/tool/ply/yacc.py", line 265, in parse
    return self.parseopt_notrack(input,lexer,debug,tracking,tokenfunc)

  File "/usr/local/lib/python2.7/dist-packages/orio/tool/ply/yacc.py", line 1047, in parseopt_notrack
    tok = self.errorfunc(errtoken)

  File "/usr/local/lib/python2.7/dist-packages/orio/main/tspec/pparser.py", line 335, in p_error
    % (p.lineno, p.type, p.value))

  File "/usr/local/lib/python2.7/dist-packages/orio/main/util/globals.py", line 317, in err
    Globals().loggers['TuningLog'].error(errmsg + '\n' + '\n'.join(traceback.format_stack()))

orio.main.tspec.eval internal error:  unexpected type of TSpec statement
  File "/usr/local/bin/orcc", line 27, in <module>
    orio.main.orio_main.start(sys.argv, orio.main.orio_main.C_CPP)

  File "/usr/local/lib/python2.7/dist-packages/orio/main/orio_main.py", line 109, in start
    optimized_code_seq = odriver.optimizeCodeFrags(cfrags, True)

  File "/usr/local/lib/python2.7/dist-packages/orio/main/opt_driver.py", line 45, in optimizeCodeFrags
    cur_seq = self.__optimizeCodeFrag(cf, perf_params)

  File "/usr/local/lib/python2.7/dist-packages/orio/main/opt_driver.py", line 120, in __optimizeCodeFrag
    cfrag.cfrags)

  File "/usr/local/lib/python2.7/dist-packages/orio/main/tuner/tuner.py", line 51, in tune
    tinfo = self.__extractTuningInfo(module_body_code, line_no)

  File "/usr/local/lib/python2.7/dist-packages/orio/main/tuner/tuner.py", line 239, in __extractTuningInfo
    tuning_spec_dict = orio.main.tspec.tspec.TSpec().parseProgram(code)

  File "/usr/local/lib/python2.7/dist-packages/orio/main/tspec/tspec.py", line 38, in parseProgram
    stmt_seq = eval.TSpecEvaluator().evaluate(stmt_seq)

  File "/usr/local/lib/python2.7/dist-packages/orio/main/tspec/eval.py", line 332, in evaluate
    return self.__evaluate(stmt_seq, dict(__builtin__.__dict__.items() + itertools.__dict__.items() + string.__dict__.items()), {})

  File "/usr/local/lib/python2.7/dist-packages/orio/main/tspec/eval.py", line 326, in __evaluate
    err('orio.main.tspec.eval internal error:  unexpected type of TSpec statement')

  File "/usr/local/lib/python2.7/dist-packages/orio/main/util/globals.py", line 317, in err
    Globals().loggers['TuningLog'].error(errmsg + '\n' + '\n'.join(traceback.format_stack()))

