//----------------------------------------------------------------------------//
// Generated by LegUp High-Level Synthesis Tool Version 4.0 (http://legup.org)
// Compiled: Sun Jun 19 18:41:14 2016
// University of Toronto
// For research and academic purposes only. Commercial use is prohibited.
// Please send bugs to: legup@eecg.toronto.edu
// Date: Sat Apr 22 15:57:45 2017
//----------------------------------------------------------------------------//

-------------------------- Datapath Operation Usage --------------------------

Operation "unknown" x 466 
Operation "bitwise_OR_32" x 23 
Operation "bitwise_XOR_32" x 2 
Operation "shift_ll_32" x 22 
Operation "signed_add_32" x 147 
Operation "signed_comp_eq_32" x 22 
Operation "signed_comp_eq_mux_32" x 7 
Operation "signed_comp_gt_32" x 5 
Operation "signed_comp_lt_32" x 33 
Operation "signed_multiply_32" x 19 
Operation "signed_subtract_32" x 44 
Operation "unsigned_comp_gt_32" x 2 

----------------------------- General Information -----------------------------

Number of declared variables in main: 677
Critical path contains operation: signed_comp_eq_mux_32

------------------------------ Resource Estimate ------------------------------

Fmax: 250 MHz
Note: Assuming only 87 DSPs available
Warning: These estimates don't account for binding yet!
Logic Elements: 20682
    Combinational: 11234
    Registers: 18313
DSP Elements: 38
