//----------------------------------------------------------------------------//
// Generated by LegUp High-Level Synthesis Tool Version 4.0 (http://legup.org)
// Compiled: Sun Jun 19 18:41:14 2016
// University of Toronto
// For research and academic purposes only. Commercial use is prohibited.
// Please send bugs to: legup@eecg.toronto.edu
// Date: Sat Apr 22 15:57:45 2017
//----------------------------------------------------------------------------//

-----------------Function: main---------------
-------------------------1---------------------------
-----------------Delay of path:20.00 ns---------------
-----------------State:LEGUP_F_main_BB_preheader2i9_86-----------------
(0.00 ns) --- (0.00 ns) ---   %.pr8.i7 = phi i8* [ %105, %.preheader2.i9.preheader ], [ %133, %Fill_Buffer.exit.i.i15 ]
(20.00 ns) --- (20.00 ns) ---   %130 = icmp ult i8* %.pr8.i7, getelementptr inbounds ([2048 x i8]* @ld_Rdbfr, i32 1, i32 0)
(0.00 ns) --- (20.00 ns) ---   br i1 %130, label %Fill_Buffer.exit.i.i15, label %.preheader1.i13.preheader

-----------------Function: main---------------
-------------------------2---------------------------
-----------------Delay of path:20.00 ns---------------
-----------------State:LEGUP_F_main_BB__104_80-----------------
(20.00 ns) --- (20.00 ns) ---   %106 = icmp ult i8* %105, getelementptr inbounds ([2048 x i8]* @ld_Rdbfr, i32 0, i32 2044)
(0.00 ns) --- (20.00 ns) ---   br i1 %106, label %.preheader.i6.preheader, label %.preheader2.i9.preheader

-----------------Function: main---------------
-------------------------3---------------------------
-----------------Delay of path:20.00 ns---------------
-----------------State:LEGUP_F_main_BB_preheader2i27_46-----------------
(0.00 ns) --- (0.00 ns) ---   %.pr8.i25 = phi i8* [ %41, %.preheader2.i27.preheader ], [ %69, %Fill_Buffer.exit.i.i33 ]
(20.00 ns) --- (20.00 ns) ---   %66 = icmp ult i8* %.pr8.i25, getelementptr inbounds ([2048 x i8]* @ld_Rdbfr, i32 1, i32 0)
(0.00 ns) --- (20.00 ns) ---   br i1 %66, label %Fill_Buffer.exit.i.i33, label %.preheader1.i31.preheader

-----------------Function: main---------------
-------------------------4---------------------------
-----------------Delay of path:20.00 ns---------------
-----------------State:LEGUP_F_main_BB__40_40-----------------
(20.00 ns) --- (20.00 ns) ---   %42 = icmp ult i8* %41, getelementptr inbounds ([2048 x i8]* @ld_Rdbfr, i32 0, i32 2044)
(0.00 ns) --- (20.00 ns) ---   br i1 %42, label %.preheader.i24.preheader, label %.preheader2.i27.preheader

-----------------Function: main---------------
-------------------------5---------------------------
-----------------Delay of path:20.00 ns---------------
-----------------State:LEGUP_F_main_BB_preheader4_17-----------------
(0.00 ns) --- (0.00 ns) ---   %.pr10 = phi i8* [ %22, %Fill_Buffer.exit.i.i ], [ getelementptr inbounds ([2048 x i8]* @ld_Rdbfr, i32 1, i32 0), %15 ]
(20.00 ns) --- (20.00 ns) ---   %19 = icmp ult i8* %.pr10, getelementptr inbounds ([2048 x i8]* @ld_Rdbfr, i32 1, i32 0)
(0.00 ns) --- (20.00 ns) ---   br i1 %19, label %Fill_Buffer.exit.i.i, label %.preheader3.preheader

-----------------Function: Get_motion_code---------------
-------------------------6---------------------------
-----------------Delay of path:20.00 ns---------------
-----------------State:LEGUP_F_Get_motion_code_BB_preheader2i28_132-----------------
(0.00 ns) --- (0.00 ns) ---   %.pr8.i26 = phi i8* [ %208, %.preheader2.i28.preheader ], [ %236, %Fill_Buffer.exit.i.i34 ]
(20.00 ns) --- (20.00 ns) ---   %233 = icmp ult i8* %.pr8.i26, getelementptr inbounds ([2048 x i8]* @ld_Rdbfr, i32 1, i32 0)
(0.00 ns) --- (20.00 ns) ---   br i1 %233, label %Fill_Buffer.exit.i.i34, label %.preheader1.i32.preheader

-----------------Function: Get_motion_code---------------
-------------------------7---------------------------
-----------------Delay of path:20.00 ns---------------
-----------------State:LEGUP_F_Get_motion_code_BB__207_126-----------------
(20.00 ns) --- (20.00 ns) ---   %209 = icmp ult i8* %208, getelementptr inbounds ([2048 x i8]* @ld_Rdbfr, i32 0, i32 2044)
(0.00 ns) --- (20.00 ns) ---   br i1 %209, label %.preheader.i25.preheader, label %.preheader2.i28.preheader

-----------------Function: Get_motion_code---------------
-------------------------8---------------------------
-----------------Delay of path:20.00 ns---------------
-----------------State:LEGUP_F_Get_motion_code_BB_preheader27_104-----------------
(0.00 ns) --- (0.00 ns) ---   %.pr1852 = phi i8* [ %194, %Fill_Buffer.exit.i14 ], [ %158, %.preheader27.preheader ]
(20.00 ns) --- (20.00 ns) ---   %191 = icmp ult i8* %.pr1852, getelementptr inbounds ([2048 x i8]* @ld_Rdbfr, i32 1, i32 0)
(0.00 ns) --- (20.00 ns) ---   br i1 %191, label %Fill_Buffer.exit.i14, label %.preheader26.preheader

-----------------Function: Get_motion_code---------------
-------------------------9---------------------------
-----------------Delay of path:20.00 ns---------------
-----------------State:LEGUP_F_Get_motion_code_BB__157_98-----------------
(20.00 ns) --- (20.00 ns) ---   %159 = icmp ult i8* %158, getelementptr inbounds ([2048 x i8]* @ld_Rdbfr, i32 0, i32 2044)
(0.00 ns) --- (20.00 ns) ---   br i1 %159, label %.preheader24, label %.preheader27.preheader

-----------------Function: Get_motion_code---------------
-------------------------10---------------------------
-----------------Delay of path:20.00 ns---------------
-----------------State:LEGUP_F_Get_motion_code_BB_preheader2i46_72-----------------
(0.00 ns) --- (0.00 ns) ---   %.pr8.i44 = phi i8* [ %107, %.preheader2.i46.preheader ], [ %135, %Fill_Buffer.exit.i.i52 ]
(20.00 ns) --- (20.00 ns) ---   %132 = icmp ult i8* %.pr8.i44, getelementptr inbounds ([2048 x i8]* @ld_Rdbfr, i32 1, i32 0)
(0.00 ns) --- (20.00 ns) ---   br i1 %132, label %Fill_Buffer.exit.i.i52, label %.preheader1.i50.preheader


