//----------------------------------------------------------------------------//
// Generated by LegUp High-Level Synthesis Tool Version 4.0 (http://legup.org)
// Compiled: Sun Jun 19 18:41:14 2016
// University of Toronto
// For research and academic purposes only. Commercial use is prohibited.
// Please send bugs to: legup@eecg.toronto.edu
// Date: Sat Apr 22 15:57:45 2017
//----------------------------------------------------------------------------//

-----------------Function: Get_motion_code---------------
-------------------------1---------------------------
-----------------Delay of path:20.00 ns---------------
-----------------State:LEGUP_F_Get_motion_code_BB__6_7-----------------
(20.00 ns) --- (20.00 ns) ---   %8 = icmp ult i8* %7, getelementptr inbounds ([2048 x i8]* @ld_Rdbfr, i32 0, i32 2044)
(0.00 ns) --- (20.00 ns) ---   br i1 %8, label %.preheader.i.preheader, label %.preheader2.i.preheader

-----------------Function: Get_motion_code---------------
-------------------------2---------------------------
-----------------Delay of path:20.00 ns---------------
-----------------State:LEGUP_F_Get_motion_code_BB_preheader2i_13-----------------
(0.00 ns) --- (0.00 ns) ---   %.pr8.i = phi i8* [ %7, %.preheader2.i.preheader ], [ %35, %Fill_Buffer.exit.i.i ]
(20.00 ns) --- (20.00 ns) ---   %32 = icmp ult i8* %.pr8.i, getelementptr inbounds ([2048 x i8]* @ld_Rdbfr, i32 1, i32 0)
(0.00 ns) --- (20.00 ns) ---   br i1 %32, label %Fill_Buffer.exit.i.i, label %.preheader1.i.preheader

-----------------Function: Get_motion_code---------------
-------------------------3---------------------------
-----------------Delay of path:20.00 ns---------------
-----------------State:LEGUP_F_Get_motion_code_BB__56_38-----------------
(20.00 ns) --- (20.00 ns) ---   %58 = icmp ult i8* %57, getelementptr inbounds ([2048 x i8]* @ld_Rdbfr, i32 0, i32 2044)
(0.00 ns) --- (20.00 ns) ---   br i1 %58, label %.preheader, label %.preheader22.preheader

-----------------Function: Get_motion_code---------------
-------------------------4---------------------------
-----------------Delay of path:20.00 ns---------------
-----------------State:LEGUP_F_Get_motion_code_BB_preheader22_44-----------------
(0.00 ns) --- (0.00 ns) ---   %.pr42 = phi i8* [ %93, %Fill_Buffer.exit.i ], [ %57, %.preheader22.preheader ]
(20.00 ns) --- (20.00 ns) ---   %90 = icmp ult i8* %.pr42, getelementptr inbounds ([2048 x i8]* @ld_Rdbfr, i32 1, i32 0)
(0.00 ns) --- (20.00 ns) ---   br i1 %90, label %Fill_Buffer.exit.i, label %.preheader21.preheader

-----------------Function: Get_motion_code---------------
-------------------------5---------------------------
-----------------Delay of path:20.00 ns---------------
-----------------State:LEGUP_F_Get_motion_code_BB__106_66-----------------
(20.00 ns) --- (20.00 ns) ---   %108 = icmp ult i8* %107, getelementptr inbounds ([2048 x i8]* @ld_Rdbfr, i32 0, i32 2044)
(0.00 ns) --- (20.00 ns) ---   br i1 %108, label %.preheader.i43.preheader, label %.preheader2.i46.preheader

-----------------Function: Get_motion_code---------------
-------------------------6---------------------------
-----------------Delay of path:20.00 ns---------------
-----------------State:LEGUP_F_Get_motion_code_BB_preheader2i46_72-----------------
(0.00 ns) --- (0.00 ns) ---   %.pr8.i44 = phi i8* [ %107, %.preheader2.i46.preheader ], [ %135, %Fill_Buffer.exit.i.i52 ]
(20.00 ns) --- (20.00 ns) ---   %132 = icmp ult i8* %.pr8.i44, getelementptr inbounds ([2048 x i8]* @ld_Rdbfr, i32 1, i32 0)
(0.00 ns) --- (20.00 ns) ---   br i1 %132, label %Fill_Buffer.exit.i.i52, label %.preheader1.i50.preheader

-----------------Function: Get_motion_code---------------
-------------------------7---------------------------
-----------------Delay of path:20.00 ns---------------
-----------------State:LEGUP_F_Get_motion_code_BB__157_98-----------------
(20.00 ns) --- (20.00 ns) ---   %159 = icmp ult i8* %158, getelementptr inbounds ([2048 x i8]* @ld_Rdbfr, i32 0, i32 2044)
(0.00 ns) --- (20.00 ns) ---   br i1 %159, label %.preheader24, label %.preheader27.preheader

-----------------Function: Get_motion_code---------------
-------------------------8---------------------------
-----------------Delay of path:20.00 ns---------------
-----------------State:LEGUP_F_Get_motion_code_BB_preheader27_104-----------------
(0.00 ns) --- (0.00 ns) ---   %.pr1852 = phi i8* [ %194, %Fill_Buffer.exit.i14 ], [ %158, %.preheader27.preheader ]
(20.00 ns) --- (20.00 ns) ---   %191 = icmp ult i8* %.pr1852, getelementptr inbounds ([2048 x i8]* @ld_Rdbfr, i32 1, i32 0)
(0.00 ns) --- (20.00 ns) ---   br i1 %191, label %Fill_Buffer.exit.i14, label %.preheader26.preheader

-----------------Function: Get_motion_code---------------
-------------------------9---------------------------
-----------------Delay of path:20.00 ns---------------
-----------------State:LEGUP_F_Get_motion_code_BB__207_126-----------------
(20.00 ns) --- (20.00 ns) ---   %209 = icmp ult i8* %208, getelementptr inbounds ([2048 x i8]* @ld_Rdbfr, i32 0, i32 2044)
(0.00 ns) --- (20.00 ns) ---   br i1 %209, label %.preheader.i25.preheader, label %.preheader2.i28.preheader

-----------------Function: Get_motion_code---------------
-------------------------10---------------------------
-----------------Delay of path:20.00 ns---------------
-----------------State:LEGUP_F_Get_motion_code_BB_preheader2i28_132-----------------
(0.00 ns) --- (0.00 ns) ---   %.pr8.i26 = phi i8* [ %208, %.preheader2.i28.preheader ], [ %236, %Fill_Buffer.exit.i.i34 ]
(20.00 ns) --- (20.00 ns) ---   %233 = icmp ult i8* %.pr8.i26, getelementptr inbounds ([2048 x i8]* @ld_Rdbfr, i32 1, i32 0)
(0.00 ns) --- (20.00 ns) ---   br i1 %233, label %Fill_Buffer.exit.i.i34, label %.preheader1.i32.preheader


-----------------Function: main---------------
-------------------------1---------------------------
-----------------Delay of path:20.00 ns---------------
-----------------State:LEGUP_F_main_BB_preheader4_17-----------------
(0.00 ns) --- (0.00 ns) ---   %.pr10 = phi i8* [ %22, %Fill_Buffer.exit.i.i ], [ getelementptr inbounds ([2048 x i8]* @ld_Rdbfr, i32 1, i32 0), %15 ]
(20.00 ns) --- (20.00 ns) ---   %19 = icmp ult i8* %.pr10, getelementptr inbounds ([2048 x i8]* @ld_Rdbfr, i32 1, i32 0)
(0.00 ns) --- (20.00 ns) ---   br i1 %19, label %Fill_Buffer.exit.i.i, label %.preheader3.preheader

-----------------Function: main---------------
-------------------------2---------------------------
-----------------Delay of path:20.00 ns---------------
-----------------State:LEGUP_F_main_BB__40_40-----------------
(20.00 ns) --- (20.00 ns) ---   %42 = icmp ult i8* %41, getelementptr inbounds ([2048 x i8]* @ld_Rdbfr, i32 0, i32 2044)
(0.00 ns) --- (20.00 ns) ---   br i1 %42, label %.preheader.i24.preheader, label %.preheader2.i27.preheader

-----------------Function: main---------------
-------------------------3---------------------------
-----------------Delay of path:20.00 ns---------------
-----------------State:LEGUP_F_main_BB_preheader2i27_46-----------------
(0.00 ns) --- (0.00 ns) ---   %.pr8.i25 = phi i8* [ %41, %.preheader2.i27.preheader ], [ %69, %Fill_Buffer.exit.i.i33 ]
(20.00 ns) --- (20.00 ns) ---   %66 = icmp ult i8* %.pr8.i25, getelementptr inbounds ([2048 x i8]* @ld_Rdbfr, i32 1, i32 0)
(0.00 ns) --- (20.00 ns) ---   br i1 %66, label %Fill_Buffer.exit.i.i33, label %.preheader1.i31.preheader

-----------------Function: main---------------
-------------------------4---------------------------
-----------------Delay of path:20.00 ns---------------
-----------------State:LEGUP_F_main_BB__104_80-----------------
(20.00 ns) --- (20.00 ns) ---   %106 = icmp ult i8* %105, getelementptr inbounds ([2048 x i8]* @ld_Rdbfr, i32 0, i32 2044)
(0.00 ns) --- (20.00 ns) ---   br i1 %106, label %.preheader.i6.preheader, label %.preheader2.i9.preheader

-----------------Function: main---------------
-------------------------5---------------------------
-----------------Delay of path:20.00 ns---------------
-----------------State:LEGUP_F_main_BB_preheader2i9_86-----------------
(0.00 ns) --- (0.00 ns) ---   %.pr8.i7 = phi i8* [ %105, %.preheader2.i9.preheader ], [ %133, %Fill_Buffer.exit.i.i15 ]
(20.00 ns) --- (20.00 ns) ---   %130 = icmp ult i8* %.pr8.i7, getelementptr inbounds ([2048 x i8]* @ld_Rdbfr, i32 1, i32 0)
(0.00 ns) --- (20.00 ns) ---   br i1 %130, label %Fill_Buffer.exit.i.i15, label %.preheader1.i13.preheader

-----------------Function: main---------------
-------------------------6---------------------------
-----------------Delay of path:15.47 ns---------------
-----------------State:LEGUP_F_main_BB__79_66-----------------
(2.50 ns) --- (2.50 ns) ---   %80 = add i32 %78, -256
(0.87 ns) --- (3.36 ns) ---   %81 = or i32 %80, %36
(2.50 ns) --- (5.86 ns) ---   %82 = add nsw i32 %81, 1
(2.50 ns) --- (8.35 ns) ---   %83 = add nsw i32 %76, %82
(3.13 ns) --- (11.48 ns) ---   %84 = icmp sgt i32 %83, 4095
(3.99 ns) --- (15.47 ns) ---   %. = select i1 %84, i32 %85, i32 %83

-----------------Function: main---------------
-------------------------7---------------------------
-----------------Delay of path:15.47 ns---------------
-----------------State:LEGUP_F_main_BB__145_107-----------------
(2.50 ns) --- (2.50 ns) ---   %146 = add i32 %144, -256
(0.87 ns) --- (3.36 ns) ---   %147 = or i32 %146, %100
(2.50 ns) --- (5.86 ns) ---   %148 = add nsw i32 %147, 1
(2.50 ns) --- (8.35 ns) ---   %149 = add nsw i32 %142, %148
(3.13 ns) --- (11.48 ns) ---   %150 = icmp sgt i32 %149, 4095
(3.99 ns) --- (15.47 ns) ---   %.29 = select i1 %150, i32 %151, i32 %149

-----------------Function: main---------------
-------------------------8---------------------------
-----------------Delay of path:14.84 ns---------------
-----------------State:LEGUP_F_main_BB__79_66-----------------
(2.50 ns) --- (2.50 ns) ---   %80 = add i32 %78, -256
(0.87 ns) --- (3.36 ns) ---   %81 = or i32 %80, %36
(2.50 ns) --- (5.86 ns) ---   %82 = add nsw i32 %81, 1
(2.50 ns) --- (8.35 ns) ---   %83 = add nsw i32 %76, %82
(2.50 ns) --- (10.85 ns) ---   %85 = add nsw i32 %83, -8192
(3.99 ns) --- (14.84 ns) ---   %. = select i1 %84, i32 %85, i32 %83

-----------------Function: main---------------
-------------------------9---------------------------
-----------------Delay of path:14.84 ns---------------
-----------------State:LEGUP_F_main_BB__145_107-----------------
(2.50 ns) --- (2.50 ns) ---   %146 = add i32 %144, -256
(0.87 ns) --- (3.36 ns) ---   %147 = or i32 %146, %100
(2.50 ns) --- (5.86 ns) ---   %148 = add nsw i32 %147, 1
(2.50 ns) --- (8.35 ns) ---   %149 = add nsw i32 %142, %148
(2.50 ns) --- (10.85 ns) ---   %151 = add nsw i32 %149, -8192
(3.99 ns) --- (14.84 ns) ---   %.29 = select i1 %150, i32 %151, i32 %149

-----------------Function: main---------------
-------------------------10---------------------------
-----------------Delay of path:14.02 ns---------------
-----------------State:LEGUP_F_main_BB__88_69-----------------
(0.87 ns) --- (0.87 ns) ---   %89 = or i32 %78, %36
(0.91 ns) --- (1.77 ns) ---   %90 = xor i32 %89, -256
(2.50 ns) --- (4.27 ns) ---   %91 = add nsw i32 %90, 1
(2.40 ns) --- (6.67 ns) ---   %92 = sub nsw i32 %76, %91
(3.36 ns) --- (10.03 ns) ---   %93 = icmp slt i32 %92, -4096
(3.99 ns) --- (14.02 ns) ---   %.28 = select i1 %93, i32 %94, i32 %92


