//----------------------------------------------------------------------------//
// Generated by LegUp High-Level Synthesis Tool Version 4.0 (http://legup.org)
// Compiled: Sun Jun 19 18:41:14 2016
// University of Toronto
// For research and academic purposes only. Commercial use is prohibited.
// Please send bugs to: legup@eecg.toronto.edu
// Date: Tue Apr 25 13:53:50 2017
//----------------------------------------------------------------------------//

-------------------------- Datapath Operation Usage --------------------------

Operation "unknown" x 696 
Operation "bitwise_AND_64" x 1 
Operation "bitwise_OR_64" x 18 
Operation "bitwise_XOR_32" x 3 
Operation "bitwise_XOR_64" x 3 
Operation "shift_ll_64" x 11 
Operation "shift_rl_64" x 5 
Operation "signed_add_32" x 31 
Operation "signed_add_64" x 18 
Operation "signed_comp_eq_32" x 28 
Operation "signed_comp_eq_64" x 81 
Operation "signed_comp_eq_mux_32" x 19 
Operation "signed_comp_eq_mux_64" x 23 
Operation "signed_comp_gt_32" x 6 
Operation "signed_comp_gt_64" x 1 
Operation "signed_comp_lt_32" x 6 
Operation "signed_comp_lt_64" x 6 
Operation "signed_multiply_32" x 1 
Operation "signed_multiply_64" x 10 
Operation "signed_subtract_32" x 14 
Operation "signed_subtract_64" x 8 
Operation "unsigned_comp_gt_32" x 1 
Operation "unsigned_comp_gt_64" x 5 
Operation "unsigned_comp_lt_32" x 12 
Operation "unsigned_comp_lt_64" x 8 
Operation "unsigned_divide_64" x 2 

----------------------------- General Information -----------------------------

Number of declared variables in main: 831
Critical path contains operation: unsigned_divide_64

------------------------------ Resource Estimate ------------------------------

Fmax: 5 MHz
Note: Assuming only 87 DSPs available
Warning: These estimates don't account for binding yet!
Logic Elements: 39106
    Combinational: 23289
    Registers: 32577
DSP Elements: 62
