//----------------------------------------------------------------------------//
// Generated by LegUp High-Level Synthesis Tool Version 4.0 (http://legup.org)
// Compiled: Sun Jun 19 18:41:14 2016
// University of Toronto
// For research and academic purposes only. Commercial use is prohibited.
// Please send bugs to: legup@eecg.toronto.edu
// Date: Tue Apr 25 13:53:49 2017
//----------------------------------------------------------------------------//

-----------------Function: roundAndPackFloat64---------------
-------------------------1---------------------------
-----------------Delay of path:14.64 ns---------------
-----------------State:LEGUP_F_roundAndPackFloat64_BB_thread6_23-----------------
(0.00 ns) --- (0.00 ns) ---   %roundBits.09 = phi i32 [ 0, %.thread ], [ %roundBits.0, %40 ], [ 0, %shift64RightJamming.exit ]
(2.49 ns) --- (2.49 ns) ---   %45 = icmp eq i32 %roundBits.09, 512
(0.00 ns) --- (2.49 ns) ---   %46 = zext i1 %45 to i32
(0.91 ns) --- (3.40 ns) ---   %47 = xor i32 %46, -1
(0.00 ns) --- (3.40 ns) ---   %48 = sext i32 %47 to i64
(0.88 ns) --- (4.28 ns) ---   %49 = and i64 %44, %48
(2.90 ns) --- (7.19 ns) ---   %50 = icmp eq i64 %49, 0
(4.29 ns) --- (11.47 ns) ---   %54 = select i1 %50, i64 0, i64 %.op
(3.16 ns) --- (14.64 ns) ---   %56 = add i64 %54, %55

-----------------Function: roundAndPackFloat64---------------
-------------------------2---------------------------
-----------------Delay of path:14.39 ns---------------
-----------------State:LEGUP_F_roundAndPackFloat64_BB_thread6_23-----------------
(0.00 ns) --- (0.00 ns) ---   %zSig57 = phi i64 [ %zSig5, %.thread ], [ %zSig5, %40 ], [ %z.0.i, %shift64RightJamming.exit ]
(3.16 ns) --- (3.16 ns) ---   %43 = add i64 %zSig57, 512
(0.00 ns) --- (3.16 ns) ---   %44 = lshr i64 %43, 10
(0.88 ns) --- (4.04 ns) ---   %49 = and i64 %44, %48
(2.90 ns) --- (6.94 ns) ---   %50 = icmp eq i64 %49, 0
(4.29 ns) --- (11.23 ns) ---   %54 = select i1 %50, i64 0, i64 %.op
(3.16 ns) --- (14.39 ns) ---   %56 = add i64 %54, %55

-----------------Function: roundAndPackFloat64---------------
-------------------------3---------------------------
-----------------Delay of path:8.32 ns---------------
-----------------State:LEGUP_F_roundAndPackFloat64_BB_thread6_23-----------------
(0.00 ns) --- (0.00 ns) ---   %roundBits.09 = phi i32 [ 0, %.thread ], [ %roundBits.0, %40 ], [ 0, %shift64RightJamming.exit ]
(2.49 ns) --- (2.49 ns) ---   %45 = icmp eq i32 %roundBits.09, 512
(0.00 ns) --- (2.49 ns) ---   %46 = zext i1 %45 to i32
(0.91 ns) --- (3.40 ns) ---   %47 = xor i32 %46, -1
(0.00 ns) --- (3.40 ns) ---   %48 = sext i32 %47 to i64
(0.88 ns) --- (4.28 ns) ---   %49 = and i64 %44, %48
(0.88 ns) --- (5.16 ns) ---   %55 = or i64 %49, %52
(3.16 ns) --- (8.32 ns) ---   %56 = add i64 %54, %55

-----------------Function: roundAndPackFloat64---------------
-------------------------4---------------------------
-----------------Delay of path:8.14 ns---------------
-----------------State:LEGUP_F_roundAndPackFloat64_BB__21_11-----------------
(0.00 ns) --- (0.00 ns) ---   %25 = and i32 %zExp, 63
(0.00 ns) --- (0.00 ns) ---   %26 = zext i32 %25 to i64
(4.36 ns) --- (4.36 ns) ---   %27 = shl i64 %zSig, %26
(2.90 ns) --- (7.26 ns) ---   %28 = icmp ne i64 %27, 0
(0.00 ns) --- (7.26 ns) ---   %29 = zext i1 %28 to i64
(0.88 ns) --- (8.14 ns) ---   %30 = or i64 %29, %24

-----------------Function: roundAndPackFloat64---------------
-------------------------5---------------------------
-----------------Delay of path:8.08 ns---------------
-----------------State:LEGUP_F_roundAndPackFloat64_BB_thread6_23-----------------
(0.00 ns) --- (0.00 ns) ---   %zSig57 = phi i64 [ %zSig5, %.thread ], [ %zSig5, %40 ], [ %z.0.i, %shift64RightJamming.exit ]
(3.16 ns) --- (3.16 ns) ---   %43 = add i64 %zSig57, 512
(0.00 ns) --- (3.16 ns) ---   %44 = lshr i64 %43, 10
(0.88 ns) --- (4.04 ns) ---   %49 = and i64 %44, %48
(0.88 ns) --- (4.92 ns) ---   %55 = or i64 %49, %52
(3.16 ns) --- (8.08 ns) ---   %56 = add i64 %54, %55

-----------------Function: roundAndPackFloat64---------------
-------------------------6---------------------------
-----------------Delay of path:7.66 ns---------------
-----------------State:LEGUP_F_roundAndPackFloat64_BB__21_11-----------------
(2.40 ns) --- (2.40 ns) ---   %22 = sub nsw i32 0, %zExp
(0.00 ns) --- (2.40 ns) ---   %23 = zext i32 %22 to i64
(4.38 ns) --- (6.78 ns) ---   %24 = lshr i64 %zSig, %23
(0.88 ns) --- (7.66 ns) ---   %30 = or i64 %29, %24

-----------------Function: roundAndPackFloat64---------------
-------------------------7---------------------------
-----------------Delay of path:7.45 ns---------------
-----------------State:LEGUP_F_roundAndPackFloat64_BB_thread6_23-----------------
(0.00 ns) --- (0.00 ns) ---   %.028 = phi i32 [ %.02, %.thread ], [ %.02, %40 ], [ 0, %shift64RightJamming.exit ]
(0.00 ns) --- (0.00 ns) ---   %53 = zext i32 %.028 to i64
(0.00 ns) --- (0.00 ns) ---   %.op = shl i64 %53, 52
(4.29 ns) --- (4.29 ns) ---   %54 = select i1 %50, i64 0, i64 %.op
(3.16 ns) --- (7.45 ns) ---   %56 = add i64 %54, %55

-----------------Function: roundAndPackFloat64---------------
-------------------------8---------------------------
-----------------Delay of path:6.66 ns---------------
-----------------State:LEGUP_F_roundAndPackFloat64_BB__8_4-----------------
(3.16 ns) --- (3.16 ns) ---   %9 = add i64 %zSig, 512
(3.50 ns) --- (6.66 ns) ---   %10 = icmp slt i64 %9, 0
(0.00 ns) --- (6.66 ns) ---   br i1 %10, label %11, label %.thread

-----------------Function: roundAndPackFloat64---------------
-------------------------9---------------------------
-----------------Delay of path:4.04 ns---------------
-----------------State:LEGUP_F_roundAndPackFloat64_BB_thread6_23-----------------
(0.00 ns) --- (0.00 ns) ---   %51 = zext i32 %zSign to i64
(0.00 ns) --- (0.00 ns) ---   %52 = shl i64 %51, 63
(0.88 ns) --- (0.88 ns) ---   %55 = or i64 %49, %52
(3.16 ns) --- (4.04 ns) ---   %56 = add i64 %54, %55

-----------------Function: roundAndPackFloat64---------------
-------------------------10---------------------------
-----------------Delay of path:3.36 ns---------------
-----------------State:LEGUP_F_roundAndPackFloat64_BB__17_9-----------------
(3.36 ns) --- (3.36 ns) ---   %18 = icmp slt i32 %zExp, 0
(0.00 ns) --- (3.36 ns) ---   br i1 %18, label %19, label %.thread


-----------------Function: float64_mul---------------
-------------------------1---------------------------
-----------------Delay of path:20.00 ns---------------
-----------------State:LEGUP_F_float64_mul_BB_float64_is_signaling_nanexit1i10_6-----------------
(0.00 ns) --- (0.00 ns) ---   %23 = trunc i64 %b to i63
(20.00 ns) --- (20.00 ns) ---   %24 = icmp ugt i63 %23, -4503599627370496

-----------------Function: float64_mul---------------
-------------------------2---------------------------
-----------------Delay of path:20.00 ns---------------
-----------------State:LEGUP_F_float64_mul_BB_float64_is_signaling_nanexit1i_24-----------------
(0.00 ns) --- (0.00 ns) ---   %55 = trunc i64 %b to i63
(20.00 ns) --- (20.00 ns) ---   %56 = icmp ugt i63 %55, -4503599627370496

-----------------Function: float64_mul---------------
-------------------------3---------------------------
-----------------Delay of path:20.00 ns---------------
-----------------State:LEGUP_F_float64_mul_BB__126_55-----------------
(0.00 ns) --- (0.00 ns) ---   %overflow_intrinsic = zext i64 %141 to i65
(20.00 ns) --- (20.00 ns) ---   %overflow_intrinsic2 = add nuw i65 %overflow_intrinsic, %overflow_intrinsic1
(0.00 ns) --- (20.00 ns) ---   %144 = lshr i65 %overflow_intrinsic2, 32
(0.00 ns) --- (20.00 ns) ---   %.tr = trunc i65 %144 to i64
(0.00 ns) --- (20.00 ns) ---   %145 = and i64 %.tr, 4294967296

-----------------Function: float64_mul---------------
-------------------------4---------------------------
-----------------Delay of path:20.00 ns---------------
-----------------State:LEGUP_F_float64_mul_BB__126_55-----------------
(0.00 ns) --- (0.00 ns) ---   %overflow_intrinsic1 = zext i64 %142 to i65
(20.00 ns) --- (20.00 ns) ---   %overflow_intrinsic2 = add nuw i65 %overflow_intrinsic, %overflow_intrinsic1
(0.00 ns) --- (20.00 ns) ---   %144 = lshr i65 %overflow_intrinsic2, 32
(0.00 ns) --- (20.00 ns) ---   %.tr = trunc i65 %144 to i64
(0.00 ns) --- (20.00 ns) ---   %145 = and i64 %.tr, 4294967296

-----------------Function: float64_mul---------------
-------------------------5---------------------------
-----------------Delay of path:20.00 ns---------------
-----------------State:LEGUP_F_float64_mul_BB__126_55-----------------
(0.00 ns) --- (0.00 ns) ---   %overflow_intrinsic = zext i64 %141 to i65
(20.00 ns) --- (20.00 ns) ---   %overflow_intrinsic2 = add nuw i65 %overflow_intrinsic, %overflow_intrinsic1
(0.00 ns) --- (20.00 ns) ---   %overflow_intrinsic_sum = trunc i65 %overflow_intrinsic2 to i64
(0.00 ns) --- (20.00 ns) ---   %146 = lshr i64 %overflow_intrinsic_sum, 32

-----------------Function: float64_mul---------------
-------------------------6---------------------------
-----------------Delay of path:20.00 ns---------------
-----------------State:LEGUP_F_float64_mul_BB__126_55-----------------
(0.00 ns) --- (0.00 ns) ---   %overflow_intrinsic1 = zext i64 %142 to i65
(20.00 ns) --- (20.00 ns) ---   %overflow_intrinsic2 = add nuw i65 %overflow_intrinsic, %overflow_intrinsic1
(0.00 ns) --- (20.00 ns) ---   %overflow_intrinsic_sum = trunc i65 %overflow_intrinsic2 to i64
(0.00 ns) --- (20.00 ns) ---   %146 = lshr i64 %overflow_intrinsic_sum, 32

-----------------Function: float64_mul---------------
-------------------------7---------------------------
-----------------Delay of path:20.00 ns---------------
-----------------State:LEGUP_F_float64_mul_BB__126_55-----------------
(0.00 ns) --- (0.00 ns) ---   %overflow_intrinsic = zext i64 %141 to i65
(20.00 ns) --- (20.00 ns) ---   %overflow_intrinsic2 = add nuw i65 %overflow_intrinsic, %overflow_intrinsic1
(0.00 ns) --- (20.00 ns) ---   %overflow_intrinsic_sum = trunc i65 %overflow_intrinsic2 to i64
(0.00 ns) --- (20.00 ns) ---   %148 = shl i64 %overflow_intrinsic_sum, 32
(0.00 ns) --- (20.00 ns) ---   %overflow_intrinsic5 = zext i64 %148 to i65

-----------------Function: float64_mul---------------
-------------------------8---------------------------
-----------------Delay of path:20.00 ns---------------
-----------------State:LEGUP_F_float64_mul_BB__126_55-----------------
(0.00 ns) --- (0.00 ns) ---   %overflow_intrinsic1 = zext i64 %142 to i65
(20.00 ns) --- (20.00 ns) ---   %overflow_intrinsic2 = add nuw i65 %overflow_intrinsic, %overflow_intrinsic1
(0.00 ns) --- (20.00 ns) ---   %overflow_intrinsic_sum = trunc i65 %overflow_intrinsic2 to i64
(0.00 ns) --- (20.00 ns) ---   %148 = shl i64 %overflow_intrinsic_sum, 32
(0.00 ns) --- (20.00 ns) ---   %overflow_intrinsic5 = zext i64 %148 to i65

-----------------Function: float64_mul---------------
-------------------------9---------------------------
-----------------Delay of path:20.00 ns---------------
-----------------State:LEGUP_F_float64_mul_BB__126_56-----------------
(20.00 ns) --- (20.00 ns) ---   %overflow_intrinsic6 = add nuw i65 %overflow_intrinsic4, %overflow_intrinsic5
(0.00 ns) --- (20.00 ns) ---   %overflow_intrinsic_sum7 = trunc i65 %overflow_intrinsic6 to i64

-----------------Function: float64_mul---------------
-------------------------10---------------------------
-----------------Delay of path:20.00 ns---------------
-----------------State:LEGUP_F_float64_mul_BB__126_56-----------------
(20.00 ns) --- (20.00 ns) ---   %overflow_intrinsic6 = add nuw i65 %overflow_intrinsic4, %overflow_intrinsic5
(0.00 ns) --- (20.00 ns) ---   %overflow_intrinsic8 = lshr i65 %overflow_intrinsic6, 64
(0.00 ns) --- (20.00 ns) ---   %149 = trunc i65 %overflow_intrinsic8 to i64


-----------------Function: main---------------
-------------------------1---------------------------
-----------------Delay of path:20.00 ns---------------
-----------------State:LEGUP_F_main_BB_float64_is_signaling_nanexit1i17ii_17-----------------
(0.00 ns) --- (0.00 ns) ---   %56 = trunc i64 %.0.i.i to i63
(20.00 ns) --- (20.00 ns) ---   %57 = icmp ugt i63 %56, -4503599627370496

-----------------Function: main---------------
-------------------------2---------------------------
-----------------Delay of path:20.00 ns---------------
-----------------State:LEGUP_F_main_BB_float64_is_signaling_nanexit1i10ii_29-----------------
(0.00 ns) --- (0.00 ns) ---   %78 = trunc i64 %.0.i.i to i63
(20.00 ns) --- (20.00 ns) ---   %79 = icmp ugt i63 %78, -4503599627370496

-----------------Function: main---------------
-------------------------3---------------------------
-----------------Delay of path:20.00 ns---------------
-----------------State:LEGUP_F_main_BB_float64_is_signaling_nanexit1iii_46-----------------
(0.00 ns) --- (0.00 ns) ---   %105 = trunc i64 %.0.i.i to i63
(20.00 ns) --- (20.00 ns) ---   %106 = icmp ugt i63 %105, -4503599627370496

-----------------Function: main---------------
-------------------------4---------------------------
-----------------Delay of path:20.00 ns---------------
-----------------State:LEGUP_F_main_BB__196_80-----------------
(20.00 ns) --- (20.00 ns) ---   %197 = udiv i64 %190, %193

-----------------Function: main---------------
-------------------------5---------------------------
-----------------Delay of path:20.00 ns---------------
-----------------State:LEGUP_F_main_BB__213_148-----------------
(0.00 ns) --- (0.00 ns) ---   %214 = phi i64 [ %207, %.lr.ph.i.i.i ], [ %overflow_intrinsic_sum, %213 ]
(0.00 ns) --- (0.00 ns) ---   %overflow_intrinsic = zext i64 %214 to i65
(20.00 ns) --- (20.00 ns) ---   %overflow_intrinsic2 = add nuw i65 %overflow_intrinsic, %overflow_intrinsic1
(0.00 ns) --- (20.00 ns) ---   %overflow_intrinsic3 = lshr i65 %overflow_intrinsic2, 64
(0.00 ns) --- (20.00 ns) ---   %218 = trunc i65 %overflow_intrinsic3 to i64

-----------------Function: main---------------
-------------------------6---------------------------
-----------------Delay of path:20.00 ns---------------
-----------------State:LEGUP_F_main_BB__225_152-----------------
(20.00 ns) --- (20.00 ns) ---   %226 = udiv i64 %223, %193

-----------------Function: main---------------
-------------------------7---------------------------
-----------------Delay of path:20.00 ns---------------
-----------------State:LEGUP_F_main_BB__231_219-----------------
(0.00 ns) --- (0.00 ns) ---   %overflow_intrinsic4 = zext i64 %235 to i65
(20.00 ns) --- (20.00 ns) ---   %overflow_intrinsic6 = add nuw i65 %overflow_intrinsic4, %overflow_intrinsic5
(0.00 ns) --- (20.00 ns) ---   %238 = lshr i65 %overflow_intrinsic6, 32
(0.00 ns) --- (20.00 ns) ---   %.tr = trunc i65 %238 to i64
(0.00 ns) --- (20.00 ns) ---   %239 = and i64 %.tr, 4294967296

-----------------Function: main---------------
-------------------------8---------------------------
-----------------Delay of path:20.00 ns---------------
-----------------State:LEGUP_F_main_BB__231_219-----------------
(0.00 ns) --- (0.00 ns) ---   %overflow_intrinsic5 = zext i64 %236 to i65
(20.00 ns) --- (20.00 ns) ---   %overflow_intrinsic6 = add nuw i65 %overflow_intrinsic4, %overflow_intrinsic5
(0.00 ns) --- (20.00 ns) ---   %238 = lshr i65 %overflow_intrinsic6, 32
(0.00 ns) --- (20.00 ns) ---   %.tr = trunc i65 %238 to i64
(0.00 ns) --- (20.00 ns) ---   %239 = and i64 %.tr, 4294967296

-----------------Function: main---------------
-------------------------9---------------------------
-----------------Delay of path:20.00 ns---------------
-----------------State:LEGUP_F_main_BB__231_219-----------------
(0.00 ns) --- (0.00 ns) ---   %overflow_intrinsic4 = zext i64 %235 to i65
(20.00 ns) --- (20.00 ns) ---   %overflow_intrinsic6 = add nuw i65 %overflow_intrinsic4, %overflow_intrinsic5
(0.00 ns) --- (20.00 ns) ---   %overflow_intrinsic_sum7 = trunc i65 %overflow_intrinsic6 to i64
(0.00 ns) --- (20.00 ns) ---   %240 = lshr i64 %overflow_intrinsic_sum7, 32

-----------------Function: main---------------
-------------------------10---------------------------
-----------------Delay of path:20.00 ns---------------
-----------------State:LEGUP_F_main_BB__231_219-----------------
(0.00 ns) --- (0.00 ns) ---   %overflow_intrinsic5 = zext i64 %236 to i65
(20.00 ns) --- (20.00 ns) ---   %overflow_intrinsic6 = add nuw i65 %overflow_intrinsic4, %overflow_intrinsic5
(0.00 ns) --- (20.00 ns) ---   %overflow_intrinsic_sum7 = trunc i65 %overflow_intrinsic6 to i64
(0.00 ns) --- (20.00 ns) ---   %240 = lshr i64 %overflow_intrinsic_sum7, 32


