//----------------------------------------------------------------------------//
// Generated by LegUp High-Level Synthesis Tool Version 4.0 (http://legup.org)
// Compiled: Sun Jun 19 18:41:14 2016
// University of Toronto
// For research and academic purposes only. Commercial use is prohibited.
// Please send bugs to: legup@eecg.toronto.edu
// Date: Tue Apr 25 13:53:50 2017
//----------------------------------------------------------------------------//

-----------------Function: main---------------
-------------------------1---------------------------
-----------------Delay of path:20.00 ns---------------
-----------------State:LEGUP_F_main_BB__231_219-----------------
(0.00 ns) --- (0.00 ns) ---   %overflow_intrinsic5 = zext i64 %236 to i65
(20.00 ns) --- (20.00 ns) ---   %overflow_intrinsic6 = add nuw i65 %overflow_intrinsic4, %overflow_intrinsic5
(0.00 ns) --- (20.00 ns) ---   %overflow_intrinsic_sum7 = trunc i65 %overflow_intrinsic6 to i64
(0.00 ns) --- (20.00 ns) ---   %240 = lshr i64 %overflow_intrinsic_sum7, 32

-----------------Function: main---------------
-------------------------2---------------------------
-----------------Delay of path:20.00 ns---------------
-----------------State:LEGUP_F_main_BB__231_219-----------------
(0.00 ns) --- (0.00 ns) ---   %overflow_intrinsic4 = zext i64 %235 to i65
(20.00 ns) --- (20.00 ns) ---   %overflow_intrinsic6 = add nuw i65 %overflow_intrinsic4, %overflow_intrinsic5
(0.00 ns) --- (20.00 ns) ---   %overflow_intrinsic_sum7 = trunc i65 %overflow_intrinsic6 to i64
(0.00 ns) --- (20.00 ns) ---   %240 = lshr i64 %overflow_intrinsic_sum7, 32

-----------------Function: main---------------
-------------------------3---------------------------
-----------------Delay of path:20.00 ns---------------
-----------------State:LEGUP_F_main_BB__231_219-----------------
(0.00 ns) --- (0.00 ns) ---   %overflow_intrinsic5 = zext i64 %236 to i65
(20.00 ns) --- (20.00 ns) ---   %overflow_intrinsic6 = add nuw i65 %overflow_intrinsic4, %overflow_intrinsic5
(0.00 ns) --- (20.00 ns) ---   %238 = lshr i65 %overflow_intrinsic6, 32
(0.00 ns) --- (20.00 ns) ---   %.tr = trunc i65 %238 to i64
(0.00 ns) --- (20.00 ns) ---   %239 = and i64 %.tr, 4294967296

-----------------Function: main---------------
-------------------------4---------------------------
-----------------Delay of path:20.00 ns---------------
-----------------State:LEGUP_F_main_BB__231_219-----------------
(0.00 ns) --- (0.00 ns) ---   %overflow_intrinsic4 = zext i64 %235 to i65
(20.00 ns) --- (20.00 ns) ---   %overflow_intrinsic6 = add nuw i65 %overflow_intrinsic4, %overflow_intrinsic5
(0.00 ns) --- (20.00 ns) ---   %238 = lshr i65 %overflow_intrinsic6, 32
(0.00 ns) --- (20.00 ns) ---   %.tr = trunc i65 %238 to i64
(0.00 ns) --- (20.00 ns) ---   %239 = and i64 %.tr, 4294967296

-----------------Function: main---------------
-------------------------5---------------------------
-----------------Delay of path:20.00 ns---------------
-----------------State:LEGUP_F_main_BB__225_152-----------------
(20.00 ns) --- (20.00 ns) ---   %226 = udiv i64 %223, %193

-----------------Function: main---------------
-------------------------6---------------------------
-----------------Delay of path:20.00 ns---------------
-----------------State:LEGUP_F_main_BB__213_148-----------------
(0.00 ns) --- (0.00 ns) ---   %214 = phi i64 [ %207, %.lr.ph.i.i.i ], [ %overflow_intrinsic_sum, %213 ]
(0.00 ns) --- (0.00 ns) ---   %overflow_intrinsic = zext i64 %214 to i65
(20.00 ns) --- (20.00 ns) ---   %overflow_intrinsic2 = add nuw i65 %overflow_intrinsic, %overflow_intrinsic1
(0.00 ns) --- (20.00 ns) ---   %overflow_intrinsic3 = lshr i65 %overflow_intrinsic2, 64
(0.00 ns) --- (20.00 ns) ---   %218 = trunc i65 %overflow_intrinsic3 to i64

-----------------Function: main---------------
-------------------------7---------------------------
-----------------Delay of path:20.00 ns---------------
-----------------State:LEGUP_F_main_BB__196_80-----------------
(20.00 ns) --- (20.00 ns) ---   %197 = udiv i64 %190, %193

-----------------Function: main---------------
-------------------------8---------------------------
-----------------Delay of path:20.00 ns---------------
-----------------State:LEGUP_F_main_BB_float64_is_signaling_nanexit1iii_46-----------------
(0.00 ns) --- (0.00 ns) ---   %105 = trunc i64 %.0.i.i to i63
(20.00 ns) --- (20.00 ns) ---   %106 = icmp ugt i63 %105, -4503599627370496

-----------------Function: main---------------
-------------------------9---------------------------
-----------------Delay of path:20.00 ns---------------
-----------------State:LEGUP_F_main_BB_float64_is_signaling_nanexit1i10ii_29-----------------
(0.00 ns) --- (0.00 ns) ---   %78 = trunc i64 %.0.i.i to i63
(20.00 ns) --- (20.00 ns) ---   %79 = icmp ugt i63 %78, -4503599627370496

-----------------Function: main---------------
-------------------------10---------------------------
-----------------Delay of path:20.00 ns---------------
-----------------State:LEGUP_F_main_BB_float64_is_signaling_nanexit1i17ii_17-----------------
(0.00 ns) --- (0.00 ns) ---   %56 = trunc i64 %.0.i.i to i63
(20.00 ns) --- (20.00 ns) ---   %57 = icmp ugt i63 %56, -4503599627370496


