//----------------------------------------------------------------------------//
// Generated by LegUp High-Level Synthesis Tool Version 4.0 (http://legup.org)
// Compiled: Sun Jun 19 18:41:14 2016
// University of Toronto
// For research and academic purposes only. Commercial use is prohibited.
// Please send bugs to: legup@eecg.toronto.edu
// Date: Sat Apr 22 15:38:57 2017
//----------------------------------------------------------------------------//

-----------------Function: roundAndPackFloat64---------------
-------------------------1---------------------------
-----------------Delay of path:17.80 ns---------------
-----------------State:LEGUP_F_roundAndPackFloat64_BB_thread6_24-----------------
(0.00 ns) --- (0.00 ns) ---   %roundBits.14 = phi i32 [ %roundBits.15, %40 ], [ 0, %.thread ], [ 0, %34 ]
(2.49 ns) --- (2.49 ns) ---   %45 = icmp eq i32 %roundBits.14, 512
(0.00 ns) --- (2.49 ns) ---   %46 = zext i1 %45 to i32
(0.91 ns) --- (3.40 ns) ---   %47 = xor i32 %46, -1
(0.00 ns) --- (3.40 ns) ---   %48 = sext i32 %47 to i64
(0.88 ns) --- (4.28 ns) ---   %49 = and i64 %44, %48
(2.90 ns) --- (7.19 ns) ---   %50 = icmp eq i64 %49, 0
(4.29 ns) --- (11.47 ns) ---   %54 = select i1 %50, i64 0, i64 %.op
(3.16 ns) --- (14.64 ns) ---   %55 = add i64 %52, %54
(3.16 ns) --- (17.80 ns) ---   %56 = add i64 %55, %49

-----------------Function: roundAndPackFloat64---------------
-------------------------2---------------------------
-----------------Delay of path:17.56 ns---------------
-----------------State:LEGUP_F_roundAndPackFloat64_BB_thread6_24-----------------
(0.00 ns) --- (0.00 ns) ---   %.114 = phi i64 [ %.013, %40 ], [ %zSig, %.thread ], [ %z.1.i, %34 ]
(3.16 ns) --- (3.16 ns) ---   %43 = add i64 %.114, 512
(0.00 ns) --- (3.16 ns) ---   %44 = lshr i64 %43, 10
(0.88 ns) --- (4.04 ns) ---   %49 = and i64 %44, %48
(2.90 ns) --- (6.94 ns) ---   %50 = icmp eq i64 %49, 0
(4.29 ns) --- (11.23 ns) ---   %54 = select i1 %50, i64 0, i64 %.op
(3.16 ns) --- (14.39 ns) ---   %55 = add i64 %52, %54
(3.16 ns) --- (17.56 ns) ---   %56 = add i64 %55, %49

-----------------Function: roundAndPackFloat64---------------
-------------------------3---------------------------
-----------------Delay of path:10.61 ns---------------
-----------------State:LEGUP_F_roundAndPackFloat64_BB_thread6_24-----------------
(0.00 ns) --- (0.00 ns) ---   %.12 = phi i32 [ %.13, %40 ], [ %.1, %.thread ], [ 0, %34 ]
(0.00 ns) --- (0.00 ns) ---   %53 = zext i32 %.12 to i64
(0.00 ns) --- (0.00 ns) ---   %.op = shl i64 %53, 52
(4.29 ns) --- (4.29 ns) ---   %54 = select i1 %50, i64 0, i64 %.op
(3.16 ns) --- (7.45 ns) ---   %55 = add i64 %52, %54
(3.16 ns) --- (10.61 ns) ---   %56 = add i64 %55, %49

-----------------Function: roundAndPackFloat64---------------
-------------------------4---------------------------
-----------------Delay of path:8.14 ns---------------
-----------------State:LEGUP_F_roundAndPackFloat64_BB__21_11-----------------
(0.00 ns) --- (0.00 ns) ---   %25 = and i32 %zExp, 63
(0.00 ns) --- (0.00 ns) ---   %26 = zext i32 %25 to i64
(4.36 ns) --- (4.36 ns) ---   %27 = shl i64 %zSig, %26
(2.90 ns) --- (7.26 ns) ---   %28 = icmp ne i64 %27, 0
(0.00 ns) --- (7.26 ns) ---   %29 = zext i1 %28 to i64
(0.88 ns) --- (8.14 ns) ---   %30 = or i64 %24, %29

-----------------Function: roundAndPackFloat64---------------
-------------------------5---------------------------
-----------------Delay of path:7.66 ns---------------
-----------------State:LEGUP_F_roundAndPackFloat64_BB__21_11-----------------
(2.40 ns) --- (2.40 ns) ---   %22 = sub nsw i32 0, %zExp
(0.00 ns) --- (2.40 ns) ---   %23 = zext i32 %22 to i64
(4.38 ns) --- (6.78 ns) ---   %24 = lshr i64 %zSig, %23
(0.88 ns) --- (7.66 ns) ---   %30 = or i64 %24, %29

-----------------Function: roundAndPackFloat64---------------
-------------------------6---------------------------
-----------------Delay of path:7.44 ns---------------
-----------------State:LEGUP_F_roundAndPackFloat64_BB_thread6_24-----------------
(0.00 ns) --- (0.00 ns) ---   %roundBits.14 = phi i32 [ %roundBits.15, %40 ], [ 0, %.thread ], [ 0, %34 ]
(2.49 ns) --- (2.49 ns) ---   %45 = icmp eq i32 %roundBits.14, 512
(0.00 ns) --- (2.49 ns) ---   %46 = zext i1 %45 to i32
(0.91 ns) --- (3.40 ns) ---   %47 = xor i32 %46, -1
(0.00 ns) --- (3.40 ns) ---   %48 = sext i32 %47 to i64
(0.88 ns) --- (4.28 ns) ---   %49 = and i64 %44, %48
(3.16 ns) --- (7.44 ns) ---   %56 = add i64 %55, %49

-----------------Function: roundAndPackFloat64---------------
-------------------------7---------------------------
-----------------Delay of path:7.20 ns---------------
-----------------State:LEGUP_F_roundAndPackFloat64_BB_thread6_24-----------------
(0.00 ns) --- (0.00 ns) ---   %.114 = phi i64 [ %.013, %40 ], [ %zSig, %.thread ], [ %z.1.i, %34 ]
(3.16 ns) --- (3.16 ns) ---   %43 = add i64 %.114, 512
(0.00 ns) --- (3.16 ns) ---   %44 = lshr i64 %43, 10
(0.88 ns) --- (4.04 ns) ---   %49 = and i64 %44, %48
(3.16 ns) --- (7.20 ns) ---   %56 = add i64 %55, %49

-----------------Function: roundAndPackFloat64---------------
-------------------------8---------------------------
-----------------Delay of path:6.66 ns---------------
-----------------State:LEGUP_F_roundAndPackFloat64_BB__8_4-----------------
(3.16 ns) --- (3.16 ns) ---   %9 = add i64 %zSig, 512
(3.50 ns) --- (6.66 ns) ---   %10 = icmp slt i64 %9, 0
(0.00 ns) --- (6.66 ns) ---   br i1 %10, label %11, label %.thread

-----------------Function: roundAndPackFloat64---------------
-------------------------9---------------------------
-----------------Delay of path:6.32 ns---------------
-----------------State:LEGUP_F_roundAndPackFloat64_BB_thread6_24-----------------
(0.00 ns) --- (0.00 ns) ---   %51 = zext i32 %zSign to i64
(0.00 ns) --- (0.00 ns) ---   %52 = shl i64 %51, 63
(3.16 ns) --- (3.16 ns) ---   %55 = add i64 %52, %54
(3.16 ns) --- (6.32 ns) ---   %56 = add i64 %55, %49

-----------------Function: roundAndPackFloat64---------------
-------------------------10---------------------------
-----------------Delay of path:3.36 ns---------------
-----------------State:LEGUP_F_roundAndPackFloat64_BB__17_9-----------------
(3.36 ns) --- (3.36 ns) ---   %18 = icmp slt i32 %zExp, 0
(0.00 ns) --- (3.36 ns) ---   br i1 %18, label %19, label %.thread


-----------------Function: main---------------
-------------------------1---------------------------
-----------------Delay of path:20.00 ns---------------
-----------------State:LEGUP_F_main_BB_float64_is_signaling_nanexit1i7i3i_7-----------------
(0.00 ns) --- (0.00 ns) ---   %26 = trunc i64 %5 to i63
(20.00 ns) --- (20.00 ns) ---   %27 = icmp ugt i63 %26, -4503599627370496

-----------------Function: main---------------
-------------------------2---------------------------
-----------------Delay of path:20.00 ns---------------
-----------------State:LEGUP_F_main_BB_float64_is_signaling_nanexit1i1ii_16-----------------
(0.00 ns) --- (0.00 ns) ---   %54 = trunc i64 %5 to i63
(20.00 ns) --- (20.00 ns) ---   %55 = icmp ugt i63 %54, -4503599627370496

-----------------Function: main---------------
-------------------------3---------------------------
-----------------Delay of path:20.00 ns---------------
-----------------State:LEGUP_F_main_BB_float64_is_signaling_nanexit1ii11i_25-----------------
(0.00 ns) --- (0.00 ns) ---   %83 = trunc i64 %5 to i63
(20.00 ns) --- (20.00 ns) ---   %84 = icmp ugt i63 %83, -4503599627370496

-----------------Function: main---------------
-------------------------4---------------------------
-----------------Delay of path:20.00 ns---------------
-----------------State:LEGUP_F_main_BB_shift64RightJammingexit6ii_30-----------------
(20.00 ns) --- (20.00 ns) ---   %not. = xor i1 %96, true
(0.00 ns) --- (20.00 ns) ---   %97 = sext i1 %not. to i32

-----------------Function: main---------------
-------------------------5---------------------------
-----------------Delay of path:20.00 ns---------------
-----------------State:LEGUP_F_main_BB_float64_is_signaling_nanexit1i7ii_41-----------------
(0.00 ns) --- (0.00 ns) ---   %114 = trunc i64 %5 to i63
(20.00 ns) --- (20.00 ns) ---   %115 = icmp ugt i63 %114, -4503599627370496

-----------------Function: main---------------
-------------------------6---------------------------
-----------------Delay of path:20.00 ns---------------
-----------------State:LEGUP_F_main_BB_float64_is_signaling_nanexit1i4ii_51-----------------
(0.00 ns) --- (0.00 ns) ---   %126 = trunc i64 %5 to i63
(20.00 ns) --- (20.00 ns) ---   %127 = icmp ugt i63 %126, -4503599627370496

-----------------Function: main---------------
-------------------------7---------------------------
-----------------Delay of path:20.00 ns---------------
-----------------State:LEGUP_F_main_BB_float64_is_signaling_nanexit1iii_61-----------------
(0.00 ns) --- (0.00 ns) ---   %159 = trunc i64 %5 to i63
(20.00 ns) --- (20.00 ns) ---   %160 = icmp ugt i63 %159, -4503599627370496

-----------------Function: main---------------
-------------------------8---------------------------
-----------------Delay of path:17.62 ns---------------
-----------------State:LEGUP_F_main_BB__184_69-----------------
(0.00 ns) --- (0.00 ns) ---   %zSig.0.i.i = phi i64 [ %183, %182 ], [ %155, %154 ]
(3.50 ns) --- (3.50 ns) ---   %186 = icmp ult i64 %zSig.0.i.i, 4294967296
(4.29 ns) --- (7.79 ns) ---   %zSig.0.i.i. = select i1 %186, i64 %zSig.0.i.i, i64 %187
(0.00 ns) --- (7.79 ns) ---   %188 = trunc i64 %zSig.0.i.i. to i32
(2.92 ns) --- (10.71 ns) ---   %189 = icmp ult i32 %188, 65536
(3.99 ns) --- (14.70 ns) ---   %.0.i.i.i.i.i = select i1 %189, i32 %190, i32 %188
(2.92 ns) --- (17.62 ns) ---   %191 = icmp ult i32 %.0.i.i.i.i.i, 16777216
(0.00 ns) --- (17.62 ns) ---   br i1 %191, label %192, label %normalizeRoundAndPackFloat64.exit.i.i

-----------------Function: main---------------
-------------------------9---------------------------
-----------------Delay of path:14.70 ns---------------
-----------------State:LEGUP_F_main_BB__184_69-----------------
(0.00 ns) --- (0.00 ns) ---   %zSig.0.i.i = phi i64 [ %183, %182 ], [ %155, %154 ]
(3.50 ns) --- (3.50 ns) ---   %186 = icmp ult i64 %zSig.0.i.i, 4294967296
(4.29 ns) --- (7.79 ns) ---   %zSig.0.i.i. = select i1 %186, i64 %zSig.0.i.i, i64 %187
(0.00 ns) --- (7.79 ns) ---   %188 = trunc i64 %zSig.0.i.i. to i32
(2.92 ns) --- (10.71 ns) ---   %189 = icmp ult i32 %188, 65536
(3.99 ns) --- (14.70 ns) ---   %shiftCount.0.i.i.i.i.i = select i1 %189, i32 16, i32 0

-----------------Function: main---------------
-------------------------10---------------------------
-----------------Delay of path:14.70 ns---------------
-----------------State:LEGUP_F_main_BB__184_69-----------------
(0.00 ns) --- (0.00 ns) ---   %zSig.0.i.i = phi i64 [ %183, %182 ], [ %155, %154 ]
(3.50 ns) --- (3.50 ns) ---   %186 = icmp ult i64 %zSig.0.i.i, 4294967296
(4.29 ns) --- (7.79 ns) ---   %zSig.0.i.i. = select i1 %186, i64 %zSig.0.i.i, i64 %187
(0.00 ns) --- (7.79 ns) ---   %188 = trunc i64 %zSig.0.i.i. to i32
(0.00 ns) --- (7.79 ns) ---   %190 = shl i32 %188, 16
(3.99 ns) --- (11.78 ns) ---   %.0.i.i.i.i.i = select i1 %189, i32 %190, i32 %188
(2.92 ns) --- (14.70 ns) ---   %191 = icmp ult i32 %.0.i.i.i.i.i, 16777216
(0.00 ns) --- (14.70 ns) ---   br i1 %191, label %192, label %normalizeRoundAndPackFloat64.exit.i.i


