//----------------------------------------------------------------------------//
// Generated by LegUp High-Level Synthesis Tool Version 4.0 (http://legup.org)
// Compiled: Sun Jun 19 18:41:14 2016
// University of Toronto
// For research and academic purposes only. Commercial use is prohibited.
// Please send bugs to: legup@eecg.toronto.edu
// Date: Sat Jan 28 18:16:29 2017
//----------------------------------------------------------------------------//

-------------------------- Datapath Operation Usage --------------------------

Operation "unknown" x 315 
Operation "bitwise_OR_32" x 1 
Operation "shift_ra_32" x 4 
Operation "signed_add_32" x 119 
Operation "signed_add_64" x 2 
Operation "signed_comp_eq_32" x 8 
Operation "signed_comp_eq_64" x 1 
Operation "signed_comp_eq_mux_32" x 30 
Operation "signed_comp_gt_32" x 20 
Operation "signed_comp_lt_32" x 13 
Operation "signed_divide_32" x 1 
Operation "signed_multiply_32" x 43 
Operation "signed_multiply_nodsp_32" x 78 
Operation "signed_subtract_32" x 22 

----------------------------- General Information -----------------------------

Number of declared variables in main: 787
Critical path contains operation: signed_divide_32

------------------------------ Resource Estimate ------------------------------

Fmax: 12 MHz
Note: Assuming only 87 DSPs available
Warning: These estimates don't account for binding yet!
Logic Elements: 47387
    Combinational: 43687
    Registers: 24010
DSP Elements: 86
