//----------------------------------------------------------------------------//
// Generated by LegUp High-Level Synthesis Tool Version 4.0 (http://legup.org)
// Compiled: Sun Jun 19 18:41:14 2016
// University of Toronto
// For research and academic purposes only. Commercial use is prohibited.
// Please send bugs to: legup@eecg.toronto.edu
// Date: Sat Jan 28 18:16:28 2017
//----------------------------------------------------------------------------//

-----------------Function: upzero---------------
-------------------------1---------------------------
-----------------Delay of path:2.59 ns---------------
-----------------State:LEGUP_F_upzero_BB_preheader1_4-----------------
(2.59 ns) --- (2.59 ns) ---   %3 = mul nsw i32 %2, %dlt

-----------------Function: upzero---------------
-------------------------2---------------------------
-----------------Delay of path:2.59 ns---------------
-----------------State:LEGUP_F_upzero_BB_preheader1_4-----------------
(2.59 ns) --- (2.59 ns) ---   %8 = mul nsw i32 %7, 255

-----------------Function: upzero---------------
-------------------------3---------------------------
-----------------Delay of path:2.59 ns---------------
-----------------State:LEGUP_F_upzero_BB_preheader1_8-----------------
(2.59 ns) --- (2.59 ns) ---   %13 = mul nsw i32 %12, %dlt

-----------------Function: upzero---------------
-------------------------4---------------------------
-----------------Delay of path:2.59 ns---------------
-----------------State:LEGUP_F_upzero_BB_preheader1_8-----------------
(2.59 ns) --- (2.59 ns) ---   %19 = mul nsw i32 %18, 255

-----------------Function: upzero---------------
-------------------------5---------------------------
-----------------Delay of path:2.59 ns---------------
-----------------State:LEGUP_F_upzero_BB_preheader1_12-----------------
(2.59 ns) --- (2.59 ns) ---   %24 = mul nsw i32 %23, %dlt

-----------------Function: upzero---------------
-------------------------6---------------------------
-----------------Delay of path:2.59 ns---------------
-----------------State:LEGUP_F_upzero_BB_preheader1_12-----------------
(2.59 ns) --- (2.59 ns) ---   %30 = mul nsw i32 %29, 255

-----------------Function: upzero---------------
-------------------------7---------------------------
-----------------Delay of path:2.59 ns---------------
-----------------State:LEGUP_F_upzero_BB_preheader1_16-----------------
(2.59 ns) --- (2.59 ns) ---   %35 = mul nsw i32 %34, %dlt

-----------------Function: upzero---------------
-------------------------8---------------------------
-----------------Delay of path:2.59 ns---------------
-----------------State:LEGUP_F_upzero_BB_preheader1_16-----------------
(2.59 ns) --- (2.59 ns) ---   %41 = mul nsw i32 %40, 255

-----------------Function: upzero---------------
-------------------------9---------------------------
-----------------Delay of path:2.59 ns---------------
-----------------State:LEGUP_F_upzero_BB_preheader1_20-----------------
(2.59 ns) --- (2.59 ns) ---   %46 = mul nsw i32 %45, %dlt

-----------------Function: upzero---------------
-------------------------10---------------------------
-----------------Delay of path:2.59 ns---------------
-----------------State:LEGUP_F_upzero_BB_preheader1_20-----------------
(2.59 ns) --- (2.59 ns) ---   %52 = mul nsw i32 %51, 255


-----------------Function: encode---------------
-------------------------1---------------------------
-----------------Delay of path:20.00 ns---------------
-----------------State:LEGUP_F_encode_BB_quantlexit_39-----------------
(20.00 ns) --- (20.00 ns) ---   %quant26bt_pos.quant26bt_neg.i = select i1 %109, [31 x i32]* @quant26bt_pos, [31 x i32]* @quant26bt_neg

-----------------Function: encode---------------
-------------------------2---------------------------
-----------------Delay of path:19.37 ns---------------
-----------------State:LEGUP_F_encode_BB_quantlexit_44-----------------
(2.50 ns) --- (2.50 ns) ---   %131 = add nsw i32 %128, %130
(3.36 ns) --- (5.86 ns) ---   %132 = icmp slt i32 %131, 0
(3.99 ns) --- (9.85 ns) ---   %..i12 = select i1 %132, i32 0, i32 %131
(3.13 ns) --- (12.98 ns) ---   %133 = icmp sgt i32 %..i12, 18432
(3.99 ns) --- (16.97 ns) ---   %...i13 = select i1 %133, i32 18432, i32 %..i12
(0.00 ns) --- (16.97 ns) ---   %136 = ashr i32 %...i13, 11
(2.40 ns) --- (19.37 ns) ---   %139 = sub i32 9, %136

-----------------Function: encode---------------
-------------------------3---------------------------
-----------------Delay of path:19.37 ns---------------
-----------------State:LEGUP_F_encode_BB__214_69-----------------
(0.00 ns) --- (0.00 ns) ---   %222 = ashr i32 %221, 7
(2.50 ns) --- (2.50 ns) ---   %225 = add nsw i32 %222, %224
(3.36 ns) --- (5.86 ns) ---   %226 = icmp slt i32 %225, 0
(3.99 ns) --- (9.85 ns) ---   %..i1 = select i1 %226, i32 0, i32 %225
(3.13 ns) --- (12.98 ns) ---   %227 = icmp sgt i32 %..i1, 22528
(3.99 ns) --- (16.97 ns) ---   %...i2 = select i1 %227, i32 22528, i32 %..i1
(0.00 ns) --- (16.97 ns) ---   %230 = ashr i32 %...i2, 11
(2.40 ns) --- (19.37 ns) ---   %233 = sub i32 11, %230

-----------------Function: encode---------------
-------------------------4---------------------------
-----------------Delay of path:19.37 ns---------------
-----------------State:LEGUP_F_encode_BB__214_69-----------------
(2.50 ns) --- (2.50 ns) ---   %225 = add nsw i32 %222, %224
(3.36 ns) --- (5.86 ns) ---   %226 = icmp slt i32 %225, 0
(3.99 ns) --- (9.85 ns) ---   %..i1 = select i1 %226, i32 0, i32 %225
(3.13 ns) --- (12.98 ns) ---   %227 = icmp sgt i32 %..i1, 22528
(3.99 ns) --- (16.97 ns) ---   %...i2 = select i1 %227, i32 22528, i32 %..i1
(0.00 ns) --- (16.97 ns) ---   %230 = ashr i32 %...i2, 11
(2.40 ns) --- (19.37 ns) ---   %233 = sub i32 11, %230

-----------------Function: encode---------------
-------------------------5---------------------------
-----------------Delay of path:19.23 ns---------------
-----------------State:LEGUP_F_encode_BB_quantlexit_53-----------------
(3.13 ns) --- (3.13 ns) ---   %147 = icmp sgt i32 %146, -1
(3.99 ns) --- (7.12 ns) ---   %.1.i8 = select i1 %147, i32 %148, i32 %145
(0.00 ns) --- (7.12 ns) ---   %149 = ashr i32 %.1.i8, 7
(2.50 ns) --- (9.62 ns) ---   %wd4.0.i9 = add nsw i32 %149, %155
(2.50 ns) --- (12.11 ns) ---   %156 = add nsw i32 %wd4.0.i9, %153
(3.13 ns) --- (15.24 ns) ---   %157 = icmp sgt i32 %156, 12288
(3.99 ns) --- (19.23 ns) ---   %..i10 = select i1 %157, i32 12288, i32 %156

-----------------Function: encode---------------
-------------------------6---------------------------
-----------------Delay of path:19.23 ns---------------
-----------------State:LEGUP_F_encode_BB__214_78-----------------
(3.13 ns) --- (3.13 ns) ---   %241 = icmp sgt i32 %240, -1
(3.99 ns) --- (7.12 ns) ---   %.1.i = select i1 %241, i32 %242, i32 %239
(0.00 ns) --- (7.12 ns) ---   %243 = ashr i32 %.1.i, 7
(2.50 ns) --- (9.62 ns) ---   %wd4.0.i = add nsw i32 %243, %249
(2.50 ns) --- (12.11 ns) ---   %250 = add nsw i32 %wd4.0.i, %247
(3.13 ns) --- (15.24 ns) ---   %251 = icmp sgt i32 %250, 12288
(3.99 ns) --- (19.23 ns) ---   %..i = select i1 %251, i32 12288, i32 %250

-----------------Function: encode---------------
-------------------------7---------------------------
-----------------Delay of path:16.97 ns---------------
-----------------State:LEGUP_F_encode_BB_quantlexit_44-----------------
(2.50 ns) --- (2.50 ns) ---   %131 = add nsw i32 %128, %130
(3.36 ns) --- (5.86 ns) ---   %132 = icmp slt i32 %131, 0
(3.99 ns) --- (9.85 ns) ---   %..i12 = select i1 %132, i32 0, i32 %131
(3.13 ns) --- (12.98 ns) ---   %133 = icmp sgt i32 %..i12, 18432
(3.99 ns) --- (16.97 ns) ---   %...i13 = select i1 %133, i32 18432, i32 %..i12
(0.00 ns) --- (16.97 ns) ---   %134 = lshr i32 %...i13, 6
(0.00 ns) --- (16.97 ns) ---   %135 = and i32 %134, 31

-----------------Function: encode---------------
-------------------------8---------------------------
-----------------Delay of path:16.97 ns---------------
-----------------State:LEGUP_F_encode_BB__214_69-----------------
(0.00 ns) --- (0.00 ns) ---   %222 = ashr i32 %221, 7
(2.50 ns) --- (2.50 ns) ---   %225 = add nsw i32 %222, %224
(3.36 ns) --- (5.86 ns) ---   %226 = icmp slt i32 %225, 0
(3.99 ns) --- (9.85 ns) ---   %..i1 = select i1 %226, i32 0, i32 %225
(3.13 ns) --- (12.98 ns) ---   %227 = icmp sgt i32 %..i1, 22528
(3.99 ns) --- (16.97 ns) ---   %...i2 = select i1 %227, i32 22528, i32 %..i1
(0.00 ns) --- (16.97 ns) ---   %228 = lshr i32 %...i2, 6
(0.00 ns) --- (16.97 ns) ---   %229 = and i32 %228, 31

-----------------Function: encode---------------
-------------------------9---------------------------
-----------------Delay of path:16.97 ns---------------
-----------------State:LEGUP_F_encode_BB__214_69-----------------
(2.50 ns) --- (2.50 ns) ---   %225 = add nsw i32 %222, %224
(3.36 ns) --- (5.86 ns) ---   %226 = icmp slt i32 %225, 0
(3.99 ns) --- (9.85 ns) ---   %..i1 = select i1 %226, i32 0, i32 %225
(3.13 ns) --- (12.98 ns) ---   %227 = icmp sgt i32 %..i1, 22528
(3.99 ns) --- (16.97 ns) ---   %...i2 = select i1 %227, i32 22528, i32 %..i1
(0.00 ns) --- (16.97 ns) ---   %228 = lshr i32 %...i2, 6
(0.00 ns) --- (16.97 ns) ---   %229 = and i32 %228, 31

-----------------Function: encode---------------
-------------------------10---------------------------
-----------------Delay of path:16.87 ns---------------
-----------------State:LEGUP_F_encode_BB_quantlexit_54-----------------
(3.36 ns) --- (3.36 ns) ---   %158 = icmp slt i32 %..i10, -12288
(3.99 ns) --- (7.35 ns) ---   %...i11 = select i1 %158, i32 -12288, i32 %..i10
(2.40 ns) --- (9.75 ns) ---   %164 = sub nsw i32 15360, %...i11
(3.13 ns) --- (12.88 ns) ---   %165 = icmp sgt i32 %apl1.0.i5, %164
(3.99 ns) --- (16.87 ns) ---   %.apl1.0.i6 = select i1 %165, i32 %164, i32 %apl1.0.i5


-----------------Function: main---------------
-------------------------1---------------------------
-----------------Delay of path:20.00 ns---------------
-----------------State:LEGUP_F_main_BB__58_77-----------------
(0.00 ns) --- (0.00 ns) ---   %indvar = phi i32 [ %indvar.next, %58 ], [ 0, %.preheader2.i ]
(0.00 ns) --- (0.00 ns) ---   %i.03.i = shl i32 %indvar, 1
(20.00 ns) --- (20.00 ns) ---   %60 = sdiv i32 %i.03.i, 2

-----------------Function: main---------------
-------------------------2---------------------------
-----------------Delay of path:19.97 ns---------------
-----------------State:LEGUP_F_main_BB__58_130-----------------
(2.50 ns) --- (2.50 ns) ---   %222 = add nsw i32 %221, %219
(2.50 ns) --- (4.99 ns) ---   %226 = add nsw i32 %225, %222
(2.50 ns) --- (7.49 ns) ---   %230 = add nsw i32 %229, %226
(2.50 ns) --- (9.98 ns) ---   %234 = add nsw i32 %233, %230
(2.50 ns) --- (12.48 ns) ---   %238 = add nsw i32 %237, %234
(2.50 ns) --- (14.98 ns) ---   %242 = add nsw i32 %241, %238
(2.50 ns) --- (17.47 ns) ---   %246 = add nsw i32 %245, %242
(2.50 ns) --- (19.97 ns) ---   %250 = add nsw i32 %249, %246

-----------------Function: main---------------
-------------------------3---------------------------
-----------------Delay of path:19.97 ns---------------
-----------------State:LEGUP_F_main_BB__58_130-----------------
(2.50 ns) --- (2.50 ns) ---   %224 = add nsw i32 %223, %220
(2.50 ns) --- (4.99 ns) ---   %228 = add nsw i32 %227, %224
(2.50 ns) --- (7.49 ns) ---   %232 = add nsw i32 %231, %228
(2.50 ns) --- (9.98 ns) ---   %236 = add nsw i32 %235, %232
(2.50 ns) --- (12.48 ns) ---   %240 = add nsw i32 %239, %236
(2.50 ns) --- (14.98 ns) ---   %244 = add nsw i32 %243, %240
(2.50 ns) --- (17.47 ns) ---   %248 = add nsw i32 %247, %244
(2.50 ns) --- (19.97 ns) ---   %252 = add nsw i32 %251, %248

-----------------Function: main---------------
-------------------------4---------------------------
-----------------Delay of path:19.37 ns---------------
-----------------State:LEGUP_F_main_BB__58_112-----------------
(2.50 ns) --- (2.50 ns) ---   %108 = add nsw i32 %105, %107
(3.36 ns) --- (5.86 ns) ---   %109 = icmp slt i32 %108, 0
(3.99 ns) --- (9.85 ns) ---   %..i12.i.i = select i1 %109, i32 0, i32 %108
(3.13 ns) --- (12.98 ns) ---   %110 = icmp sgt i32 %..i12.i.i, 18432
(3.99 ns) --- (16.97 ns) ---   %...i13.i.i = select i1 %110, i32 18432, i32 %..i12.i.i
(0.00 ns) --- (16.97 ns) ---   %113 = ashr i32 %...i13.i.i, 11
(2.40 ns) --- (19.37 ns) ---   %116 = sub i32 9, %113

-----------------Function: main---------------
-------------------------5---------------------------
-----------------Delay of path:19.37 ns---------------
-----------------State:LEGUP_F_main_BB__58_121-----------------
(2.50 ns) --- (2.50 ns) ---   %181 = add nsw i32 %178, %180
(3.36 ns) --- (5.86 ns) ---   %182 = icmp slt i32 %181, 0
(3.99 ns) --- (9.85 ns) ---   %..i1.i.i = select i1 %182, i32 0, i32 %181
(3.13 ns) --- (12.98 ns) ---   %183 = icmp sgt i32 %..i1.i.i, 22528
(3.99 ns) --- (16.97 ns) ---   %...i2.i.i = select i1 %183, i32 22528, i32 %..i1.i.i
(0.00 ns) --- (16.97 ns) ---   %186 = ashr i32 %...i2.i.i, 11
(2.40 ns) --- (19.37 ns) ---   %189 = sub i32 11, %186

-----------------Function: main---------------
-------------------------6---------------------------
-----------------Delay of path:19.23 ns---------------
-----------------State:LEGUP_F_main_BB__58_114-----------------
(3.13 ns) --- (3.13 ns) ---   %122 = icmp sgt i32 %121, -1
(3.99 ns) --- (7.12 ns) ---   %.1.i8.i.i = select i1 %122, i32 %123, i32 %120
(0.00 ns) --- (7.12 ns) ---   %124 = ashr i32 %.1.i8.i.i, 7
(2.50 ns) --- (9.62 ns) ---   %wd4.0.i9.i.i = add nsw i32 %124, %130
(2.50 ns) --- (12.11 ns) ---   %131 = add nsw i32 %wd4.0.i9.i.i, %128
(3.13 ns) --- (15.24 ns) ---   %132 = icmp sgt i32 %131, 12288
(3.99 ns) --- (19.23 ns) ---   %..i10.i.i = select i1 %132, i32 12288, i32 %131

-----------------Function: main---------------
-------------------------7---------------------------
-----------------Delay of path:19.23 ns---------------
-----------------State:LEGUP_F_main_BB__58_130-----------------
(3.13 ns) --- (3.13 ns) ---   %195 = icmp sgt i32 %194, -1
(3.99 ns) --- (7.12 ns) ---   %.1.i.i.i = select i1 %195, i32 %196, i32 %193
(0.00 ns) --- (7.12 ns) ---   %197 = ashr i32 %.1.i.i.i, 7
(2.50 ns) --- (9.62 ns) ---   %wd4.0.i.i.i = add nsw i32 %197, %203
(2.50 ns) --- (12.11 ns) ---   %204 = add nsw i32 %wd4.0.i.i.i, %201
(3.13 ns) --- (15.24 ns) ---   %205 = icmp sgt i32 %204, 12288
(3.99 ns) --- (19.23 ns) ---   %..i.i.i = select i1 %205, i32 12288, i32 %204

-----------------Function: main---------------
-------------------------8---------------------------
-----------------Delay of path:17.47 ns---------------
-----------------State:LEGUP_F_main_BB__58_130-----------------
(2.50 ns) --- (2.50 ns) ---   %226 = add nsw i32 %225, %222
(2.50 ns) --- (4.99 ns) ---   %230 = add nsw i32 %229, %226
(2.50 ns) --- (7.49 ns) ---   %234 = add nsw i32 %233, %230
(2.50 ns) --- (9.98 ns) ---   %238 = add nsw i32 %237, %234
(2.50 ns) --- (12.48 ns) ---   %242 = add nsw i32 %241, %238
(2.50 ns) --- (14.98 ns) ---   %246 = add nsw i32 %245, %242
(2.50 ns) --- (17.47 ns) ---   %250 = add nsw i32 %249, %246

-----------------Function: main---------------
-------------------------9---------------------------
-----------------Delay of path:17.47 ns---------------
-----------------State:LEGUP_F_main_BB__58_130-----------------
(2.50 ns) --- (2.50 ns) ---   %228 = add nsw i32 %227, %224
(2.50 ns) --- (4.99 ns) ---   %232 = add nsw i32 %231, %228
(2.50 ns) --- (7.49 ns) ---   %236 = add nsw i32 %235, %232
(2.50 ns) --- (9.98 ns) ---   %240 = add nsw i32 %239, %236
(2.50 ns) --- (12.48 ns) ---   %244 = add nsw i32 %243, %240
(2.50 ns) --- (14.98 ns) ---   %248 = add nsw i32 %247, %244
(2.50 ns) --- (17.47 ns) ---   %252 = add nsw i32 %251, %248

-----------------Function: main---------------
-------------------------10---------------------------
-----------------Delay of path:16.97 ns---------------
-----------------State:LEGUP_F_main_BB__58_112-----------------
(2.50 ns) --- (2.50 ns) ---   %108 = add nsw i32 %105, %107
(3.36 ns) --- (5.86 ns) ---   %109 = icmp slt i32 %108, 0
(3.99 ns) --- (9.85 ns) ---   %..i12.i.i = select i1 %109, i32 0, i32 %108
(3.13 ns) --- (12.98 ns) ---   %110 = icmp sgt i32 %..i12.i.i, 18432
(3.99 ns) --- (16.97 ns) ---   %...i13.i.i = select i1 %110, i32 18432, i32 %..i12.i.i
(0.00 ns) --- (16.97 ns) ---   %111 = lshr i32 %...i13.i.i, 6
(0.00 ns) --- (16.97 ns) ---   %112 = and i32 %111, 31


