//----------------------------------------------------------------------------//
// Generated by LegUp High-Level Synthesis Tool Version 4.0 (http://legup.org)
// Compiled: Sun Jun 19 18:41:14 2016
// University of Toronto
// For research and academic purposes only. Commercial use is prohibited.
// Please send bugs to: legup@eecg.toronto.edu
// Date: Tue Apr 25 11:27:45 2017
//----------------------------------------------------------------------------//

-------------------------- Datapath Operation Usage --------------------------

Operation "unknown" x 186 
Operation "bitwise_AND_64" x 1 
Operation "bitwise_OR_32" x 1 
Operation "bitwise_OR_64" x 6 
Operation "bitwise_XOR_32" x 1 
Operation "bitwise_XOR_64" x 1 
Operation "shift_ll_64" x 3 
Operation "shift_rl_32" x 4 
Operation "shift_rl_64" x 1 
Operation "signed_add_32" x 8 
Operation "signed_add_64" x 5 
Operation "signed_comp_eq_32" x 21 
Operation "signed_comp_eq_64" x 7 
Operation "signed_comp_eq_mux_32" x 7 
Operation "signed_comp_eq_mux_64" x 4 
Operation "signed_comp_gt_32" x 2 
Operation "signed_comp_gt_64" x 1 
Operation "signed_comp_lt_32" x 1 
Operation "signed_comp_lt_64" x 1 
Operation "signed_multiply_64" x 4 
Operation "signed_subtract_32" x 3 
Operation "unsigned_comp_gt_32" x 1 
Operation "unsigned_comp_lt_32" x 4 

----------------------------- General Information -----------------------------

Number of declared variables in main: 228
Critical path contains operation: signed_multiply_64

------------------------------ Resource Estimate ------------------------------

Fmax: 112 MHz
Note: Assuming only 87 DSPs available
Warning: These estimates don't account for binding yet!
Logic Elements: 8901
    Combinational: 3894
    Registers: 8823
DSP Elements: 24
