//----------------------------------------------------------------------------//
// Generated by LegUp High-Level Synthesis Tool Version 4.0 (http://legup.org)
// Compiled: Sun Jun 19 18:41:14 2016
// University of Toronto
// For research and academic purposes only. Commercial use is prohibited.
// Please send bugs to: legup@eecg.toronto.edu
// Date: Sat Apr 22 12:02:16 2017
//----------------------------------------------------------------------------//

-------------------------- Datapath Operation Usage --------------------------

Operation "unknown" x 328 
Operation "bitwise_OR_32" x 9 
Operation "bitwise_XOR_32" x 51 
Operation "bitwise_XOR_8" x 1 
Operation "signed_add_32" x 41 
Operation "signed_comp_eq_32" x 9 
Operation "signed_comp_eq_8" x 1 

----------------------------- General Information -----------------------------

Number of declared variables in main: 522
Critical path contains operation: signed_add_32

------------------------------ Resource Estimate ------------------------------

Fmax: 400 MHz
Note: Assuming only 87 DSPs available
Warning: These estimates don't account for binding yet!
Logic Elements: 13344
    Combinational: 3370
    Registers: 15694
DSP Elements: 0
