//----------------------------------------------------------------------------//
// Generated by LegUp High-Level Synthesis Tool Version 4.0 (http://legup.org)
// Compiled: Sun Jun 19 18:41:14 2016
// University of Toronto
// For research and academic purposes only. Commercial use is prohibited.
// Please send bugs to: legup@eecg.toronto.edu
// Date: Sat Apr 22 12:02:16 2017
//----------------------------------------------------------------------------//

-----------------Function: main---------------
-------------------------1---------------------------
-----------------Delay of path:20.00 ns---------------
-----------------State:LEGUP_F_main_BB__7_20-----------------
(20.00 ns) --- (20.00 ns) ---   %d.4.i.i = select i1 %29, i8* %25, i8* %5

-----------------Function: main---------------
-------------------------2---------------------------
-----------------Delay of path:20.00 ns---------------
-----------------State:LEGUP_F_main_BB__7_19-----------------
(20.00 ns) --- (20.00 ns) ---   %29 = icmp ult i8* %25, %6

-----------------Function: main---------------
-------------------------3---------------------------
-----------------Delay of path:20.00 ns---------------
-----------------State:LEGUP_F_main_BB__7_18-----------------
(20.00 ns) --- (20.00 ns) ---   %.data1.i.i = select i1 %23, i8* %19, i8* %5
(0.00 ns) --- (20.00 ns) ---   %26 = load i8* %.data1.i.i, align 1, !tbaa !1

-----------------Function: main---------------
-------------------------4---------------------------
-----------------Delay of path:20.00 ns---------------
-----------------State:LEGUP_F_main_BB__7_17-----------------
(20.00 ns) --- (20.00 ns) ---   %23 = icmp ult i8* %19, %6

-----------------Function: main---------------
-------------------------5---------------------------
-----------------Delay of path:20.00 ns---------------
-----------------State:LEGUP_F_main_BB__7_16-----------------
(20.00 ns) --- (20.00 ns) ---   %d.2.i.i = select i1 %17, i8* %13, i8* %5
(0.00 ns) --- (20.00 ns) ---   %20 = load i8* %d.2.i.i, align 1, !tbaa !1

-----------------Function: main---------------
-------------------------6---------------------------
-----------------Delay of path:20.00 ns---------------
-----------------State:LEGUP_F_main_BB__7_15-----------------
(20.00 ns) --- (20.00 ns) ---   %17 = icmp ult i8* %13, %6

-----------------Function: main---------------
-------------------------7---------------------------
-----------------Delay of path:20.00 ns---------------
-----------------State:LEGUP_F_main_BB__7_14-----------------
(20.00 ns) --- (20.00 ns) ---   %.data.i.i = select i1 %11, i8* %8, i8* %5
(0.00 ns) --- (20.00 ns) ---   %14 = load i8* %.data.i.i, align 1, !tbaa !1

-----------------Function: BF_encrypt---------------
-------------------------8---------------------------
-----------------Delay of path:5.22 ns---------------
-----------------State:LEGUP_F_BF_encrypt_BB__0_50-----------------
(0.91 ns) --- (0.91 ns) ---   %229 = xor i32 %223, %228
(2.50 ns) --- (3.40 ns) ---   %234 = add i32 %229, %233
(0.91 ns) --- (4.31 ns) ---   %235 = xor i32 %214, %234
(0.91 ns) --- (5.22 ns) ---   %260 = xor i32 %259, %235

-----------------Function: BF_encrypt---------------
-------------------------9---------------------------
-----------------Delay of path:5.22 ns---------------
-----------------State:LEGUP_F_BF_encrypt_BB__0_46-----------------
(0.91 ns) --- (0.91 ns) ---   %206 = xor i32 %200, %205
(2.50 ns) --- (3.40 ns) ---   %211 = add i32 %206, %210
(0.91 ns) --- (4.31 ns) ---   %212 = xor i32 %191, %211
(0.91 ns) --- (5.22 ns) ---   %237 = xor i32 %236, %212

-----------------Function: BF_encrypt---------------
-------------------------10---------------------------
-----------------Delay of path:5.22 ns---------------
-----------------State:LEGUP_F_BF_encrypt_BB__0_42-----------------
(0.91 ns) --- (0.91 ns) ---   %183 = xor i32 %177, %182
(2.50 ns) --- (3.40 ns) ---   %188 = add i32 %183, %187
(0.91 ns) --- (4.31 ns) ---   %189 = xor i32 %168, %188
(0.91 ns) --- (5.22 ns) ---   %214 = xor i32 %213, %189


