//----------------------------------------------------------------------------//
// Generated by LegUp High-Level Synthesis Tool Version 4.0 (http://legup.org)
// Compiled: Sun Jun 19 18:41:14 2016
// University of Toronto
// For research and academic purposes only. Commercial use is prohibited.
// Please send bugs to: legup@eecg.toronto.edu
// Date: Sat Apr 22 12:02:16 2017
//----------------------------------------------------------------------------//

-----------------Function: BF_encrypt---------------
-------------------------1---------------------------
-----------------Delay of path:5.22 ns---------------
-----------------State:LEGUP_F_BF_encrypt_BB__0_14-----------------
(0.91 ns) --- (0.91 ns) ---   %22 = xor i32 %16, %21
(2.50 ns) --- (3.40 ns) ---   %27 = add i32 %22, %26
(0.91 ns) --- (4.31 ns) ---   %28 = xor i32 %7, %27
(0.91 ns) --- (5.22 ns) ---   %53 = xor i32 %52, %28

-----------------Function: BF_encrypt---------------
-------------------------2---------------------------
-----------------Delay of path:5.22 ns---------------
-----------------State:LEGUP_F_BF_encrypt_BB__0_18-----------------
(0.91 ns) --- (0.91 ns) ---   %45 = xor i32 %39, %44
(2.50 ns) --- (3.40 ns) ---   %50 = add i32 %45, %49
(0.91 ns) --- (4.31 ns) ---   %51 = xor i32 %30, %50
(0.91 ns) --- (5.22 ns) ---   %76 = xor i32 %75, %51

-----------------Function: BF_encrypt---------------
-------------------------3---------------------------
-----------------Delay of path:5.22 ns---------------
-----------------State:LEGUP_F_BF_encrypt_BB__0_22-----------------
(0.91 ns) --- (0.91 ns) ---   %68 = xor i32 %62, %67
(2.50 ns) --- (3.40 ns) ---   %73 = add i32 %68, %72
(0.91 ns) --- (4.31 ns) ---   %74 = xor i32 %53, %73
(0.91 ns) --- (5.22 ns) ---   %99 = xor i32 %98, %74

-----------------Function: BF_encrypt---------------
-------------------------4---------------------------
-----------------Delay of path:5.22 ns---------------
-----------------State:LEGUP_F_BF_encrypt_BB__0_26-----------------
(0.91 ns) --- (0.91 ns) ---   %91 = xor i32 %85, %90
(2.50 ns) --- (3.40 ns) ---   %96 = add i32 %91, %95
(0.91 ns) --- (4.31 ns) ---   %97 = xor i32 %76, %96
(0.91 ns) --- (5.22 ns) ---   %122 = xor i32 %121, %97

-----------------Function: BF_encrypt---------------
-------------------------5---------------------------
-----------------Delay of path:5.22 ns---------------
-----------------State:LEGUP_F_BF_encrypt_BB__0_30-----------------
(0.91 ns) --- (0.91 ns) ---   %114 = xor i32 %108, %113
(2.50 ns) --- (3.40 ns) ---   %119 = add i32 %114, %118
(0.91 ns) --- (4.31 ns) ---   %120 = xor i32 %99, %119
(0.91 ns) --- (5.22 ns) ---   %145 = xor i32 %144, %120

-----------------Function: BF_encrypt---------------
-------------------------6---------------------------
-----------------Delay of path:5.22 ns---------------
-----------------State:LEGUP_F_BF_encrypt_BB__0_34-----------------
(0.91 ns) --- (0.91 ns) ---   %137 = xor i32 %131, %136
(2.50 ns) --- (3.40 ns) ---   %142 = add i32 %137, %141
(0.91 ns) --- (4.31 ns) ---   %143 = xor i32 %122, %142
(0.91 ns) --- (5.22 ns) ---   %168 = xor i32 %167, %143

-----------------Function: BF_encrypt---------------
-------------------------7---------------------------
-----------------Delay of path:5.22 ns---------------
-----------------State:LEGUP_F_BF_encrypt_BB__0_38-----------------
(0.91 ns) --- (0.91 ns) ---   %160 = xor i32 %154, %159
(2.50 ns) --- (3.40 ns) ---   %165 = add i32 %160, %164
(0.91 ns) --- (4.31 ns) ---   %166 = xor i32 %145, %165
(0.91 ns) --- (5.22 ns) ---   %191 = xor i32 %190, %166

-----------------Function: BF_encrypt---------------
-------------------------8---------------------------
-----------------Delay of path:5.22 ns---------------
-----------------State:LEGUP_F_BF_encrypt_BB__0_42-----------------
(0.91 ns) --- (0.91 ns) ---   %183 = xor i32 %177, %182
(2.50 ns) --- (3.40 ns) ---   %188 = add i32 %183, %187
(0.91 ns) --- (4.31 ns) ---   %189 = xor i32 %168, %188
(0.91 ns) --- (5.22 ns) ---   %214 = xor i32 %213, %189

-----------------Function: BF_encrypt---------------
-------------------------9---------------------------
-----------------Delay of path:5.22 ns---------------
-----------------State:LEGUP_F_BF_encrypt_BB__0_46-----------------
(0.91 ns) --- (0.91 ns) ---   %206 = xor i32 %200, %205
(2.50 ns) --- (3.40 ns) ---   %211 = add i32 %206, %210
(0.91 ns) --- (4.31 ns) ---   %212 = xor i32 %191, %211
(0.91 ns) --- (5.22 ns) ---   %237 = xor i32 %236, %212

-----------------Function: BF_encrypt---------------
-------------------------10---------------------------
-----------------Delay of path:5.22 ns---------------
-----------------State:LEGUP_F_BF_encrypt_BB__0_50-----------------
(0.91 ns) --- (0.91 ns) ---   %229 = xor i32 %223, %228
(2.50 ns) --- (3.40 ns) ---   %234 = add i32 %229, %233
(0.91 ns) --- (4.31 ns) ---   %235 = xor i32 %214, %234
(0.91 ns) --- (5.22 ns) ---   %260 = xor i32 %259, %235


-----------------Function: main---------------
-------------------------1---------------------------
-----------------Delay of path:20.00 ns---------------
-----------------State:LEGUP_F_main_BB__7_14-----------------
(20.00 ns) --- (20.00 ns) ---   %.data.i.i = select i1 %11, i8* %8, i8* %5
(0.00 ns) --- (20.00 ns) ---   %14 = load i8* %.data.i.i, align 1, !tbaa !1

-----------------Function: main---------------
-------------------------2---------------------------
-----------------Delay of path:20.00 ns---------------
-----------------State:LEGUP_F_main_BB__7_15-----------------
(20.00 ns) --- (20.00 ns) ---   %17 = icmp ult i8* %13, %6

-----------------Function: main---------------
-------------------------3---------------------------
-----------------Delay of path:20.00 ns---------------
-----------------State:LEGUP_F_main_BB__7_16-----------------
(20.00 ns) --- (20.00 ns) ---   %d.2.i.i = select i1 %17, i8* %13, i8* %5
(0.00 ns) --- (20.00 ns) ---   %20 = load i8* %d.2.i.i, align 1, !tbaa !1

-----------------Function: main---------------
-------------------------4---------------------------
-----------------Delay of path:20.00 ns---------------
-----------------State:LEGUP_F_main_BB__7_17-----------------
(20.00 ns) --- (20.00 ns) ---   %23 = icmp ult i8* %19, %6

-----------------Function: main---------------
-------------------------5---------------------------
-----------------Delay of path:20.00 ns---------------
-----------------State:LEGUP_F_main_BB__7_18-----------------
(20.00 ns) --- (20.00 ns) ---   %.data1.i.i = select i1 %23, i8* %19, i8* %5
(0.00 ns) --- (20.00 ns) ---   %26 = load i8* %.data1.i.i, align 1, !tbaa !1

-----------------Function: main---------------
-------------------------6---------------------------
-----------------Delay of path:20.00 ns---------------
-----------------State:LEGUP_F_main_BB__7_19-----------------
(20.00 ns) --- (20.00 ns) ---   %29 = icmp ult i8* %25, %6

-----------------Function: main---------------
-------------------------7---------------------------
-----------------Delay of path:20.00 ns---------------
-----------------State:LEGUP_F_main_BB__7_20-----------------
(20.00 ns) --- (20.00 ns) ---   %d.4.i.i = select i1 %29, i8* %25, i8* %5

-----------------Function: main---------------
-------------------------8---------------------------
-----------------Delay of path:5.21 ns---------------
-----------------State:LEGUP_F_main_BB_BF_cfb64_encryptexiti_54-----------------
(0.92 ns) --- (0.92 ns) ---   %102 = xor i8 %101, %53
(1.79 ns) --- (2.72 ns) ---   %106 = icmp eq i8 %102, %105
(0.00 ns) --- (2.72 ns) ---   %107 = zext i1 %106 to i32
(2.50 ns) --- (5.21 ns) ---   %108 = add nsw i32 %107, %check.05.i

-----------------Function: main---------------
-------------------------9---------------------------
-----------------Delay of path:4.99 ns---------------
-----------------State:LEGUP_F_main_BB__1_2-----------------
(0.00 ns) --- (0.00 ns) ---   %i.07.i = phi i32 [ 0, %0 ], [ %2, %1 ]
(2.50 ns) --- (2.50 ns) ---   %2 = add nsw i32 %i.07.i, 1
(2.49 ns) --- (4.99 ns) ---   %exitcond22 = icmp eq i32 %2, 8
(0.00 ns) --- (4.99 ns) ---   br i1 %exitcond22, label %.lr.ph.i.i.i.preheader, label %1

-----------------Function: main---------------
-------------------------10---------------------------
-----------------Delay of path:4.99 ns---------------
-----------------State:LEGUP_F_main_BB_lrphiii_5-----------------
(0.00 ns) --- (0.00 ns) ---   %indvar17 = phi i32 [ 0, %.lr.ph.i.i.i.preheader ], [ %indvar.next18, %.lr.ph.i.i.i ]
(2.50 ns) --- (2.50 ns) ---   %indvar.next18 = add i32 %indvar17, 1
(2.49 ns) --- (4.99 ns) ---   %exitcond19 = icmp eq i32 %indvar.next18, 18
(0.00 ns) --- (4.99 ns) ---   br i1 %exitcond19, label %.lr.ph.i4.i.i.preheader, label %.lr.ph.i.i.i


